
[2016-05-03 09:23:18,984] INFO: Run for all...
[2016-05-03 09:23:18,984] INFO: Run for all...
[2016-05-03 09:23:19,068] INFO: (166693, 2)
[2016-05-03 09:23:19,068] INFO: (166693, 2)
[2016-05-03 09:23:19,068] INFO: (166693,)
[2016-05-03 09:23:19,068] INFO: (166693,)
[2016-05-03 09:23:19,069] INFO: Combine   1/300 feat: [Feat@basic20160313]_[Learner@reg_skl_adaboost]_[Id@17] (1D)
[2016-05-03 09:23:19,069] INFO: Combine   1/300 feat: [Feat@basic20160313]_[Learner@reg_skl_adaboost]_[Id@17] (1D)
[2016-05-03 09:23:19,150] INFO: (166693, 3)
[2016-05-03 09:23:19,150] INFO: (166693, 3)
[2016-05-03 09:23:19,150] INFO: (166693,)
[2016-05-03 09:23:19,150] INFO: (166693,)
[2016-05-03 09:23:19,151] INFO: Combine   2/300 feat: [Feat@basic20160313]_[Learner@reg_skl_adaboost]_[Id@19] (1D)
[2016-05-03 09:23:19,151] INFO: Combine   2/300 feat: [Feat@basic20160313]_[Learner@reg_skl_adaboost]_[Id@19] (1D)
[2016-05-03 09:23:19,230] INFO: (166693, 4)
[2016-05-03 09:23:19,230] INFO: (166693, 4)
[2016-05-03 09:23:19,231] INFO: (166693,)
[2016-05-03 09:23:19,231] INFO: (166693,)
[2016-05-03 09:23:19,232] INFO: Combine   3/300 feat: [Feat@basic20160313]_[Learner@reg_skl_adaboost]_[Id@1] (1D)
[2016-05-03 09:23:19,232] INFO: Combine   3/300 feat: [Feat@basic20160313]_[Learner@reg_skl_adaboost]_[Id@1] (1D)
[2016-05-03 09:23:19,311] INFO: (166693, 5)
[2016-05-03 09:23:19,311] INFO: (166693, 5)
[2016-05-03 09:23:19,311] INFO: (166693,)
[2016-05-03 09:23:19,311] INFO: (166693,)
[2016-05-03 09:23:19,312] INFO: Combine   4/300 feat: [Feat@basic20160313]_[Learner@reg_skl_adaboost]_[Id@20] (1D)
[2016-05-03 09:23:19,312] INFO: Combine   4/300 feat: [Feat@basic20160313]_[Learner@reg_skl_adaboost]_[Id@20] (1D)
[2016-05-03 09:23:19,391] INFO: (166693, 6)
[2016-05-03 09:23:19,391] INFO: (166693, 6)
[2016-05-03 09:23:19,391] INFO: (166693,)
[2016-05-03 09:23:19,391] INFO: (166693,)
[2016-05-03 09:23:19,392] INFO: Combine   5/300 feat: [Feat@basic20160313]_[Learner@reg_skl_adaboost]_[Id@21] (1D)
[2016-05-03 09:23:19,392] INFO: Combine   5/300 feat: [Feat@basic20160313]_[Learner@reg_skl_adaboost]_[Id@21] (1D)
[2016-05-03 09:23:19,471] INFO: (166693, 7)
[2016-05-03 09:23:19,471] INFO: (166693, 7)
[2016-05-03 09:23:19,471] INFO: (166693,)
[2016-05-03 09:23:19,471] INFO: (166693,)
[2016-05-03 09:23:19,472] INFO: Combine   6/300 feat: [Feat@basic20160313]_[Learner@reg_skl_adaboost]_[Id@22] (1D)
[2016-05-03 09:23:19,472] INFO: Combine   6/300 feat: [Feat@basic20160313]_[Learner@reg_skl_adaboost]_[Id@22] (1D)
[2016-05-03 09:23:19,552] INFO: (166693, 8)
[2016-05-03 09:23:19,552] INFO: (166693, 8)
[2016-05-03 09:23:19,552] INFO: (166693,)
[2016-05-03 09:23:19,552] INFO: (166693,)
[2016-05-03 09:23:19,553] INFO: Combine   7/300 feat: [Feat@basic20160313]_[Learner@reg_skl_adaboost]_[Id@23] (1D)
[2016-05-03 09:23:19,553] INFO: Combine   7/300 feat: [Feat@basic20160313]_[Learner@reg_skl_adaboost]_[Id@23] (1D)
[2016-05-03 09:23:19,634] INFO: (166693, 9)
[2016-05-03 09:23:19,634] INFO: (166693, 9)
[2016-05-03 09:23:19,634] INFO: (166693,)
[2016-05-03 09:23:19,634] INFO: (166693,)
[2016-05-03 09:23:19,635] INFO: Combine   8/300 feat: [Feat@basic20160313]_[Learner@reg_skl_adaboost]_[Id@4] (1D)
[2016-05-03 09:23:19,635] INFO: Combine   8/300 feat: [Feat@basic20160313]_[Learner@reg_skl_adaboost]_[Id@4] (1D)
[2016-05-03 09:23:19,720] INFO: (166693, 10)
[2016-05-03 09:23:19,720] INFO: (166693, 10)
[2016-05-03 09:23:19,720] INFO: (166693,)
[2016-05-03 09:23:19,720] INFO: (166693,)
[2016-05-03 09:23:19,722] INFO: Combine   9/300 feat: [Feat@basic20160313]_[Learner@reg_skl_adaboost]_[Id@7] (1D)
[2016-05-03 09:23:19,722] INFO: Combine   9/300 feat: [Feat@basic20160313]_[Learner@reg_skl_adaboost]_[Id@7] (1D)
[2016-05-03 09:23:19,847] INFO: (166693, 11)
[2016-05-03 09:23:19,847] INFO: (166693, 11)
[2016-05-03 09:23:19,862] INFO: (166693,)
[2016-05-03 09:23:19,862] INFO: (166693,)
[2016-05-03 09:23:19,863] INFO: Combine  10/300 feat: [Feat@basic20160313]_[Learner@reg_skl_adaboost]_[Id@9] (1D)
[2016-05-03 09:23:19,863] INFO: Combine  10/300 feat: [Feat@basic20160313]_[Learner@reg_skl_adaboost]_[Id@9] (1D)
[2016-05-03 09:23:19,946] INFO: (166693, 12)
[2016-05-03 09:23:19,946] INFO: (166693, 12)
[2016-05-03 09:23:19,946] INFO: (166693,)
[2016-05-03 09:23:19,946] INFO: (166693,)
[2016-05-03 09:23:19,947] INFO: Combine  11/300 feat: [Feat@basic20160313]_[Learner@reg_skl_gbm]_[Id@10] (1D)
[2016-05-03 09:23:19,947] INFO: Combine  11/300 feat: [Feat@basic20160313]_[Learner@reg_skl_gbm]_[Id@10] (1D)
[2016-05-03 09:23:20,027] INFO: (166693, 13)
[2016-05-03 09:23:20,027] INFO: (166693, 13)
[2016-05-03 09:23:20,027] INFO: (166693,)
[2016-05-03 09:23:20,027] INFO: (166693,)
[2016-05-03 09:23:20,028] INFO: Combine  12/300 feat: [Feat@basic20160313]_[Learner@reg_skl_gbm]_[Id@12] (1D)
[2016-05-03 09:23:20,028] INFO: Combine  12/300 feat: [Feat@basic20160313]_[Learner@reg_skl_gbm]_[Id@12] (1D)
[2016-05-03 09:23:20,109] INFO: (166693, 14)
[2016-05-03 09:23:20,109] INFO: (166693, 14)
[2016-05-03 09:23:20,109] INFO: (166693,)
[2016-05-03 09:23:20,109] INFO: (166693,)
[2016-05-03 09:23:20,110] INFO: Combine  13/300 feat: [Feat@basic20160313]_[Learner@reg_skl_gbm]_[Id@13] (1D)
[2016-05-03 09:23:20,110] INFO: Combine  13/300 feat: [Feat@basic20160313]_[Learner@reg_skl_gbm]_[Id@13] (1D)
[2016-05-03 09:23:20,195] INFO: (166693, 15)
[2016-05-03 09:23:20,195] INFO: (166693, 15)
[2016-05-03 09:23:20,196] INFO: (166693,)
[2016-05-03 09:23:20,196] INFO: (166693,)
[2016-05-03 09:23:20,197] INFO: Combine  14/300 feat: [Feat@basic20160313]_[Learner@reg_skl_gbm]_[Id@14] (1D)
[2016-05-03 09:23:20,197] INFO: Combine  14/300 feat: [Feat@basic20160313]_[Learner@reg_skl_gbm]_[Id@14] (1D)
[2016-05-03 09:23:20,322] INFO: (166693, 16)
[2016-05-03 09:23:20,322] INFO: (166693, 16)
[2016-05-03 09:23:20,322] INFO: (166693,)
[2016-05-03 09:23:20,322] INFO: (166693,)
[2016-05-03 09:23:20,324] INFO: Combine  15/300 feat: [Feat@basic20160313]_[Learner@reg_skl_gbm]_[Id@18] (1D)
[2016-05-03 09:23:20,324] INFO: Combine  15/300 feat: [Feat@basic20160313]_[Learner@reg_skl_gbm]_[Id@18] (1D)
[2016-05-03 09:23:20,412] INFO: (166693, 17)
[2016-05-03 09:23:20,412] INFO: (166693, 17)
[2016-05-03 09:23:20,413] INFO: (166693,)
[2016-05-03 09:23:20,413] INFO: (166693,)
[2016-05-03 09:23:20,414] INFO: Combine  16/300 feat: [Feat@basic20160313]_[Learner@reg_skl_gbm]_[Id@19] (1D)
[2016-05-03 09:23:20,414] INFO: Combine  16/300 feat: [Feat@basic20160313]_[Learner@reg_skl_gbm]_[Id@19] (1D)
[2016-05-03 09:23:20,493] INFO: (166693, 18)
[2016-05-03 09:23:20,493] INFO: (166693, 18)
[2016-05-03 09:23:20,493] INFO: (166693,)
[2016-05-03 09:23:20,493] INFO: (166693,)
[2016-05-03 09:23:20,494] INFO: Combine  17/300 feat: [Feat@basic20160313]_[Learner@reg_skl_gbm]_[Id@20] (1D)
[2016-05-03 09:23:20,494] INFO: Combine  17/300 feat: [Feat@basic20160313]_[Learner@reg_skl_gbm]_[Id@20] (1D)
[2016-05-03 09:23:20,574] INFO: (166693, 19)
[2016-05-03 09:23:20,574] INFO: (166693, 19)
[2016-05-03 09:23:20,575] INFO: (166693,)
[2016-05-03 09:23:20,575] INFO: (166693,)
[2016-05-03 09:23:20,576] INFO: Combine  18/300 feat: [Feat@basic20160313]_[Learner@reg_skl_gbm]_[Id@4] (1D)
[2016-05-03 09:23:20,576] INFO: Combine  18/300 feat: [Feat@basic20160313]_[Learner@reg_skl_gbm]_[Id@4] (1D)
[2016-05-03 09:23:20,657] INFO: (166693, 20)
[2016-05-03 09:23:20,657] INFO: (166693, 20)
[2016-05-03 09:23:20,657] INFO: (166693,)
[2016-05-03 09:23:20,657] INFO: (166693,)
[2016-05-03 09:23:20,659] INFO: Combine  19/300 feat: [Feat@basic20160313]_[Learner@reg_skl_gbm]_[Id@6] (1D)
[2016-05-03 09:23:20,659] INFO: Combine  19/300 feat: [Feat@basic20160313]_[Learner@reg_skl_gbm]_[Id@6] (1D)
[2016-05-03 09:23:20,771] INFO: (166693, 21)
[2016-05-03 09:23:20,771] INFO: (166693, 21)
[2016-05-03 09:23:20,772] INFO: (166693,)
[2016-05-03 09:23:20,772] INFO: (166693,)
[2016-05-03 09:23:20,773] INFO: Combine  20/300 feat: [Feat@basic20160313]_[Learner@reg_skl_gbm]_[Id@7] (1D)
[2016-05-03 09:23:20,773] INFO: Combine  20/300 feat: [Feat@basic20160313]_[Learner@reg_skl_gbm]_[Id@7] (1D)
[2016-05-03 09:23:20,879] INFO: (166693, 22)
[2016-05-03 09:23:20,879] INFO: (166693, 22)
[2016-05-03 09:23:20,879] INFO: (166693,)
[2016-05-03 09:23:20,879] INFO: (166693,)
[2016-05-03 09:23:20,880] INFO: Combine  21/300 feat: [Feat@basic20160313]_[Learner@reg_skl_lasso]_[Id@100] (1D)
[2016-05-03 09:23:20,880] INFO: Combine  21/300 feat: [Feat@basic20160313]_[Learner@reg_skl_lasso]_[Id@100] (1D)
[2016-05-03 09:23:20,960] INFO: (166693, 23)
[2016-05-03 09:23:20,960] INFO: (166693, 23)
[2016-05-03 09:23:20,960] INFO: (166693,)
[2016-05-03 09:23:20,960] INFO: (166693,)
[2016-05-03 09:23:20,961] INFO: Combine  22/300 feat: [Feat@basic20160313]_[Learner@reg_skl_lasso]_[Id@22] (1D)
[2016-05-03 09:23:20,961] INFO: Combine  22/300 feat: [Feat@basic20160313]_[Learner@reg_skl_lasso]_[Id@22] (1D)
[2016-05-03 09:23:21,041] INFO: (166693, 24)
[2016-05-03 09:23:21,041] INFO: (166693, 24)
[2016-05-03 09:23:21,042] INFO: (166693,)
[2016-05-03 09:23:21,042] INFO: (166693,)
[2016-05-03 09:23:21,043] INFO: Combine  23/300 feat: [Feat@basic20160313]_[Learner@reg_skl_lasso]_[Id@26] (1D)
[2016-05-03 09:23:21,043] INFO: Combine  23/300 feat: [Feat@basic20160313]_[Learner@reg_skl_lasso]_[Id@26] (1D)
[2016-05-03 09:23:21,124] INFO: (166693, 25)
[2016-05-03 09:23:21,124] INFO: (166693, 25)
[2016-05-03 09:23:21,125] INFO: (166693,)
[2016-05-03 09:23:21,125] INFO: (166693,)
[2016-05-03 09:23:21,126] INFO: Combine  24/300 feat: [Feat@basic20160313]_[Learner@reg_skl_lasso]_[Id@27] (1D)
[2016-05-03 09:23:21,126] INFO: Combine  24/300 feat: [Feat@basic20160313]_[Learner@reg_skl_lasso]_[Id@27] (1D)
[2016-05-03 09:23:21,242] INFO: (166693, 26)
[2016-05-03 09:23:21,242] INFO: (166693, 26)
[2016-05-03 09:23:21,242] INFO: (166693,)
[2016-05-03 09:23:21,242] INFO: (166693,)
[2016-05-03 09:23:21,244] INFO: Combine  25/300 feat: [Feat@basic20160313]_[Learner@reg_skl_lasso]_[Id@35] (1D)
[2016-05-03 09:23:21,244] INFO: Combine  25/300 feat: [Feat@basic20160313]_[Learner@reg_skl_lasso]_[Id@35] (1D)
[2016-05-03 09:23:21,347] INFO: (166693, 27)
[2016-05-03 09:23:21,347] INFO: (166693, 27)
[2016-05-03 09:23:21,347] INFO: (166693,)
[2016-05-03 09:23:21,347] INFO: (166693,)
[2016-05-03 09:23:21,348] INFO: Combine  26/300 feat: [Feat@basic20160313]_[Learner@reg_skl_lasso]_[Id@64] (1D)
[2016-05-03 09:23:21,348] INFO: Combine  26/300 feat: [Feat@basic20160313]_[Learner@reg_skl_lasso]_[Id@64] (1D)
[2016-05-03 09:23:21,437] INFO: (166693, 28)
[2016-05-03 09:23:21,437] INFO: (166693, 28)
[2016-05-03 09:23:21,437] INFO: (166693,)
[2016-05-03 09:23:21,437] INFO: (166693,)
[2016-05-03 09:23:21,438] INFO: Combine  27/300 feat: [Feat@basic20160313]_[Learner@reg_skl_lasso]_[Id@66] (1D)
[2016-05-03 09:23:21,438] INFO: Combine  27/300 feat: [Feat@basic20160313]_[Learner@reg_skl_lasso]_[Id@66] (1D)
[2016-05-03 09:23:21,518] INFO: (166693, 29)
[2016-05-03 09:23:21,518] INFO: (166693, 29)
[2016-05-03 09:23:21,518] INFO: (166693,)
[2016-05-03 09:23:21,518] INFO: (166693,)
[2016-05-03 09:23:21,520] INFO: Combine  28/300 feat: [Feat@basic20160313]_[Learner@reg_skl_lasso]_[Id@68] (1D)
[2016-05-03 09:23:21,520] INFO: Combine  28/300 feat: [Feat@basic20160313]_[Learner@reg_skl_lasso]_[Id@68] (1D)
[2016-05-03 09:23:21,600] INFO: (166693, 30)
[2016-05-03 09:23:21,600] INFO: (166693, 30)
[2016-05-03 09:23:21,600] INFO: (166693,)
[2016-05-03 09:23:21,600] INFO: (166693,)
[2016-05-03 09:23:21,602] INFO: Combine  29/300 feat: [Feat@basic20160313]_[Learner@reg_skl_lasso]_[Id@75] (1D)
[2016-05-03 09:23:21,602] INFO: Combine  29/300 feat: [Feat@basic20160313]_[Learner@reg_skl_lasso]_[Id@75] (1D)
[2016-05-03 09:23:21,728] INFO: (166693, 31)
[2016-05-03 09:23:21,728] INFO: (166693, 31)
[2016-05-03 09:23:21,728] INFO: (166693,)
[2016-05-03 09:23:21,728] INFO: (166693,)
[2016-05-03 09:23:21,730] INFO: Combine  30/300 feat: [Feat@basic20160313]_[Learner@reg_skl_lasso]_[Id@88] (1D)
[2016-05-03 09:23:21,730] INFO: Combine  30/300 feat: [Feat@basic20160313]_[Learner@reg_skl_lasso]_[Id@88] (1D)
[2016-05-03 09:23:21,833] INFO: (166693, 32)
[2016-05-03 09:23:21,833] INFO: (166693, 32)
[2016-05-03 09:23:21,833] INFO: (166693,)
[2016-05-03 09:23:21,833] INFO: (166693,)
[2016-05-03 09:23:21,834] INFO: Combine  31/300 feat: [Feat@basic20160313]_[Learner@reg_skl_lsvr]_[Id@31] (1D)
[2016-05-03 09:23:21,834] INFO: Combine  31/300 feat: [Feat@basic20160313]_[Learner@reg_skl_lsvr]_[Id@31] (1D)
[2016-05-03 09:23:21,913] INFO: (166693, 33)
[2016-05-03 09:23:21,913] INFO: (166693, 33)
[2016-05-03 09:23:21,913] INFO: (166693,)
[2016-05-03 09:23:21,913] INFO: (166693,)
[2016-05-03 09:23:21,914] INFO: Combine  32/300 feat: [Feat@basic20160313]_[Learner@reg_skl_lsvr]_[Id@34] (1D)
[2016-05-03 09:23:21,914] INFO: Combine  32/300 feat: [Feat@basic20160313]_[Learner@reg_skl_lsvr]_[Id@34] (1D)
[2016-05-03 09:23:21,994] INFO: (166693, 34)
[2016-05-03 09:23:21,994] INFO: (166693, 34)
[2016-05-03 09:23:21,995] INFO: (166693,)
[2016-05-03 09:23:21,995] INFO: (166693,)
[2016-05-03 09:23:21,996] INFO: Combine  33/300 feat: [Feat@basic20160313]_[Learner@reg_skl_lsvr]_[Id@35] (1D)
[2016-05-03 09:23:21,996] INFO: Combine  33/300 feat: [Feat@basic20160313]_[Learner@reg_skl_lsvr]_[Id@35] (1D)
[2016-05-03 09:23:22,077] INFO: (166693, 35)
[2016-05-03 09:23:22,077] INFO: (166693, 35)
[2016-05-03 09:23:22,077] INFO: (166693,)
[2016-05-03 09:23:22,077] INFO: (166693,)
[2016-05-03 09:23:22,078] INFO: Combine  34/300 feat: [Feat@basic20160313]_[Learner@reg_skl_lsvr]_[Id@41] (1D)
[2016-05-03 09:23:22,078] INFO: Combine  34/300 feat: [Feat@basic20160313]_[Learner@reg_skl_lsvr]_[Id@41] (1D)
[2016-05-03 09:23:22,166] INFO: (166693, 36)
[2016-05-03 09:23:22,166] INFO: (166693, 36)
[2016-05-03 09:23:22,167] INFO: (166693,)
[2016-05-03 09:23:22,167] INFO: (166693,)
[2016-05-03 09:23:22,168] INFO: Combine  35/300 feat: [Feat@basic20160313]_[Learner@reg_skl_lsvr]_[Id@58] (1D)
[2016-05-03 09:23:22,168] INFO: Combine  35/300 feat: [Feat@basic20160313]_[Learner@reg_skl_lsvr]_[Id@58] (1D)
[2016-05-03 09:23:22,294] INFO: (166693, 37)
[2016-05-03 09:23:22,294] INFO: (166693, 37)
[2016-05-03 09:23:22,294] INFO: (166693,)
[2016-05-03 09:23:22,294] INFO: (166693,)
[2016-05-03 09:23:22,296] INFO: Combine  36/300 feat: [Feat@basic20160313]_[Learner@reg_skl_lsvr]_[Id@66] (1D)
[2016-05-03 09:23:22,296] INFO: Combine  36/300 feat: [Feat@basic20160313]_[Learner@reg_skl_lsvr]_[Id@66] (1D)
[2016-05-03 09:23:22,427] INFO: (166693, 38)
[2016-05-03 09:23:22,427] INFO: (166693, 38)
[2016-05-03 09:23:22,428] INFO: (166693,)
[2016-05-03 09:23:22,428] INFO: (166693,)
[2016-05-03 09:23:22,429] INFO: Combine  37/300 feat: [Feat@basic20160313]_[Learner@reg_skl_lsvr]_[Id@68] (1D)
[2016-05-03 09:23:22,429] INFO: Combine  37/300 feat: [Feat@basic20160313]_[Learner@reg_skl_lsvr]_[Id@68] (1D)
[2016-05-03 09:23:22,536] INFO: (166693, 39)
[2016-05-03 09:23:22,536] INFO: (166693, 39)
[2016-05-03 09:23:22,537] INFO: (166693,)
[2016-05-03 09:23:22,537] INFO: (166693,)
[2016-05-03 09:23:22,538] INFO: Combine  38/300 feat: [Feat@basic20160313]_[Learner@reg_skl_lsvr]_[Id@73] (1D)
[2016-05-03 09:23:22,538] INFO: Combine  38/300 feat: [Feat@basic20160313]_[Learner@reg_skl_lsvr]_[Id@73] (1D)
[2016-05-03 09:23:22,619] INFO: (166693, 40)
[2016-05-03 09:23:22,619] INFO: (166693, 40)
[2016-05-03 09:23:22,619] INFO: (166693,)
[2016-05-03 09:23:22,619] INFO: (166693,)
[2016-05-03 09:23:22,621] INFO: Combine  39/300 feat: [Feat@basic20160313]_[Learner@reg_skl_lsvr]_[Id@81] (1D)
[2016-05-03 09:23:22,621] INFO: Combine  39/300 feat: [Feat@basic20160313]_[Learner@reg_skl_lsvr]_[Id@81] (1D)
[2016-05-03 09:23:22,747] INFO: (166693, 41)
[2016-05-03 09:23:22,747] INFO: (166693, 41)
[2016-05-03 09:23:22,747] INFO: (166693,)
[2016-05-03 09:23:22,747] INFO: (166693,)
[2016-05-03 09:23:22,749] INFO: Combine  40/300 feat: [Feat@basic20160313]_[Learner@reg_skl_lsvr]_[Id@85] (1D)
[2016-05-03 09:23:22,749] INFO: Combine  40/300 feat: [Feat@basic20160313]_[Learner@reg_skl_lsvr]_[Id@85] (1D)
[2016-05-03 09:23:22,885] INFO: (166693, 42)
[2016-05-03 09:23:22,885] INFO: (166693, 42)
[2016-05-03 09:23:22,885] INFO: (166693,)
[2016-05-03 09:23:22,885] INFO: (166693,)
[2016-05-03 09:23:22,887] INFO: Combine  41/300 feat: [Feat@basic20160313]_[Learner@reg_skl_ridge]_[Id@21] (1D)
[2016-05-03 09:23:22,887] INFO: Combine  41/300 feat: [Feat@basic20160313]_[Learner@reg_skl_ridge]_[Id@21] (1D)
[2016-05-03 09:23:22,987] INFO: (166693, 43)
[2016-05-03 09:23:22,987] INFO: (166693, 43)
[2016-05-03 09:23:22,987] INFO: (166693,)
[2016-05-03 09:23:22,987] INFO: (166693,)
[2016-05-03 09:23:22,988] INFO: Combine  42/300 feat: [Feat@basic20160313]_[Learner@reg_skl_ridge]_[Id@22] (1D)
[2016-05-03 09:23:22,988] INFO: Combine  42/300 feat: [Feat@basic20160313]_[Learner@reg_skl_ridge]_[Id@22] (1D)
[2016-05-03 09:23:23,078] INFO: (166693, 44)
[2016-05-03 09:23:23,078] INFO: (166693, 44)
[2016-05-03 09:23:23,078] INFO: (166693,)
[2016-05-03 09:23:23,078] INFO: (166693,)
[2016-05-03 09:23:23,080] INFO: Combine  43/300 feat: [Feat@basic20160313]_[Learner@reg_skl_ridge]_[Id@29] (1D)
[2016-05-03 09:23:23,080] INFO: Combine  43/300 feat: [Feat@basic20160313]_[Learner@reg_skl_ridge]_[Id@29] (1D)
[2016-05-03 09:23:23,206] INFO: (166693, 45)
[2016-05-03 09:23:23,206] INFO: (166693, 45)
[2016-05-03 09:23:23,207] INFO: (166693,)
[2016-05-03 09:23:23,207] INFO: (166693,)
[2016-05-03 09:23:23,208] INFO: Combine  44/300 feat: [Feat@basic20160313]_[Learner@reg_skl_ridge]_[Id@37] (1D)
[2016-05-03 09:23:23,208] INFO: Combine  44/300 feat: [Feat@basic20160313]_[Learner@reg_skl_ridge]_[Id@37] (1D)
[2016-05-03 09:23:23,342] INFO: (166693, 46)
[2016-05-03 09:23:23,342] INFO: (166693, 46)
[2016-05-03 09:23:23,342] INFO: (166693,)
[2016-05-03 09:23:23,342] INFO: (166693,)
[2016-05-03 09:23:23,344] INFO: Combine  45/300 feat: [Feat@basic20160313]_[Learner@reg_skl_ridge]_[Id@53] (1D)
[2016-05-03 09:23:23,344] INFO: Combine  45/300 feat: [Feat@basic20160313]_[Learner@reg_skl_ridge]_[Id@53] (1D)
[2016-05-03 09:23:23,430] INFO: (166693, 47)
[2016-05-03 09:23:23,430] INFO: (166693, 47)
[2016-05-03 09:23:23,431] INFO: (166693,)
[2016-05-03 09:23:23,431] INFO: (166693,)
[2016-05-03 09:23:23,432] INFO: Combine  46/300 feat: [Feat@basic20160313]_[Learner@reg_skl_ridge]_[Id@63] (1D)
[2016-05-03 09:23:23,432] INFO: Combine  46/300 feat: [Feat@basic20160313]_[Learner@reg_skl_ridge]_[Id@63] (1D)
[2016-05-03 09:23:23,528] INFO: (166693, 48)
[2016-05-03 09:23:23,528] INFO: (166693, 48)
[2016-05-03 09:23:23,528] INFO: (166693,)
[2016-05-03 09:23:23,528] INFO: (166693,)
[2016-05-03 09:23:23,530] INFO: Combine  47/300 feat: [Feat@basic20160313]_[Learner@reg_skl_ridge]_[Id@66] (1D)
[2016-05-03 09:23:23,530] INFO: Combine  47/300 feat: [Feat@basic20160313]_[Learner@reg_skl_ridge]_[Id@66] (1D)
[2016-05-03 09:23:23,668] INFO: (166693, 49)
[2016-05-03 09:23:23,668] INFO: (166693, 49)
[2016-05-03 09:23:23,669] INFO: (166693,)
[2016-05-03 09:23:23,669] INFO: (166693,)