2016-03-14 09:49 INFO: tpe_transform took 0.015600 seconds
2016-03-14 09:49 INFO: TPE using 0 trials
2016-03-14 09:49 INFO: --------------------------------------------------
2016-03-14 09:49 INFO: Task
2016-03-14 09:49 INFO:       [Feat@basic20160313]_[Learner@reg_xgb_tree]_[Id@1]
2016-03-14 09:49 INFO: Param
2016-03-14 09:49 INFO:       base_score: 2.378273442575
2016-03-14 09:49 INFO:       booster: gbtree
2016-03-14 09:49 INFO:       colsample_bytree: 0.6000000000000001
2016-03-14 09:49 INFO:       gamma: 1.8148818747066844e-10
2016-03-14 09:49 INFO:       learning_rate: 0.022
2016-03-14 09:49 INFO:       max_depth: 2
2016-03-14 09:49 INFO:       min_child_weight: 41.710335797437075
2016-03-14 09:49 INFO:       n_estimators: 470
2016-03-14 09:49 INFO:       nthread: 8
2016-03-14 09:49 INFO:       objective: reg:linear
2016-03-14 09:49 INFO:       reg_alpha: 0.7802370200774409
2016-03-14 09:49 INFO:       reg_lambda: 4.2650071671325916e-08
2016-03-14 09:49 INFO:       seed: 2016
2016-03-14 09:49 INFO:       subsample: 0.15000000000000002
2016-03-14 09:49 INFO: Result
2016-03-14 09:49 INFO:       Run      RMSE        Shape
2016-03-14 09:51 INFO:         1    0.459742    23167 x 894
2016-03-14 09:51 INFO:         2    0.462054    21940 x 894
2016-03-14 09:54 INFO:         3    0.459551    22182 x 894
2016-03-14 09:54 INFO:         4    0.461357    21966 x 894
2016-03-14 09:59 INFO:         5    0.461911    21961 x 894
2016-03-14 09:59 INFO: RMSE
2016-03-14 09:59 INFO:       Mean: 0.460923
2016-03-14 09:59 INFO:       Std: 0.001070
2016-03-14 09:59 INFO: Time
2016-03-14 09:59 INFO:       632.3678801059723
2016-03-14 09:59 INFO: --------------------------------------------------
2016-03-14 10:01 INFO: tpe_transform took 0.000000 seconds
2016-03-14 10:01 INFO: TPE using 1/1 trials with best loss 0.460923
2016-03-14 10:01 INFO: --------------------------------------------------
2016-03-14 10:01 INFO: Task
2016-03-14 10:01 INFO:       [Feat@basic20160313]_[Learner@reg_xgb_tree]_[Id@2]
2016-03-14 10:01 INFO: Param
2016-03-14 10:01 INFO:       base_score: 2.378273442575
2016-03-14 10:01 INFO:       booster: gbtree
2016-03-14 10:01 INFO:       colsample_bytree: 0.35000000000000003
2016-03-14 10:01 INFO:       gamma: 3.271870387317163e-09
2016-03-14 10:01 INFO:       learning_rate: 0.064
2016-03-14 10:01 INFO:       max_depth: 7
2016-03-14 10:01 INFO:       min_child_weight: 2.014288701205681e-10
2016-03-14 10:01 INFO:       n_estimators: 330
2016-03-14 10:01 INFO:       nthread: 8
2016-03-14 10:01 INFO:       objective: reg:linear
2016-03-14 10:01 INFO:       reg_alpha: 0.004897702343033431
2016-03-14 10:01 INFO:       reg_lambda: 4.94578688229619e-07
2016-03-14 10:01 INFO:       seed: 2016
2016-03-14 10:01 INFO:       subsample: 0.30000000000000004
2016-03-14 10:01 INFO: Result
2016-03-14 10:01 INFO:       Run      RMSE        Shape
2016-03-14 10:04 INFO:         1    0.471068    23167 x 894
2016-03-14 10:05 INFO:         2    0.471003    21940 x 894
2016-03-14 10:15 INFO:         3    0.469054    22182 x 894
2016-03-14 10:15 INFO:         4     0.47085    21966 x 894
2016-03-14 10:24 INFO:         5    0.470525    21961 x 894
2016-03-14 10:24 INFO: RMSE
2016-03-14 10:24 INFO:       Mean: 0.470500
2016-03-14 10:24 INFO:       Std: 0.000747
2016-03-14 10:24 INFO: Time
2016-03-14 10:24 INFO:       1393.1134362220764
2016-03-14 10:24 INFO: --------------------------------------------------
2016-03-14 10:27 INFO: tpe_transform took 0.000000 seconds
2016-03-14 10:27 INFO: TPE using 2/2 trials with best loss 0.460923
2016-03-14 10:27 INFO: --------------------------------------------------
2016-03-14 10:27 INFO: Task
2016-03-14 10:27 INFO:       [Feat@basic20160313]_[Learner@reg_xgb_tree]_[Id@3]
2016-03-14 10:27 INFO: Param
2016-03-14 10:27 INFO:       base_score: 2.378273442575
2016-03-14 10:27 INFO:       booster: gbtree
2016-03-14 10:27 INFO:       colsample_bytree: 0.2
2016-03-14 10:27 INFO:       gamma: 0.008794538914101445
2016-03-14 10:27 INFO:       learning_rate: 0.008
2016-03-14 10:27 INFO:       max_depth: 8
2016-03-14 10:27 INFO:       min_child_weight: 0.00046608213426940596
2016-03-14 10:27 INFO:       n_estimators: 860
2016-03-14 10:27 INFO:       nthread: 8
2016-03-14 10:27 INFO:       objective: reg:linear
2016-03-14 10:27 INFO:       reg_alpha: 0.1526675676663958
2016-03-14 10:27 INFO:       reg_lambda: 0.004144658758355784
2016-03-14 10:27 INFO:       seed: 2016
2016-03-14 10:27 INFO:       subsample: 0.9500000000000001
2016-03-14 10:27 INFO: Result
2016-03-14 10:27 INFO:       Run      RMSE        Shape
2016-03-14 10:29 INFO:         1    0.452736    23167 x 894
2016-03-14 10:38 INFO:         2    0.455173    21940 x 894
2016-03-14 10:45 INFO:         3    0.453191    22182 x 894
2016-03-14 12:02 INFO:         4    0.453849    21966 x 894
2016-03-14 12:06 INFO:         5    0.454937    21961 x 894
2016-03-14 12:06 INFO: RMSE
2016-03-14 12:06 INFO:       Mean: 0.453977
2016-03-14 12:06 INFO:       Std: 0.000951
2016-03-14 12:06 INFO: Time
2016-03-14 12:06 INFO:       5973.036958932877
2016-03-14 12:06 INFO: --------------------------------------------------
2016-03-14 12:13 INFO: tpe_transform took 0.004000 seconds
2016-03-14 12:13 I