[2016-04-17 18:41:41,986] INFO: tpe_transform took 0.012781 seconds
[2016-04-17 18:41:41,986] INFO: TPE using 0 trials
[2016-04-17 18:41:42,021] INFO: ==================================================
[2016-04-17 18:41:42,022] INFO: Task
[2016-04-17 18:41:42,022] INFO:       [Feat@basic_nonlinear_201604170111]_[Learner@reg_rgf]_[Id@1]
[2016-04-17 18:41:42,022] INFO: Param
[2016-04-17 18:41:42,022] INFO:       max_leaf_forest: 770
[2016-04-17 18:41:42,022] INFO:       min_pop: 17
[2016-04-17 18:41:42,023] INFO:       num_iteration_opt: 8
[2016-04-17 18:41:42,023] INFO:       num_tree_search: 7
[2016-04-17 18:41:42,023] INFO:       opt_interval: 170
[2016-04-17 18:41:42,023] INFO:       opt_stepsize: 0.2
[2016-04-17 18:41:42,024] INFO:       reg_L2: 1.3797393492727597
[2016-04-17 18:41:42,024] INFO:       reg_sL2: 0.003239018892545952
[2016-04-17 18:41:42,024] INFO: Result
[2016-04-17 18:41:42,024] INFO:       Run      RMSE        Shape
[2016-04-17 20:00:22,955] INFO:         1    0.475254    23167 x 768
[2016-04-17 21:09:25,607] INFO:         2    0.475898    21940 x 768
[2016-04-17 22:25:03,049] INFO:         3     0.47447    22182 x 768
[2016-04-17 23:32:18,920] INFO:         4     0.47311    21966 x 768
[2016-04-18 00:49:00,504] INFO:         5      0.4748    21961 x 768
[2016-04-18 00:49:00,975] INFO: RMSE
[2016-04-18 00:49:00,975] INFO:       Mean: 0.474706
[2016-04-18 00:49:00,975] INFO:       Std: 0.000931
[2016-04-18 00:49:00,976] INFO: Time
[2016-04-18 00:49:00,976] INFO:       367 mins
[2016-04-18 00:49:00,976] INFO: --------------------------------------------------
[2016-04-18 05:20:46,159] INFO: tpe_transform took 0.013729 seconds
[2016-04-18 05:20:46,172] INFO: TPE using 1/1 trials with best loss 0.474706
[2016-04-18 05:20:46,178] INFO: ==================================================
[2016-04-18 05:20:46,178] INFO: Task
[2016-04-18 05:20:46,178] INFO:       [Feat@basic_nonlinear_201604170111]_[Learner@reg_rgf]_[Id@2]
[2016-04-18 05:20:46,178] INFO: Param
[2016-04-18 05:20:46,179] INFO:       max_leaf_forest: 50
[2016-04-18 05:20:46,179] INFO:       min_pop: 19
[2016-04-18 05:20:46,179] INFO:       num_iteration_opt: 8
[2016-04-18 05:20:46,179] INFO:       num_tree_search: 1
[2016-04-18 05:20:46,179] INFO:       opt_interval: 110
[2016-04-18 05:20:46,180] INFO:       opt_stepsize: 0.8
[2016-04-18 05:20:46,180] INFO:       reg_L2: 3.4082168521391396
[2016-04-18 05:20:46,180] INFO:       reg_sL2: 5.080660376752178e-05
[2016-04-18 05:20:46,180] INFO: Result
[2016-04-18 05:20:46,181] INFO:       Run      RMSE        Shape
[2016-04-18 05:23:05,506] INFO:         1     0.50208    23167 x 768
[2016-04-18 05:25:21,785] INFO:         2    0.502057    21940 x 768
[2016-04-18 05:27:39,674] INFO:         3    0.500713    22182 x 768
[2016-04-18 05:29:56,991] INFO:         4    0.505022    21966 x 768
[2016-04-18 05:31:50,178] INFO:         5    0.504908    21961 x 768
[2016-04-18 05:31:50,618] INFO: RMSE
[2016-04-18 05:31:50,618] INFO:       Mean: 0.502956
[2016-04-18 05:31:50,618] INFO:       Std: 0.001714
[2016-04-18 05:31:50,618] INFO: Time
[2016-04-18 05:31:50,619] INFO:       11 mins
[2016-04-18 05:31:50,619] INFO: --------------------------------------------------
[2016-04-18 05:38:43,923] INFO: tpe_transform took 0.008244 seconds
[2016-04-18 05:38:43,923] INFO: TPE using 2/2 trials with best loss 0.474706
[2016-04-18 05:38:43,926] INFO: ==================================================
[2016-04-18 05:38:43,926] INFO: Task
[2016-04-18 05:38:43,926] INFO:       [Feat@basic_nonlinear_201604170111]_[Learner@reg_rgf]_[Id@3]
[2016-04-18 05:38:43,926] INFO: Param
[2016-04-18 05:38:43,927] INFO:       max_leaf_forest: 540
[2016-04-18 05:38:43,927] INFO:       min_pop: 7
[2016-04-18 05:38:43,927] INFO:       num_iteration_opt: 8
[2016-04-18 05:38:43,927] INFO:       num_tree_search: 10
[2016-04-18 05:38:43,927] INFO:       opt_interval: 180
[2016-04-18 05:38:43,927] INFO:       opt_stepsize: 0.5
[2016-04-18 05:38:43,927] INFO:       reg_L2: 0.10358659361010264
[2016-04-18 05:38:43,928] INFO:       reg_sL2: 0.04413487074445866
[2016-04-18 05:38:43,928] INFO: Result
[2016-04-18 05:38:43,928] INFO:       Run      RMSE        Shape
[2016-04-18 07:10:05,385] INFO:         1    0.457713    23167 x 768
[2016-04-18 08:39:09,036] INFO:         2    0.460943    21940 x 768
[2016-04-18 09:57:58,765] INFO:         3    0.457681    22182 x 768
[2016-04-18 11:20:20,350] INFO:         4    0.458677    21966 x 768
[2016-04-18 12:40:13,790] INFO:         5    0.4575