[2016-05-01 22:31:27,030] INFO: tpe_transform took 0.001929 seconds
[2016-05-01 22:31:27,030] INFO: TPE using 0 trials
[2016-05-01 22:31:27,031] INFO: ==================================================
[2016-05-01 22:31:27,032] INFO: Task
[2016-05-01 22:31:27,032] INFO:       [Feat@basic_linear_201605010104]_[Learner@reg_skl_lasso]_[Id@1]
[2016-05-01 22:31:27,032] INFO: Param
[2016-05-01 22:31:27,032] INFO:       alpha: 2.7363529168315854e-05
[2016-05-01 22:31:27,032] INFO:       normalize: False
[2016-05-01 22:31:27,032] INFO:       random_state: 2016
[2016-05-01 22:31:27,032] INFO: Result
[2016-05-01 22:31:27,032] INFO:       Run      RMSE        Shape
[2016-05-01 22:32:29,207] INFO:         1    0.447184    23167 x 722
[2016-05-01 22:33:40,854] INFO:         2    0.449883    21940 x 722
[2016-05-01 22:34:46,616] INFO:         3    0.447722    22182 x 722
[2016-05-01 22:35:51,025] INFO:         4    0.450176    21966 x 722
[2016-05-01 22:37:26,861] INFO:         5    0.448871    21961 x 722
[2016-05-01 22:37:27,154] INFO: RMSE
[2016-05-01 22:37:27,155] INFO:       Mean: 0.448767
[2016-05-01 22:37:27,155] INFO:       Std: 0.001170
[2016-05-01 22:37:27,155] INFO: Time
[2016-05-01 22:37:27,155] INFO:       6 mins
[2016-05-01 22:37:27,155] INFO: --------------------------------------------------
[2016-05-01 22:41:00,676] INFO: tpe_transform took 0.002114 seconds
[2016-05-01 22:41:00,677] INFO: TPE using 1/1 trials with best loss 0.448767
[2016-05-01 22:41:00,678] INFO: ==================================================
[2016-05-01 22:41:00,678] INFO: Task
[2016-05-01 22:41:00,678] INFO:       [Feat@basic_linear_201605010104]_[Learner@reg_skl_lasso]_[Id@2]
[2016-05-01 22:41:00,678] INFO: Param
[2016-05-01 22:41:00,678] INFO:       alpha: 0.0035998924696262788
[2016-05-01 22:41:00,678] INFO:       normalize: True
[2016-05-01 22:41:00,678] INFO:       random_state: 2016
[2016-05-01 22:41:00,679] INFO: Result
[2016-05-01 22:41:00,679] INFO:       Run      RMSE        Shape
[2016-05-01 22:41:02,552] INFO:         1     0.53283    23167 x 722
[2016-05-01 22:41:04,674] INFO:         2    0.534377    21940 x 722
[2016-05-01 22:41:06,807] INFO:         3     0.53367    22182 x 722
[2016-05-01 22:41:08,950] INFO:         4    0.534505    21966 x 722
[2016-05-01 22:41:11,087] INFO:         5    0.533774    21961 x 722
[2016-05-01 22:41:11,375] INFO: RMSE
[2016-05-01 22:41:11,375] INFO:       Mean: 0.533831
[2016-05-01 22:41:11,376] INFO:       Std: 0.000597
[2016-05-01 22:41:11,376] INFO: Time
[2016-05-01 22:41:11,376] INFO:       10 secs
[2016-05-01 22:41:11,376] INFO: --------------------------------------------------
[2016-05-01 22:41:15,449] INFO: tpe_transform took 0.001970 seconds
[2016-05-01 22:41:15,449] INFO: TPE using 2/2 trials with best loss 0.448767
[2016-05-01 22:41:15,450] INFO: ==================================================
[2016-05-01 22:41:15,450] INFO: Task
[2016-05-01 22:41:15,450] INFO:       [Feat@basic_linear_201605010104]_[Learner@reg_skl_lasso]_[Id@3]
[2016-05-01 22:41:15,450] INFO: Param
[2016-05-01 22:41:15,450] INFO:       alpha: 0.00010443382581807613
[2016-05-01 22:41:15,451] INFO:       normalize: True
[2016-05-01 22:41:15,451] INFO:       random_state: 2016
[2016-05-01 22:41:15,451] INFO: Result
[2016-05-01 22:41:15,451] INFO:       Run      RMSE        Shape
[2016-05-01 22:41:19,742] INFO:         1    0.453222    23167 x 722
[2016-05-01 22:41:24,638] INFO:         2     0.45527    21940 x 722
[2016-05-01 22:41:30,802] INFO:         3    0.453824    22182 x 722
[2016-05-01 22:41:35,604] INFO:         4    0.454994    21966 x 722
[2016-05-01 22:41:46,053] INFO:         5    0.455281    21961 x 722
[2016-05-01 22:41:46,349] INFO: RMSE
[2016-05-01 22:41:46,350] INFO:       Mean: 0.454518
[2016-05-01 22:41:46,350] INFO:       Std: 0.000841
[2016-05-01 22:41:46,350] INFO: Time
[2016-05-01 22:41:46,350] INFO:       30 secs
[2016-05-01 22:41:46,350] INFO: --------------------------------------------------
[2016-05-01 22:42:10,717] INFO: tpe_transform took 0.002230 seconds
[2016-05-01 22:42:10,717] INFO: TPE using 3/3 trials with best loss 0.448767
[2016-05-01 22:42:10,718] INFO: ==================================================
[2016-05-01 22:42:10,718] INFO: Task
[2016-05-01 22:42:10,719] INFO:       [Feat@basic_linear_201605010104]_[Learner@reg_skl_lasso]_[Id@4]
[2016-05-01 22:42:10,719] INFO: Param
[2016-05-01 22:42:10,719] INFO:       alpha: 0.0020987805642317613
[2016-05-01 22:42:10,719] INFO:       normalize: True
[2016-05-01 22:42:10,719] INFO:       random_state: 2016
[2016-05-01 22:42:10,719] INFO: Result
[2016-05-01 22:42:10,719] INFO:       Run      RMSE        Shape
[2016-05-01 22:42:12,601] INFO:         1     0.53283    23167 x 722
[2016-05-01 22:42:14,718] INFO:         2    0.534377    21940 x 722
[2016-05-01 22:42:16,849] INFO:         3     0.53367    22182 x 722
[2016-05-01 22:42:18,987] INFO:         4    0.534505    21966 x 722
[2016-05-01 22:42:21,118] INFO:         5    0.533774    21961 x 722
[2016-05-01 22:42:21,404] INFO: RMSE
[2016-05-01 22:42:21,404] INFO:       Mean: 0.533831
[2016-05-01 22:42:21,404] INFO:       Std: 0.000597
[2016-05-01 22:42:21,405] INFO: Time
[2016-05-01 22:42:21,405] INFO:       10 secs
[2016-05-01 22:42:21,405] INFO: --------------------------------------------------
[2016-05-01 22:42:25,454] INFO: tpe_transform took 0.001982 seconds
[2016-05-01 22:42:25,454] INFO: TPE using 4/4 trials with best loss 0.448767
[2016-05-01 22:42:25,455] INFO: ==================================================
[2016-05-01 22:42:25,455] INFO: Task
[2016-05-01 22:42:25,455] INFO:       [Feat@basic_linear_201605010104]_[Learner@reg_skl_lasso]_[Id@5]
[2016-05-01 22:42:25,456] INFO: Param
[2016-05-01 22:42:25,456] INFO:       alpha: 0.001612914828201876
[2016-05-01 22:42:25,456] INFO:       normalize: True
[2016-05-01 22:42:25,456] INFO:       random_state: 2016
[2016-05-01 22:42:25,456] INFO: Result
[2016-05-01 22:42:25,456] INFO:       Run      RMSE        Shape
[2016-05-01 22:42:27,338] INFO:         1     0.53283    23167 x 722
[2016-05-01 22:42:29,460] INFO:         2    0.534377    21940 x 722
[2016-05-01 22:42:31,593] INFO:         3     0.53367    22182 x 722
[2016-05-01 22:42:33,737] INFO:         4    0.534505    21966 x 722
[2016-05-01 22:42:35,831] INFO:         5    0.533774    21961 x 722
[2016-05-01 22:42:36,075] INFO: RMSE
[2016-05-01 22:42:36,076] INFO:       Mean: 0.533831
[2016-05-01 22:42:36,076] INFO:       Std: 0.000597
[2016-05-01 22:42:36,076] INFO: Time
[2016-05-01 22:42:36,076] INFO:       10 secs
[2016-05-01 22:42:36,076] INFO: --------------------------------------------------
[2016-05-01 22:42:40,084] INFO: tpe_transform took 0.002250 seconds
[2016-05-01 22:42:40,084] INFO: TPE using 5/5 trials with best loss 0.448767
[2016-05-01 22:42:40,085] INFO: ==================================================
[2016-05-01 22:42:40,085] INFO: Task
[2016-05-01 22:42:40,085] INFO:       [Feat@basic_linear_201605010104]_[Learner@reg_skl_lasso]_[Id@6]
[2016-05-01 22:42:40,085] INFO: Param
[2016-05-01 22:42:40,086] INFO:       alpha: 0.00016933218236041926
[2016-05-01 22:42:40,086] INFO:       normalize: True
[2016-05-01 22:42:40,086] INFO:       random_state: 2016
[2016-05-01 22:42:40,086] INFO: Result
[2016-05-01 22:42:40,086] INFO:       Run      RMSE        Shape
[2016-05-01 22:42:44,209] INFO:         1    0.456573    23167 x 722
[2016-05-01 22:42:48,597] INFO:         2    0.458301    21940 x 722
[2016-05-01 22:42:54,055] INFO:         3    0.457194    22182 x 722
[2016-05-01 22:42:58,470] INFO:         4    0.457821    21966 x 722
[2016-05-01 22:43:08,223] INFO:         5    0.458328    21961 x 722
[2016-05-01 22:43:08,516] INFO: RMSE
[2016-05-01 22:43:08,516] INFO:       Mean: 0.457643
[2016-05-01 22:43:08,516] INFO:       Std: 0.000675
[2016-05-01 22:43:08,517] INFO: Time
[2016-05-01 22:43:08,517] INFO:       28 secs
[2016-05-01 22:43:08,517] INFO: --------------------------------------------------
[2016-05-01 22:43:21,241] INFO: tpe_transform took 0.002013 seconds
[2016-05-01 22:43:21,241] INFO: TPE using 6/6 trials with best loss 0.448767
[2016-05-01 22:43:21,242] INFO: ==================================================
[2016-05-01 22:43:21,243] INFO: Task
[2016-05-01 22:43:21,243] INFO:       [Feat@basic_linear_201605010104]_[Learner@reg_skl_lasso]_[Id@7]
[2016-05-01 22:43:21,243] INFO: Param
[2016-05-01 22:43:21,243] INFO:       alpha: 0.015456863127561756
[2016-05-01 22:43:21,243] INFO:       normalize: True
[2016-05-01 22:43:21,243] INFO:       random_state: 2016
[2016-05-01 22:43:21,243] INFO: Result
[2016-05-01 22:43:21,243] INFO:       Run      RMSE        Shape
[2016-05-01 22:43:23,125] INFO:         1     0.53283    23167 x 722
[2016-05-01 22:43:25,244] INFO:         2    0.534377    21940 x 722
[2016-05-01 22:43:27,378] INFO:         3     0.53367    22182 x 722
[2016-05-01 22:43:29,521] INFO:         4    0.534505    21966 x 722
[2016-05-01 22:43:31,649] INFO:         5    0.533774    21961 x 722
[2016-05-01 22:43:31,935] INFO: RMSE
[2016-05-01 22:43:31,935] INFO:       Mean: 0.533831
[2016-05-01 22:43:31,935] INFO:       Std: 0.000597
[2016-05-01 22:43:31,936] INFO: Time
[2016-05-01 22:43:31,936] INFO:       10 secs
[2016-05-01 22:43:31,936] INFO: --------------------------------------------------
[2016-05-01 22:43:36,001] INFO: tpe_transform took 0.002254 seconds
[2016-05-01 22:43:36,002] INFO: TPE using 7/7 trials with best loss 0.448767
[2016-05-01 22:43:36,003] INFO: ==================================================
[2016-05-01 22:43:36,003] INFO: Task
[2016-05-01 22:43:36,003] INFO:       [Feat@basic_linear_201605010104]_[Learner@reg_skl_lasso]_[Id@8]
[2016-05-01 22:43:36,003] INFO: Param
[2016-05-01 22:43:36,003] INFO:       alpha: 2.669796868656156e-05
[2016-05-01 22:43:36,003] INFO:       normalize: True
[2016-05-01 22:43:36,004] INFO:       random_state: 2016
[2016-05-01 22:43:36,004] INFO: Result
[2016-05-01 22:43:36,004] INFO:       Run      RMSE        Shape
[2016-05-01 22:44:03,690] INFO:         1    0.448807    23167 x 722
[2016-05-01 22:44:16,233] INFO:         2    0.450477    21940 x 722
[2016-05-01 22:44:34,273] INFO:         3    0.448485    22182 x 722
[2016-05-01 22:44:40,720] INFO:         4    0.450006    21966 x 722
[2016-05-01 22:44:52,190] INFO:         5    0.450121    21961 x 722
[2016-05-01 22:44:52,482] INFO: RMSE
[2016-05-01 22:44:52,482] INFO:       Mean: 0.449579
[2016-05-01 22:44:52,482] INFO:       Std: 0.000784
[2016-05-01 22:44:52,482] INFO: Time
[2016-05-01 22:44:52,482] INFO:       1 mins
[2016-05-01 22:44:52,483] INFO: --------------------------------------------------
[2016-05-01 22:45:32,298] INFO: tpe_transform took 0.002053 seconds
[2016-05-01 22:45:32,298] INFO: TPE using 8/8 trials with best loss 0.448767
[2016-05-01 22:45:32,299] INFO: ==================================================
[2016-05-01 22:45:32,300] INFO: Task
[2016-05-01 22:45:32,300] INFO:       [Feat@basic_linear_201605010104]_[Lea