[2016-05-01 01:43:34,370] INFO: tpe_transform took 0.007217 seconds
[2016-05-01 01:43:34,370] INFO: TPE using 0 trials
[2016-05-01 01:43:34,389] INFO: ==================================================
[2016-05-01 01:43:34,389] INFO: Task
[2016-05-01 01:43:34,390] INFO:       [Feat@basic_linear_201605010104]_[Learner@reg_keras_dnn]_[Id@1]
[2016-05-01 01:43:34,390] INFO: Param
[2016-05-01 01:43:34,390] INFO:       batch_norm: after_act
[2016-05-01 01:43:34,390] INFO:       batch_size: 128
[2016-05-01 01:43:34,390] INFO:       hidden_activation: prelu
[2016-05-01 01:43:34,390] INFO:       hidden_dropout: 0.1
[2016-05-01 01:43:34,390] INFO:       hidden_layers: 2
[2016-05-01 01:43:34,390] INFO:       hidden_units: 192
[2016-05-01 01:43:34,391] INFO:       input_dropout: 0.15000000000000002
[2016-05-01 01:43:34,391] INFO:       nb_epoch: 7
[2016-05-01 01:43:34,391] INFO:       optimizer: adadelta
[2016-05-01 01:43:34,391] INFO: Result
[2016-05-01 01:43:34,391] INFO:       Run      RMSE        Shape
[2016-05-01 01:44:25,856] INFO:         1    0.468692    23167 x 722
[2016-05-01 01:45:13,748] INFO:         2    0.511362    21940 x 722
[2016-05-01 01:46:01,960] INFO:         3    0.537814    22182 x 722
[2016-05-01 01:46:50,142] INFO:         4    0.469204    21966 x 722
[2016-05-01 01:47:37,721] INFO:         5    0.463199    21961 x 722
[2016-05-01 01:47:38,010] INFO: RMSE
[2016-05-01 01:47:38,011] INFO:       Mean: 0.490054
[2016-05-01 01:47:38,011] INFO:       Std: 0.029487
[2016-05-01 01:47:38,011] INFO: Time
[2016-05-01 01:47:38,011] INFO:       4 mins
[2016-05-01 01:47:38,011] INFO: --------------------------------------------------
[2016-05-01 01:50:01,611] INFO: tpe_transform took 0.007509 seconds
[2016-05-01 01:50:01,611] INFO: TPE using 1/1 trials with best loss 0.490054
[2016-05-01 01:50:01,614] INFO: ==================================================
[2016-05-01 01:50:01,614] INFO: Task
[2016-05-01 01:50:01,614] INFO:       [Feat@basic_linear_201605010104]_[Learner@reg_keras_dnn]_[Id@2]
[2016-05-01 01:50:01,614] INFO: Param
[2016-05-01 01:50:01,614] INFO:       batch_norm: after_act
[2016-05-01 01:50:01,615] INFO:       batch_size: 128
[2016-05-01 01:50:01,615] INFO:       hidden_activation: prelu
[2016-05-01 01:50:01,615] INFO:       hidden_dropout: 0.25
[2016-05-01 01:50:01,615] INFO:       hidden_layers: 2
[2016-05-01 01:50:01,615] INFO:       hidden_units: 128
[2016-05-01 01:50:01,615] INFO:       input_dropout: 0.2
[2016-05-01 01:50:01,615] INFO:       nb_epoch: 15
[2016-05-01 01:50:01,615] INFO:       optimizer: adadelta
[2016-05-01 01:50:01,616] INFO: Result
[2016-05-01 01:50:01,616] INFO:       Run      RMSE        Shape
[2016-05-01 01:51:11,579] INFO:         1    0.444852    23167 x 722
[2016-05-01 01:52:18,718] INFO:         2    0.450614    21940 x 722
[2016-05-01 01:53:26,226] INFO:         3    0.471283    22182 x 722
[2016-05-01 01:54:33,742] INFO:         4    0.445968    21966 x 722
[2016-05-01 01:55:40,666] INFO:         5    0.461691    21961 x 722
[2016-05-01 01:55:40,957] INFO: RMSE
[2016-05-01 01:55:40,957] INFO:       Mean: 0.454882
[2016-05-01 01:55:40,958] INFO:       Std: 0.010135
[2016-05-01 01:55:40,958] INFO: Time
[2016-05-01 01:55:40,958] INFO:       5 mins
[2016-05-01 01:55:40,958] INFO: --------------------------------------------------
[2016-05-01 01:59:33,539] INFO: tpe_transform took 0.011834 seconds
[2016-05-01 01:59:33,539] INFO: TPE using 2/2 trials with best loss 0.454882
[2016-05-01 01:59:33,542] INFO: ==================================================
[2016-05-01 01:59:33,543] INFO: Task
[2016-05-01 01:59:33,543] INFO:       [Feat@basic_linear_201605010104]_[Learner@reg_keras_dnn]_[Id@3]
[2016-05-01 01:59:33,543] INFO: Param
[2016-05-01 01:59:33,543] INFO:       batch_norm: after_act
[2016-05-01 01:59:33,543] INFO:       batch_size: 64
[2016-05-01 01:59:33,543] INFO:       hidden_activation: prelu
[2016-05-01 01:59:33,544] INFO:       hidden_dropout: 0.05
[2016-05-01 01:59:33,544] INFO:       hidden_layers: 4
[2016-05-01 01:59:33,544] INFO:       hidden_units: 160
[2016-05-01 01:59:33,544] INFO:       input_dropout: 0.05
[2016-05-01 01:59:33,544] INFO:       nb_epoch: 12
[2016-05-01 01:59:33,544] INFO:       optimizer: adadelta
[2016-05-01 01:59:33,544] INFO: Result
[2016-05-01 01:59:33,545] INFO:       Run      RMSE        Shape
[2016-05-01 02:01:53,949] INFO:         1    0.470965    23167 x 722
[2016-05-01 02:04:04,791] INFO:         2    0.466022    21940 x 722
[2016-05-01 02:06:16,410] INFO:         3     0.48298    22182 x 722
[2016-05-01 02:08:26,688] INFO:         4    0.476245    21966 x 722
[2016-05-01 02:10:37,202] INFO:         5    0.511843    21961 x 722
[2016-05-01 02:10:37,489] INFO: RMSE
[2016-05-01 02:10:37,490] INFO:       Mean: 0.481611
[2016-05-01 02:10:37,490] INFO:       Std: 0.016131
[2016-05-01 02:10:37,490] INFO: Time
[2016-05-01 02:10:37,490] INFO:       11 mins
[2016-05-01 02:10:37,490] INFO: --------------------------------------------------
[2016-05-01 02:18:01,258] INFO: tpe_transform took 0.007433 seconds
[2016-05-01 02:18:01,259] INFO: TPE using 3/3 trials with best loss 0.454882
[2016-05-01 02:18:01,261] INFO: ==================================================
[2016-05-01 02:18:01,261] INFO: Task
[2016-05-01 02:18:01,262] INFO:       [Feat@basic_linear_201605010104]_[Learner@reg_keras_dnn]_[Id@4]
[2016-05-01 02:18:01,262] INFO: Param
[2016-05-01 02:18:01,262] INFO:       batch_norm: before_act
[2016-05-01 02:18:01,262] INFO:       batch_size: 64
[2016-05-01 02:18:01,262] INFO:       hidden_activation: relu
[2016-05-01 02:18:01,262] INFO:       hidden_dropout: 0.5
[2016-05-01 02:18:01,262] INFO:       hidden_layers: 4
[2016-05-01 02:18:01,262] INFO:       hidden_units: 160
[2016-05-01 02:18:01,263] INFO:       input_dropout: 0.15000000000000002
[2016-05-01 02:18:01,263] INFO:       nb_epoch: 13
[2016-05-01 02:18:01,263] INFO:       optimizer: adam
[2016-05-01 02:18:01,263] INFO: Result
[2016-05-01 02:18:01,263] INFO:       Run      RMSE        Shape
[2016-05-01 02:20:02,329] INFO:         1    0.468502    23167 x 722
[2016-05-01 02:21:49,744] INFO:         2    0.483469    21940 x 722
[2016-05-01 02:23:39,590] INFO:         3    0.488488    22182 x 722
[2016-05-01 02:25:26,586] INFO:         4    0.502014    21966 x 722
[2016-05-01 02:27:16,006] INFO:         5    0.508434    21961 x 722
[2016-05-01 02:27:16,295] INFO: RMSE
[2016-05-01 02:27:16,296] INFO:       Mean: 0.490181
[2016-05-01 02:27:16,296] INFO:       Std: 0.014079
[2016-05-01 02:27:16,296] INFO: Time
[2016-05-01 02:27:16,296] INFO:       9 mins
[2016-05-01 02:27:16,296] INFO: --------------------------------------------------
[2016-05-01 02:33:04,486] INFO: tpe_transform took 0.007392 seconds
[2016-05-01 02:33:04,486] INFO: TPE using 4/4 trials with best loss 0.454882
[2016-05-01 02:33:04,489] INFO: ==================================================
[2016-05-01 02:33:04,490] INFO: Task
[2016-05-01 02:33:04,490] INFO:       [Feat@basic_linear_201605010104]_[Learner@reg_keras_dnn]_[Id@5]
[2016-05-01 02:33:04,490] INFO: Param
