[2016-05-01 02:30:41,432] INFO: tpe_transform took 0.011037 seconds
[2016-05-01 02:30:41,432] INFO: TPE using 0 trials
[2016-05-01 02:30:41,453] INFO: ==================================================
[2016-05-01 02:30:41,453] INFO: Task
[2016-05-01 02:30:41,453] INFO:       [Feat@basic_nonlinear_201605010058]_[Learner@reg_rgf]_[Id@1]
[2016-05-01 02:30:41,453] INFO: Param
[2016-05-01 02:30:41,454] INFO:       max_leaf_forest: 530
[2016-05-01 02:30:41,454] INFO:       min_pop: 17
[2016-05-01 02:30:41,454] INFO:       num_iteration_opt: 9
[2016-05-01 02:30:41,454] INFO:       num_tree_search: 7
[2016-05-01 02:30:41,454] INFO:       opt_interval: 100
[2016-05-01 02:30:41,455] INFO:       opt_stepsize: 0.5
[2016-05-01 02:30:41,455] INFO:       reg_L2: 1.2551431337398096
[2016-05-01 02:30:41,455] INFO:       reg_sL2: 0.0031182485285531697
[2016-05-01 02:30:41,455] INFO: Result
[2016-05-01 02:30:41,456] INFO:       Run      RMSE        Shape
[2016-05-01 03:19:09,447] INFO:         1    0.468998    23167 x 726
[2016-05-01 04:02:53,545] INFO:         2    0.473582    21940 x 726
[2016-05-01 04:51:28,467] INFO:         3    0.469265    22182 x 726
[2016-05-01 05:34:56,669] INFO:         4    0.466894    21966 x 726
[2016-05-01 06:24:12,941] INFO:         5    0.469309    21961 x 726
[2016-05-01 06:24:13,332] INFO: RMSE
[2016-05-01 06:24:13,332] INFO:       Mean: 0.469610
[2016-05-01 06:24:13,332] INFO:       Std: 0.002179
[2016-05-01 06:24:13,332] INFO: Time
[2016-05-01 06:24:13,332] INFO:       233 mins
[2016-05-01 06:24:13,333] INFO: --------------------------------------------------
[2016-05-01 08:51:34,227] INFO: tpe_transform took 0.011653 seconds
[2016-05-01 08:51:34,227] INFO: TPE using 1/1 trials with best loss 0.469610
[2016-05-01 08:51:34,232] INFO: ==================================================
[2016-05-01 08:51:34,232] INFO: Task
[2016-05-01 08:51:34,233] INFO:       [Feat@basic_nonlinear_201605010058]_[Learner@reg_rgf]_[Id@2]
[2016-05-01 08:51:34,233] INFO: Param
[2016-05-01 08:51:34,233] INFO:       max_leaf_forest: 60
[2016-05-01 08:51:34,233] INFO:       min_pop: 13
[2016-05-01 08:51:34,233] INFO:       num_iteration_opt: 6
[2016-05-01 08:51:34,234] INFO:       num_tree_search: 1
[2016-05-01 08:51:34,234] INFO:       opt_interval: 150
[2016-05-01 08:51:34,234] INFO:       opt_stepsize: 0.2
[2016-05-01 08:51:34,234] INFO:       reg_L2: 0.4479582422859111
[2016-05-01 08:51:34,234] INFO:       reg_sL2: 0.029303132453084732
[2016-05-01 08:51:34,235] INFO: Result
[2016-05-01 08:51:34,235] INFO:       Run      RMSE        Shape
[2016-05-01 08:53:30,625] INFO:         1    0.460971    23167 x 726
[2016-05-01 08:55:21,231] INFO:         2    0.461733    21940 x 726
[2016-05-01 08:57:10,290] INFO:         3    0.460872    22182 x 726
[2016-05-01 08:58:57,524] INFO:         4    0.462781    21966 x 726
[2016-05-01 09:00:48,658] INFO:         5    0.464114    21961 x 726
[2016-05-01 09:00:49,026] INFO: RMSE
[2016-05-01 09:00:49,027] INFO:       Mean: 0.462094
[2016-05-01 09:00:49,027] INFO:       Std: 0.001220
[2016-05-01 09:00:49,027] INFO: Time
[2016-05-01 09:00:49,027] INFO:       9 mins
[2016-05-01 09:00:49,028] INFO: --------------------------------------------------
[2016-05-01 09:07:11,709] INFO: tpe_transform took 0.012028 seconds
[2016-05-01 09:07:11,709] INFO: TPE using 2/2 trials with best loss 0.462094
[2016-05-01 09:07:11,730] INFO: ==================================================
[2016-05-01 09:07:11,730] INFO: Task
[2016-05-01 09:07:11,730] INFO:       [Feat@basic_nonlinear_201605010058]_[Learner@reg_rgf]_[Id@3]
[2016-05-01 09:07:11,731] INFO: Param
[2