[2016-05-01 02:27:53,383] INFO: tpe_transform took 0.009783 seconds
[2016-05-01 02:27:53,384] INFO: TPE using 0 trials
[2016-05-01 02:27:53,388] INFO: ==================================================
[2016-05-01 02:27:53,388] INFO: Task
[2016-05-01 02:27:53,388] INFO:       [Feat@basic_nonlinear_201605010058]_[Learner@reg_skl_adaboost]_[Id@1]
[2016-05-01 02:27:53,388] INFO: Param
[2016-05-01 02:27:53,389] INFO:       base_estimator: dtr
[2016-05-01 02:27:53,389] INFO:       learning_rate: 0.024
[2016-05-01 02:27:53,389] INFO:       loss: exponential
[2016-05-01 02:27:53,389] INFO:       max_depth: 4
[2016-05-01 02:27:53,389] INFO:       max_features: 0.2
[2016-05-01 02:27:53,390] INFO:       n_estimators: 320
[2016-05-01 02:27:53,390] INFO:       random_state: 2016
[2016-05-01 02:27:53,390] INFO: Result
[2016-05-01 02:27:53,390] INFO:       Run      RMSE        Shape
[2016-05-01 02:36:14,783] INFO:         1    0.459261    23167 x 726
[2016-05-01 02:44:55,151] INFO:         2    0.460948    21940 x 726
[2016-05-01 02:53:03,247] INFO:         3    0.460495    22182 x 726
[2016-05-01 03:02:23,849] INFO:         4    0.460321    21966 x 726
[2016-05-01 03:10:12,258] INFO:         5    0.461368    21961 x 726
[2016-05-01 03:10:12,741] INFO: RMSE
[2016-05-01 03:10:12,741] INFO:       Mean: 0.460479
[2016-05-01 03:10:12,741] INFO:       Std: 0.000710
[2016-05-01 03:10:12,741] INFO: Time
[2016-05-01 03:10:12,742] INFO:       42 mins
[2016-05-01 03:10:12,742] INFO: --------------------------------------------------
[2016-05-01 03:54:55,321] INFO: tpe_transform took 0.009556 seconds
[2016-05-01 03:54:55,321] INFO: TPE using 1/1 trials with best loss 0.460479
[2016-05-01 03:54:55,325] INFO: ==================================================
[2016-05-01 03:54:55,325] INFO: Task
[2016-05-01 03:54:55,326] INFO:       [Feat@basic_nonlinear_201605010058]_[Learner@reg_skl_adaboost]_[Id@2]
[2016-05-01 03:54:55,326] INFO: Param
[2016-05-01 03:54:55,326] INFO:       base_estimator: etr
[2016-05-01 03:54:55,326] INFO:       learning_rate: 0.004
[2016-05-01 03:54:55,326] INFO:       loss: exponential
[2016-05-01 03:54:55,326] INFO:       max_depth: 3
[2016-05-01 03:54:55,327] INFO:       max_features: 0.35000000000000003
[2016-05-01 03:54:55,327] INFO:       n_estimators: 490
[2016-05-01 03:54:55,327] INFO:       random_state: 2016
[2016-05-01 03:54:55,327] INFO: Result
[2016-05-01 03:54:55,327] INFO:       Run      RMSE        Shape
[2016-05-01 04:02:05,310] INFO:         1    0.474311    23167 x 726
[2016-05-01 04:10:52,658] INFO:         2     0.47561    21940 x 726
[2016-05-01 04:19:20,970] INFO:         3    0.475274    22182 x 726
[2016-05-01 04:26:19,612] INFO:         4    0.475587    21966 x 726
[2016-05-01 04:33:03,368] INFO:         5    0.477775    21961 x 726
[2016-05-01 04:33:03,893] INFO: RMSE
[2016-05-01 04:33:03,893] INFO:       Mean: 0.475712
[2016-05-01 04:33:03,894] INFO:       Std: 0.001135
[2016-05-01 04:33:03,894] INFO: Time
[2016-05-01 04:33:03,894] INFO:       38 mins
[2016-05-01 04:33:03,894] INFO: --------------------------------------------------
[2016-05-01 05:18:19,025] INFO: tpe_transform took 0.010136 seconds
[2016-05-01 05:18:19,026] INFO: TPE using 2/2 trials with best loss 0.460479
[2016-05-01 05:18:19,030] INFO: ==================================================
[2016-05-01 05:18:19,030] INFO: Task
[2016-05-01 05:18:19,030] INFO:       [Feat@basic_nonlinear_201605010058]_[Learner@reg_skl_adaboost]_[Id@3]
[2016-05-01 05:18:19,031] INFO: Param
[2016-05-01 05:18:19,031] INFO:       base_estimator: etr
[2016-05-01 05:18:19,031] INFO:       learning_rate: 0.04
[2016-05-01 05:18:19,031] INFO:       loss: square
[2016-05-01 05:18:19,031] INFO:       max_depth: 5
[2016-05-01 05:18:19,032] INFO:       max_features: 0.8500000000000001
[2016-05-01 05:18:19,032] INFO:       n_estimators: 850
[2016-05-01 05:18:19,032] INFO:       random_state: 2016
[2016-05-01 05:18:19,032] INFO: Result
[2016-05-01 05:18:19,032] INFO:       Run      RMSE        Shape
[2016-05-01 06:03:56,716] INFO:         1    0.520122    23167 x 726
[2016-05-01 06:45:05,835] INFO:         2    0.523663    21940 x 726
[2016-05-01 07:29:59,957] INFO:         3    0.526082    22182 x 726
[2016-05-01 08:09:39,210] INFO:         4    0.519293    21966 x 726
[2016-05-01 08:49:40,037] INFO:         5    0.538889    21961 x 726
[2016-05-01 08:49:40,481] INFO: RMSE
[2016-05-01 08:49:40,481] INFO:       Mean: 0.525610
[2016-05-01 08:49:40,481] INFO:       Std: 0.007076
[2016-05-01 08:49:40,481] INFO: Time
[2016-05-01 08:49:40,482] INFO:       211 mins
[2016-05-01 08:49:40,482] INFO: --------------------------------------------------
[2016-05-01 12:13:19,453] INFO: tpe_transform took 0.011914 seconds
[2016-05-01 12:13:19,454] INFO: TPE using 3/3 trials with best loss 0.460479
[2016-05-01 12:13:19,458] INFO: ==================================================
[2016-05-01 12:13:19,459] INFO: Task
[2016-05-01 12:13:19,459] INFO:       [Feat@basic_nonlinear_201605010058]_[Learner@reg_skl_adaboost]_[Id@4]
[2016-05-01 12:13:19,459] INFO: Param
[2016-05-01 12:13:19,460] INFO:       base_estimator: etr
[2016-05-01 12:13:19,460] INFO:       learning_rate: 0.006
[2016-05-01 12:13:19,460] INFO:       loss: exponential
[2016-05-01 12:13:19,460] INFO:       max_depth: 8
[2016-05-01 12:13:19,461] INFO:       max_features: 0.8500000000000001
[2016-05-01 12:13:19,461] INFO:  