
2016-03-13 11:31 INFO: tpe_transform took 0.003000 seconds
2016-03-13 11:31 INFO: TPE using 0 trials
2016-03-13 11:31 INFO: --------------------------------------------------
2016-03-13 11:31 INFO: Task
2016-03-13 11:31 INFO:       [Feat@basic20160313]_[Learner@reg_skl_lsvr]_[Id@1]
2016-03-13 11:31 INFO: Param
2016-03-13 11:31 INFO:       C: 6.456526208932527
2016-03-13 11:31 INFO:       epsilon: 0.030412474645281427
2016-03-13 11:31 INFO:       loss: squared_epsilon_insensitive
2016-03-13 11:31 INFO:       normalize: False
2016-03-13 11:31 INFO:       random_state: 2016
2016-03-13 11:31 INFO: Result
2016-03-13 11:31 INFO:       Run      RMSE        Shape
2016-03-13 11:33 INFO:         1    0.659096    23167 x 894
2016-03-13 11:34 INFO:         2    0.730933    21940 x 894
2016-03-13 11:35 INFO:         3    1.130022    22182 x 894
2016-03-13 11:36 INFO:         4    0.703095    21966 x 894
2016-03-13 11:38 INFO:         5    0.585843    21961 x 894
2016-03-13 11:38 INFO: RMSE
2016-03-13 11:38 INFO:       Mean: 0.761798
2016-03-13 11:38 INFO:       Std: 0.190523
2016-03-13 11:38 INFO: Time
2016-03-13 11:38 INFO:       400.65000009536743
2016-03-13 11:38 INFO: --------------------------------------------------
2016-03-13 11:42 INFO: tpe_transform took 0.005000 seconds
2016-03-13 11:42 INFO: TPE using 1/1 trials with best loss 0.761798
2016-03-13 11:42 INFO: --------------------------------------------------
2016-03-13 11:42 INFO: Task
2016-03-13 11:42 INFO:       [Feat@basic20160313]_[Learner@reg_skl_lsvr]_[Id@2]
2016-03-13 11:42 INFO: Param
2016-03-13 11:42 INFO:       C: 1.1427054998466892
2016-03-13 11:42 INFO:       epsilon: 0.06399936743186165
2016-03-13 11:42 INFO:       loss: squared_epsilon_insensitive
2016-03-13 11:42 INFO:       normalize: False
2016-03-13 11:42 INFO:       random_state: 2016
2016-03-13 11:42 INFO: Result
2016-03-13 11:42 INFO:       Run      RMSE        Shape
2016-03-13 11:43 INFO:         1    0.639858    23167 x 894
2016-03-13 11:44 INFO:         2    0.721149    21940 x 894
2016-03-13 11:45 INFO:         3    1.118384    22182 x 894
2016-03-13 11:47 INFO:         4    0.705999    21966 x 894
2016-03-13 11:48 INFO:         5    0.581868    21961 x 894
2016-03-13 11:48 INFO: RMSE
2016-03-13 11:48 INFO:       Mean: 0.753452
2016-03-13 11:48 INFO:       Std: 0.189111
2016-03-13 11:48 INFO: Time
2016-03-13 11:48 INFO:       358.00300002098083
2016-03-13 11:48 INFO: --------------------------------------------------
2016-03-13 11:52 INFO: tpe_transform took 0.005000 seconds
2016-03-13 11:52 INFO: TPE using 2/2 trials with best loss 0.753452
2016-03-13 11:52 INFO: --------------------------------------------------
2016-03-13 11:52 INFO: Task
2016-03-13 11:52 INFO:       [Feat@basic20160313]_[Learner@reg_skl_lsvr]_[Id@3]
2016-03-13 11:52 INFO: Param
2016-03-13 11:52 INFO:       C: 1.0029818002439381
2016-03-13 11:52 INFO:       epsilon: 0.021862365274061987
2016-03-13 11:52 INFO:       loss: squared_epsilon_insensitive
2016-03-13 11:52 INFO:       normalize: False
2016-03-13 11:52 INFO:       random_state: 2016
2016-03-13 11:52 INFO: Result
2016-03-13 11:52 INFO:       Run      RMSE        Shape
2016-03-13 11:53 INFO:         1    0.664698    23167 x 894
2016-03-13 11:54 INFO:         2    0.733836    21940 x 894
2016-03-13 11:55 INFO:         3    1.132872    22182 x 894
2016-03-13 11:56 INFO:         4    0.702713    21966 x 894
2016-03-13 11:57 INFO:         5    0.586826    21961 x 894
2016-03-13 11:57 INFO: RMSE
2016-03-13 11:57 INFO:       Mean: 0.764189
2016-03-13 11:57 INFO:       Std: 0.190779
2016-03-13 11:57 INFO: Time
2016-03-13 11:57 INFO:       324.84800004959106
2016-03-13 11:57 INFO: --------------------------------------------------
2016-03-13 12:00 INFO: tpe_transform took 0.005000 seconds
2016-03-13 12:00 INFO: TPE using 3/3 trials with best loss 0.753452
2016-03-13 12:00 INFO: --------------------------------------------------
2016-03-13 12:00 INFO: Task
2016-03-13 12:00 INFO:       [Feat@basic20160313]_[Learner@reg_skl_lsvr]_[Id@4]
2016-03-13 12:00 INFO: Param
2016-03-13 12:00 INFO:       C: 2.4005805595217784
2016-03-13 12:00 INFO:       epsilon: 0.07311895569846755
2016-03-13 12:00 INFO:       loss: squared_epsilon_insensitive
2016-03-13 12:00 INFO:       normalize: False
2016-03-13 12:00 INFO:       random_state: 2016
2016-03-13 12:00 INFO: Result
2016-03-13 12:00 INFO:       Run      RMSE        Shape
2016-03-13 12:01 INFO:         1    0.634757    23167 x 894
2016-03-13 12:02 INFO:         2     0.71806    21940 x 894
2016-03-13 12:03 INFO:         3     1.11595    22182 x 894
2016-03-13 12:04 INFO:         4    0.705783    21966 x 894
2016-03-13 12:05 INFO:         5    0.581298    21961 x 894
2016-03-13 12:05 INFO: RMSE
2016-03-13 12:05 INFO:       Mean: 0.751170
2016-03-13 12:05 INFO:       Std: 0.189013
2016-03-13 12:05 INFO: Time
2016-03-13 12:05 INFO:       282.789999961853
2016-03-13 12:05 INFO: --------------------------------------------------
2016-03-13 12:08 INFO: tpe_transform took 0.003002 seconds
2016-03-13 12:08 INFO: TPE using 4/4 trials with best loss 0.751170
2016-03-13 12:08 INFO: --------------------------------------------------
2016-03-13 12:08 INFO: Task
2016-03-13 12:08 INFO:       [Feat@basic20160313]_[Learner@reg_skl_lsvr]_[Id@5]
2016-03-13 12:08 INFO: Param
2016-03-13 12:08 INFO:       C: 1.1797045167653535
2016-03-13 12:08 INFO:       epsilon: 0.0011118226304113934
2016-03-13 12:08 INFO:       loss: squared_epsilon_insensitive
2016-03-13 12:08 INFO:       normalize: True
2016-03-13 12:08 INFO:       random_state: 2016
2016-03-13 12:08 INFO: Result
2016-03-13 12:08 INFO:       Run      RMSE        Shape
2016-03-13 12:10 INFO:         1    0.538893    23167 x 894
2016-03-13 12:11 INFO:         2    0.525743    21940 x 894
2016-03-13 12:12 INFO:         3    0.541928    22182 x 894
2016-03-13 12:14 INFO:         4    0.518111    21966 x 894
2016-03-13 12:16 INFO:         5    0.537095    21961 x 894
2016-03-13 12:16 INFO: RMSE
2016-03-13 12:16 INFO:       Mean: 0.532354
2016-03-13 12:16 INFO:       Std: 0.008983
2016-03-13 12:16 INFO: Time
2016-03-13 12:16 INFO:       453.6206519603729
2016-03-13 12:16 INFO: --------------------------------------------------
2016-03-13 12:21 INFO: tpe_transform took 0.004000 seconds
2016-03-13 12:21 INFO: TPE using 5/5 trials with best loss 0.532354
2016-03-13 12:21 INFO: --------------------------------------------------
2016-03-13 12:21 INFO: Task
2016-03-13 12:21 INFO:       [Feat@basic20160313]_[Learner@reg_skl_lsvr]_[Id@6]
2016-03-13 12:21 INFO: Param
2016-03-13 12:21 INFO:       C: 31.461754703287536
2016-03-13 12:21 INFO:       epsilon: 0.053386438435683005
2016-03-13 12:21 INFO:       loss: squared_epsilon_insensitive
2016-03-13 12:21 INFO:       normalize: False
2016-03-13 12:21 INFO:       random_state: 2016
2016-03-13 12:21 INFO: Result
2016-03-13 12:21 INFO:       Run      RMSE        Shape
2016-03-13 12:22 INFO:         1     0.64682    23167 x 894
2016-03-13 12:23 INFO:         2    0.723078    21940 x 894
2016-03-13 12:24 INFO:         3    1.122076    22182 x 894
2016-03-13 12:25 INFO:         4    0.704149    21966 x 894
2016-03-13 12:25 INFO:         5    0.582892    21961 x 894
2016-03-13 12:25 INFO: RMSE
2016-03-13 12:25 INFO:       Mean: 0.755803
2016-03-13 12:25 INFO:       Std: 0.189563
2016-03-13 12:25 INFO: Time
2016-03-13 12:25 INFO:       279.0809054374695
2016-03-13 12:25 INFO: --------------------------------------------------
2016-03-13 12:29 INFO: tpe_transform took 0.015600 seconds
2016-03-13 12:29 INFO: TPE using 6/6 trials with best loss 0.532354
2016-03-13 12:29 INFO: --------------------------------------------------
2016-03-13 12:29 INFO: Task
2016-03-13 12:29 INFO:       [Feat@basic20160313]_[Learner@reg_skl_lsvr]_[Id@7]
2016-03-13 12:29 INFO: Param
2016-03-13 12:29 INFO:       C: 27.86048692371716
2016-03-13 12:29 INFO:       epsilon: 0.0014261822346765525
2016-03-13 12:29 INFO:       loss: squared_epsilon_insensitive
2016-03-13 12:29 INFO:       normalize: True
2016-03-13 12:29 INFO:       random_state: 2016
2016-03-13 12:29 INFO: Result
2016-03-13 12:29 INFO:       Run      RMSE        Shape
2016-03-13 12:31 INFO:         1    0.694181    23167 x 894
2016-03-13 12:33 INFO:         2    0.661605    21940 x 894
2016-03-13 12:35 INFO:         3    0.696426    22182 x 894
2016-03-13 12:37 INFO:         4    0.685441    21966 x 894
2016-03-13 12:39 INFO:         5    0.706816    21961 x 894
2016-03-13 12:39 INFO: RMSE
2016-03-13 12:39 INFO:       Mean: 0.688894
2016-03-13 12:39 INFO:       Std: 0.015248
2016-03-13 12:39 INFO: Time
2016-03-13 12:39 INFO:       604.317718744278
2016-03-13 12:39 INFO: --------------------------------------------------
2016-03-13 12:46 INFO: tpe_transform took 0.015600 seconds
2016-03-13 12:46 INFO: TPE using 7/7 trials with best loss 0.532354
2016-03-13 12:46 INFO: --------------------------------------------------
2016-03-13 12:46 INFO: Task
2016-03-13 12:46 INFO:       [Feat@basic20160313]_[Learner@reg_skl_lsvr]_[Id@8]
2016-03-13 12:46 INFO: Param
2016-03-13 12:46 INFO:       C: 6.195003791902083
2016-03-13 12:46 INFO:       epsilon: 0.003983993587710079
2016-03-13 12:46 INFO:       loss: epsilon_insensitive
2016-03-13 12:46 INFO:       normalize: True
2016-03-13 12:46 INFO:       random_state: 2016
2016-03-13 12:46 INFO: Result
2016-03-13 12:46 INFO:       Run      RMSE        Shape
2016-03-13 12:48 INFO:         1    0.704563    23167 x 894
2016-03-13 12:49 INFO:         2    0.672182    21940 x 894
2016-03-13 12:51 INFO:         3    0.706621    22182 x 894
2016-03-13 12:53 INFO:         4    0.698095    21966 x 894
2016-03-13 12:55 INFO:         5    0.719228    21961 x 894
2016-03-13 12:55 INFO: RMSE
2016-03-13 12:55 INFO:       Mean: 0.700138
2016-03-13 12:55 INFO:       Std: 0.015568
2016-03-13 12:55 INFO: Time
2016-03-13 12:55 INFO:       569.1366744041443
2016-03-13 12:55 INFO: --------------------------------------------------
2016-03-13 13:01 INFO: tpe_transform took 0.000000 seconds
2016-03-13 13:01 INFO: TPE using 8/8 trials with best loss 0.532354
2016-03-13 13:01 INFO: --------------------------------------------------
2016-03-13 13:01 INFO: Task
2016-03-13 13:01 INFO:       [Feat@basic20160313]_[Learner@reg_skl_lsvr]_[Id@9]
2016-03-13 13:01 INFO: Param
2016-03-13 13:01 INFO:       C: 1.6097977338515497
2016-03-13 13:01 INFO:       epsilon: 0.003168467005627569
2016-03-13 13:01 INFO:       loss: squared_epsilon_insensitive
2016-03-13 13:01 INFO:       normalize: False
2016-03-13 13:01 INFO:       random_state: 2016
2016-03-13 13:01 INFO: Result
2016-03-13 13:01 INFO:       Run      RMSE        Shape
2016-03-13 13:03 INFO:         1    0.677976    23167 x 894
2016-03-13 13:04 INFO:         2    0.740195    21940 x 894
2016-03-13 13:05 INFO:         3    1.138737    22182 x 894
2016-03-13 13:06 INFO:         4    0.702482    21966 x 894
2016-03-13 13:08 INFO:         5    0.589489    21961 x 894
2016-03-13 13:08 INFO: RMSE
2016-03-13 13:08 INFO:       Mean: 0.769776
2016-03-13 13:08 INFO:       Std: 0.191032
2016-03-13 13:08 INFO: Time
2016-03-13 13:08 INFO:       371.66020607948303
2016-03-13 13:08 INFO: --------------------------------------------------
2016-03-13 13:12 INFO: tpe_transform took 0.000000 seconds
2016-03-13 13:12 INFO: TPE using 9/9 trials with best loss 0.532354
2016-03-13 13:12 INFO: --------------------------------------------------
2016-03-13 13:12 INFO: Task
2016-03-13 13:12 INFO:       [Feat@basic20160313]_[Learner@reg_skl_lsvr]_[Id@10]
2016-03-13 13:12 INFO: Param
2016-03-13 13:12 INFO:       C: 5.349103531585403
2016-03-13 13:12 INFO:       epsilon: 0.0036688081913534946
2016-03-13 13:12 INFO:       loss: epsilon_insensitive
2016-03-13 13:12 INFO:       normalize: False
2016-03-13 13:12 INFO:       random_state: 2016
2016-03-13 13:12 INFO: Result
2016-03-13 13:12 INFO:       Run      RMSE        Shape
2016-03-13 13:13 INFO:         1    0.677604    23167 x 894
2016-03-13 13:15 INFO:         2    0.740021    21940 x 894
2016-03-13 13:16 INFO:         3    1.138541    22182 x 894
2016-03-13 13:17 INFO:         4    0.702462    21966 x 894
2016-03-13 13:18 INFO:         5    0.589419    21961 x 894
2016-03-13 13:18 INFO: RMSE
2016-03-13 13:18 INFO:       Mean: 0.769609
2016-03-13 13:18 INFO:       Std: 0.191012
2016-03-13 13:18 INFO: Time
2016-03-13 13:18 INFO:       384.0858790874481
2016-03-13 13:18 INFO: --------------------------------------------------
2016-03-13 13:22 INFO: tpe_transform took 0.000000 seconds
2016-03-13 13:22 INFO: TPE using 10/10 trials with best loss 0.532354
2016-03-13 13:22 INFO: --------------------------------------------------
2016-03-13 13:22 INFO: Task
2016-03-13 13:22 INFO:       [Feat@basic20160313]_[Learner@reg_skl_lsvr]_[Id@11]
2016-03-13 13:22 INFO: Param
2016-03-13 13:22 INFO:       C: 4.860853116840932
2016-03-13 13:22 INFO:       epsilon: 0.09034305337225088
2016-03-13 13:22 INFO:       loss: epsilon_insensitive
2016-03-13 13:22 INFO:       normalize: True
2016-03-13 13:22 INFO:       random_state: 2016
2016-03-13 13:22 INFO: Result
2016-03-13 13:22 INFO:       Run      RMSE        Shape
2016-03-13 13:24 INFO:         1    0.645388    23167 x 894
2016-03-13 13:26 INFO:         2    0.620398    21940 x 894
2016-03-13 13:28 INFO:         3    0.651045    22182 x 894
2016-03-13 13:29 INFO:         4    0.637077    21966 x 894
2016-03-13 13:31 INFO:         5    0.671091    21961 x 894
2016-03-13 13:31 INFO: RMSE
2016-03-13 13:31 INFO:       Mean: 0.645000
2016-03-13 13:31 INFO:       Std: 0.016646
2016-03-13 13:31 INFO: Time
2016-03-13 13:31 INFO:       550.1657555103302
2016-03-13 13:31 INFO: --------------------------------------------------
2016-03-13 13:38 INFO: tpe_transform took 0.000000 seconds
2016-03-13 13:38 INFO: TPE using 11/11 trials with best loss 0.532354
2016-03-13 13:38 INFO: --------------------------------------------------
2016-03-13 13:38 INFO: Task
2016-03-13 13:38 INFO:       [Feat@basic20160313]_[Learner@reg_skl_lsvr]_[Id@12]
2016-03-13 13:38 INFO: Param
2016-03-13 13:38 INFO:       C: 55.85939683651208
2016-03-13 13:38 INFO:       epsilon: 0.05054211540694078
2016-03-13 13:38 INFO:       loss: squared_epsilon_insensitive
2016-03-13 13:38 INFO:       normalize: True
2016-03-13 13:38 INFO:       random_state: 2016
2016-03-13 13:38 INFO: Result
2016-03-13 13:38 INFO:       Run      RMSE        Shape
2016-03-13 13:40 INFO:         1    0.663572    23167 x 894
2016-03-13 13:41 INFO:         2    0.638822    21940 x 894
2016-03-13 13:43 INFO:         3    0.666272    22182 x 894
2016-03-13 13:45 INFO:         4     0.65776    21966 x 894
2016-03-13 13:47 INFO:         5    0.684183    21961 x 894
2016-03-13 13:47 INFO: RMSE
2016-03-13 13:47 INFO:       Mean: 0.662122
2016-03-13 13:47 INFO:       Std: 0.014615
2016-03-13 13:47 INFO: Time
2016-03-13 13:47 INFO:       573.1997013092041
2016-03-13 13:47 INFO: --------------------------------------------------
2016-03-13 13:53 INFO: tpe_transform took 0.015600 seconds
2016-03-13 13:53 INFO: TPE using 12/12 trials with best loss 0.532354
2016-03-13 13:53 INFO: --------------------------------------------------
2016-03-13 13:53 INFO: Task
2016-03-13 13:53 INFO:       [Feat@basic20160313]_[Learner@reg_skl_lsvr]_[Id@13]
2016-03-13 13:53 INFO: Param
2016-03-13 13:53 INFO:       C: 1.2790365364175524
2016-03-13 13:53 INFO:       epsilon: 0.0010920452085954023
2016-03-13 13:53 INFO:       loss: squared_epsilon_insensitive
2016-03-13 13:53 INFO:       normalize: False
2016-03-13 13:53 INFO:       random_state: 2016
2016-03-13 13:53 INFO: Result
2016-03-13 13:53 INFO:       Run      RMSE        Shape
2016-03-13 13:54 INFO:         1    0.679519    23167 x 894
2016-03-13 13:56 INFO:         2    0.740915    21940 x 894
2016-03-13 13:57 INFO:         3    1.139565    22182 x 894
2016-03-13 13:58 INFO:         4    0.702567    21966 x 894
2016-03-13 13:59 INFO:         5    0.589784    21961 x 894
2016-03-13 13:59 INFO: RMSE
2016-03-13 13:59 INFO:       Mean: 0.770470
2016-03-13 13:59 INFO:       Std: 0.191120
2016-03-13 13:59 INFO: Time
2016-03-13 13:59 INFO:       360.6769254207611
2016-03-13 13:59 INFO: --------------------------------------------------
2016-03-13 14:04 INFO: tpe_transform took 0.015600 seconds
2016-03-13 14:04 INFO: TPE using 13/13 trials with best loss 0.532354
2016-03-13 14:04 INFO: --------------------------------------------------
2016-03-13 14:04 INFO: Task
2016-03-13 14:04 INFO:       [Feat@basic20160313]_[Learner@reg_skl_lsvr]_[Id@14]
2016-03-13 14:04 INFO: Param
2016-03-13 14:04 INFO:       C: 1.0049557178636186
2016-03-13 14:04 INFO:       epsilon: 0.004611072956874907
2016-03-13 14:04 INFO:       loss: epsilon_insensitive
2016-03-13 14:04 INFO:       normalize: True
2016-03-13 14:04 INFO:       random_state: 2016
2016-03-13 14:04 INFO: Result
2016-03-13 14:04 INFO:       Run      RMSE        Shape
2016-03-13 14:06 INFO:         1      0.5841    23167 x 894
2016-03-13 14:08 INFO:         2    0.592388    21940 x 894
2016-03-13 14:10 INFO:         3    0.560642    22182 x 894
2016-03-13 14:11 INFO:         4    0.540569    21966 x 894
2016-03-13 14:13 INFO:         5    0.536019    21961 x 894
2016-03-13 14:13 INFO: RMSE
2016-03-13 14:13 INFO:       Mean: 0.562743
2016-03-13 14:13 INFO:       Std: 0.022562
2016-03-13 14:13 INFO: Time
2016-03-13 14:13 INFO:       584.4019672870636
2016-03-13 14:13 INFO: --------------------------------------------------
2016-03-13 14:19 INFO: tpe_transform took 0.015600 seconds
2016-03-13 14:19 INFO: TPE using 14/14 trials with best loss 0.532354
2016-03-13 14:19 INFO: --------------------------------------------------
2016-03-13 14:19 INFO: Task
2016-03-13 14:19 INFO:       [Feat@basic20160313]_[Learner@reg_skl_lsvr]_[Id@15]
2016-03-13 14:19 INFO: Param
2016-03-13 14:19 INFO:       C: 22.241485091387197
2016-03-13 14:19 INFO:       epsilon: 0.0030947183029278974
2016-03-13 14:19 INFO:       loss: squared_epsilon_insensitive
2016-03-13 14:19 INFO:       normalize: True
2016-03-13 14:19 INFO:       random_state: 2016
2016-03-13 14:19 INFO: Result
2016-03-13 14:19 INFO:       Run      RMSE        Shape
2016-03-13 14:21 INFO:         1    0.689837    23167 x 894
2016-03-13 14:23 INFO:         2    0.657677    21940 x 894
2016-03-13 14:25 INFO:         3    0.692269    22182 x 894
2016-03-13 14:26 INFO:         4    0.680737    21966 x 894
2016-03-13 14:28 INFO:         5    0.702417    21961 x 894
2016-03-13 14:28 INFO: RMSE
2016-03-13 14:28 INFO:       Mean: 0.684587
2016-03-13 14:28 INFO:       Std: 0.015122
2016-03-13 14:28 INFO: Time
2016-03-13 14:28 INFO:       543.0654983520508
2016-03-13 14:28 INFO: --------------------------------------------------
2016-03-13 14:34 INFO: tpe_transform took 0.015600 seconds
2016-03-13 14:34 INFO: TPE using 15/15 trials with best loss 0.532354
2016-03-13 14:34 INFO: --------------------------------------------------
2016-03-13 14:34 INFO: Task
2016-03-13 14:34 INFO:       [Feat@basic20160313]_[Learner@reg_skl_lsvr]_[Id@16]
2016-03-13 14:34 INFO: Param
2016-03-13 14:34 INFO:       C: 5.067480234688706
2016-03-13 14:34 INFO:       epsilon: 0.00308308985298246
2016-03-13 14:34 INFO:       loss: squared_epsilon_insensitive
2016-03-13 14:34 INFO:       normalize: False
2016-03-13 14:34 INFO:       random_state: 2016
2016-03-13 14:34 INFO: Result
2016-03-13 14:34 INFO:       Run      RMSE        Shape
2016-03-13 14:36 INFO:         1    0.678039    23167 x 894
2016-03-13 14:37 INFO:         2    0.740224    21940 x 894
2016-03-13 14:38 INFO:         3    1.138772    22182 x 894
2016-03-13 14:39 INFO:         4    0.702486    21966 x 894
2016-03-13 14:41 INFO:         5    0.589501    21961 x 894
2016-03-13 14:41 INFO: RMSE
2016-03-13 14:41 INFO:       Mean: 0.769805
2016-03-13 14:41 INFO:       Std: 0.191036
2016-03-13 14:41 INFO: Time
2016-03-13 14:41 INFO:       373.2838063240051
2016-03-13 14:41 INFO: --------------------------------------------------
2016-03-13 14:45 INFO: tpe_transform took 0.000000 seconds
2016-03-13 14:45 INFO: TPE using 16/16 trials with best loss 0.532354
2016-03-13 14:45 INFO: --------------------------------------------------
2016-03-13 14:45 INFO: Task
2016-03-13 14:45 INFO:       [Feat@basic20160313]_[Learner@reg_skl_lsvr]_[Id@17]
2016-03-13 14:45 INFO: Param
2016-03-13 14:45 INFO:       C: 7.774182491959399
2016-03-13 14:45 INFO:       epsilon: 0.001227757855502207
2016-03-13 14:45 INFO:       loss: epsilon_insensitive
2016-03-13 14:45 INFO:       normalize: True
2016-03-13 14:45 INFO:       random_state: 2016
2016-03-13 14:45 INFO: Result
2016-03-13 14:45 INFO:       Run      RMSE        Shape
2016-03-13 14:47 INFO:         1    0.706835    23167 x 894
2016-03-13 14:48 INFO:         2    0.673918    21940 x 894
2016-03-13 14:50 INFO:         3     0.70869    22182 x 894
2016-03-13 14:52 INFO:         4     0.70015    21966 x 894
2016-03-13 14:53 INFO:         5    0.720964    21961 x 894
2016-03-13 14:53 INFO: RMSE
2016-03-13 14:53 INFO:       Mean: 0.702111
2016-03-13 14:53 INFO:       Std: 0.015619
2016-03-13 14:53 INFO: Time
2016-03-13 14:53 INFO:       506.35806131362915
2016-03-13 14:53 INFO: --------------------------------------------------
2016-03-13 14:57 INFO: tpe_transform took 0.000000 seconds
2016-03-13 14:57 INFO: TPE using 17/17 trials with best loss 0.532354
2016-03-13 14:57 INFO: --------------------------------------------------
2016-03-13 14:57 INFO: Task
2016-03-13 14:57 INFO:       [Feat@basic20160313]_[Learner@reg_skl_lsvr]_[Id@18]
2016-03-13 14:57 INFO: Param
2016-03-13 14:57 INFO:       C: 60.583632606019776
2016-03-13 14:57 INFO:       epsilon: 0.009065265359601695
2016-03-13 14:57 INFO:       loss: squared_epsilon_insensitive
2016-03-13 14:57 INFO:       normalize: False
2016-03-13 14:57 INFO:       random_state: 2016
2016-03-13 14:57 INFO: Result
2016-03-13 14:57 INFO:       Run      RMSE        Shape
2016-03-13 14:57 INFO:         1    0.673617    23167 x 894
2016-03-13 14:58 INFO:         2    0.738164    21940 x 894
2016-03-13 14:59 INFO:         3    1.136544    22182 x 894
2016-03-13 14:59 INFO:         4    0.702231    21966 x 894
2016-03-13 15:00 INFO:         5    0.588658    21961 x 894
2016-03-13 15:00 INFO: RMSE
2016-03-13 15:00 INFO:       Mean: 0.767843
2016-03-13 15:00 INFO:       Std: 0.190847
2016-03-13 15:00 INFO: Time
2016-03-13 15:00 INFO:       194.31545162200928
2016-03-13 15:00 INFO: --------------------------------------------------
2016-03-13 15:02 INFO: tpe_transform took 0.000000 seconds
2016-03-13 15:02 INFO: TPE using 18/18 trials with best loss 0.532354
2016-03-13 15:02 INFO: --------------------------------------------------
2016-03-13 15:02 INFO: Task
2016-03-13 15:02 INFO:       [Feat@basic20160313]_[Learner@reg_skl_lsvr]_[Id@19]
2016-03-13 15:02 INFO: Param
2016-03-13 15:02 INFO:       C: 10.73326617936092
2016-03-13 15:02 INFO:       epsilon: 0.0018439786831348304
2016-03-13 15:02 INFO:       loss: squared_epsilon_insensitive
2016-03-13 15:02 INFO:       normalize: False
2016-03-13 15:02 INFO:       random_state: 2016
2016-03-13 15:02 INFO: Result
2016-03-13 15:02 INFO:       Run      RMSE        Shape
2016-03-13 15:03 INFO:         1    0.678959    23167 x 894
2016-03-13 15:04 INFO:         2    0.740653    21940 x 894
2016-03-13 15:04 INFO:         3    1.139266    22182 x 894
2016-03-13 15:05 INFO:         4    0.702545    21966 x 894
2016-03-13 15:06 INFO:         5    0.589676    21961 x 894
2016-03-13 15:06 INFO: RMSE
2016-03-13 15:06 INFO:       Mean: 0.770220
2016-03-13 15:06 INFO:       Std: 0.191088
2016-03-13 15:06 INFO: Time
2016-03-13 15:06 INFO:       201.10589694976807
2016-03-13 15:06 INFO: --------------------------------------------------
2016-03-13 15:08 INFO: tpe_transform took 0.000000 seconds
2016-03-13 15:08 INFO: TPE using 19/19 trials with best loss 0.532354
2016-03-13 15:08 INFO: --------------------------------------------------
2016-03-13 15:08 INFO: Task
2016-03-13 15:08 INFO:       [Feat@basic20160313]_[Learner@reg_skl_lsvr]_[Id@20]
2016-03-13 15:08 INFO: Param
2016-03-13 15:08 INFO:       C: 16.585304000927707
2016-03-13 15:08 INFO:       epsilon: 0.015264716393037328
2016-03-13 15:08 INFO:       loss: epsilon_insensitive
2016-03-13 15:08 INFO:       normalize: True
2016-03-13 15:08 INFO:       random_state: 2016
2016-03-13 15:08 INFO: Result
2016-03-13 15:08 INFO:       Run      RMSE        Shape
2016-03-13 15:09 INFO:         1    0.695609    23167 x 894
2016-03-13 15:10 INFO:         2    0.665361    21940 x 894
2016-03-13 15:11 INFO:         3    0.698515    22182 x 894
2016-03-13 15:12 INFO:         4    0.689774    21966 x 894
2016-03-13 15:13 INFO:         5    0.712049    21961 x 894
2016-03-13 15:13 INFO: RMSE
2016-03-13 15:13 INFO:       Mean: 0.692262
2016-03-13 15:13 INFO:       Std: 0.015308
2016-03-13 15:13 INFO: Time
2016-03-13 15:13 INFO:       303.2803542613983
2016-03-13 15:13 INFO: --------------------------------------------------
2016-03-13 15:16 INFO: tpe_transform took 0.000000 seconds
2016-03-13 15:16 INFO: TPE using 20/20 trials with best loss 0.532354
2016-03-13 15:16 INFO: --------------------------------------------------
2016-03-13 15:16 INFO: Task
2016-03-13 15:16 INFO:       [Feat@basic20160313]_[Learner@reg_skl_lsvr]_[Id@21]
2016-03-13 15:16 INFO: Param
2016-03-13 15:16 INFO:       C: 2.3996874171212785
2016-03-13 15:16 INFO:       epsilon: 0.007669265591317406
2016-03-13 15:16 INFO:       loss: epsilon_insensitive
2016-03-13 15:16 INFO:       normalize: True
2016-03-13 15:16 INFO:       random_state: 2016
2016-03-13 15:16 INFO: Result
2016-03-13 15:16 INFO:       Run      RMSE        Shape
2016-03-13 15:17 INFO:         1    0.680337    23167 x 894
2016-03-13 15:18 INFO:         2    0.642888    21940 x 894
2016-03-13 15:19 INFO:         3    0.688141    22182 x 894
2016-03-13 15:20 INFO:         4    0.666609    21966 x 894
2016-03-13 15:21 INFO:         5     0.69079    21961 x 894
2016-03-13 15:21 INFO: RMSE
2016-03-13 15:21 INFO:       Mean: 0.673753
2016-03-13 15:21 INFO:       Std: 0.017574
2016-03-13 15:21 INFO: Time
2016-03-13 15:21 INFO:       304.0231583118439
2016-03-13 15:21 INFO: --------------------------------------------------
2016-03-13 15:25 INFO: tpe_transform took 0.000000 seconds
2016-03-13 15:25 INFO: TPE using 21/21 trials with best loss 0.532354
2016-03-13 15:25 INFO: --------------------------------------------------
2016-03-13 15:25 INFO: Task
2016-03-13 15:25 INFO:       [Feat@basic20160313]_[Learner@reg_skl_lsvr]_[Id@22]
2016-03-13 15:25 INFO: Param
2016-03-13 15:25 INFO:       C: 2.4139906354585743
2016-03-13 15:25 INFO:       epsilon: 0.006866173214228534
2016-03-13 15:25 INFO:       loss: epsilon_insensitive
2016-03-13 15:25 INFO:       normalize: True
2016-03-13 15:25 INFO:       random_state: 2016
2016-03-13 15:25 INFO: Result
2016-03-13 15:25 INFO:       Run      RMSE        Shape
2016-03-13 15:26 INFO:         1    0.680908    23167 x 894
2016-03-13 15:27 INFO:         2    0.643877    21940 x 894
2016-03-13 15:28 INFO:         3    0.688336    22182 x 894
2016-03-13 15:29 INFO:         4    0.665671    21966 x 894
2016-03-13 15:30 INFO:         5    0.688328    21961 x 894
2016-03-13 15:30 INFO: RMSE
2016-03-13 15:30 INFO:       Mean: 0.673424
2016-03-13 15:30 INFO:       Std: 0.016933
2016-03-13 15:30 INFO: Time
2016-03-13 15:30 INFO:       313.07942152023315
2016-03-13 15:30 INFO: --------------------------------------------------
2016-03-13 15:34 INFO: tpe_transform took 0.015600 seconds
2016-03-13 15:34 INFO: TPE using 22/22 trials with best loss 0.532354
2016-03-13 15:34 INFO: --------------------------------------------------
2016-03-13 15:34 INFO: Task
2016-03-13 15:34 INFO:       [Feat@basic20160313]_[Learner@reg_skl_lsvr]_[Id@23]
2016-03-13 15:34 INFO: Param
2016-03-13 15:34 INFO:       C: 3.4223078826473583
2016-03-13 15:34 INFO:       epsilon: 0.001897239240965193
2016-03-13 15:34 INFO:       loss: epsilon_insensitive
2016-03-13 15:34 INFO:       normalize: True
2016-03-13 15:34 INFO:       random_state: 2016
2016-03-13 15:34 INFO: Result
2016-03-13 15:34 INFO:       Run      RMSE        Shape
2016-03-13 15:36 INFO:         1    0.710478    23167 x 894
2016-03-13 15:37 INFO:         2    0.651039    21940 x 894
2016-03-13 15:38 INFO:         3    0.703837    22182 x 894
2016-03-13 15:39 INFO:         4    0.697775    21966 x 894
2016-03-13 15:41 INFO:         5    0.716083    21961 x 894
2016-03-13 15:41 INFO: RMSE
2016-03-13 15:41 INFO:       Mean: 0.695842
2016-03-13 15:41 INFO:       Std: 0.023233
2016-03-13 15:41 INFO: Time
2016-03-13 15:41 INFO:       406.430237531662
2016-03-13 15:41 INFO: --------------------------------------------------
2016-03-13 15:45 INFO: tpe_transform took 0.000000 seconds
2016-03-13 15:45 INFO: TPE using 23/23 trials with best loss 0.532354
2016-03-13 15:45 INFO: --------------------------------------------------
2016-03-13 15:45 INFO: Task
2016-03-13 15:45 INFO:       [Feat@basic20160313]_[Learner@reg_skl_lsvr]_[Id@24]
2016-03-13 15:45 INFO: Param
2016-03-13 15:45 INFO:       C: 1.7615210265427792
2016-03-13 15:45 INFO:       epsilon: 0.004865985562577631
2016-03-13 15:45 INFO:       loss: epsilon_insensitive
2016-03-13 15:45 INFO:       normalize: True
2016-03-13 15:45 INFO:       random_state: 2016
2016-03-13 15:45 INFO: Result
2016-03-13 15:45 INFO:       Run      RMSE        Shape
2016-03-13 15:47 INFO:         1    0.704976    23167 x 894
2016-03-13 15:48 INFO:         2     0.65487    21940 x 894
2016-03-13 15:49 INFO:         3    0.660839    22182 x 894
2016-03-13 15:51 INFO:         4    0.640745    21966 x 894
2016-03-13 15:52 INFO:         5    0.633077    21961 x 894
2016-03-13 15:52 INFO: RMSE
2016-03-13 15:52 INFO:       Mean: 0.658901
2016-03-13 15:52 INFO:       Std: 0.025058
2016-03-13 15:52 INFO: Time
2016-03-13 15:52 INFO:       400.38839960098267
2016-03-13 15:52 INFO: --------------------------------------------------
2016-03-13 15:56 INFO: tpe_transform took 0.000000 seconds
2016-03-13 15:56 INFO: TPE using 24/24 trials with best loss 0.532354
2016-03-13 15:56 INFO: --------------------------------------------------
2016-03-13 15:56 INFO: Task
2016-03-13 15:56 INFO:       [Feat@basic20160313]_[Learner@reg_skl_lsvr]_[Id@25]
2016-03-13 15:56 INFO: Param
2016-03-13 15:56 INFO:       C: 92.2621859476027
2016-03-13 15:56 INFO:       epsilon: 0.015237916065684356
2016-03-13 15:56 INFO:       loss: epsilon_insensitive
2016-03-13 15:56 INFO:       normalize: True
2016-03-13 15:56 INFO:       random_state: 2016
2016-03-13 15:56 INFO: Result
2016-03-13 15:56 INFO:       Run      RMSE        Shape
2016-03-13 15:58 INFO:         1    0.695631    23167 x 894
2016-03-13 15:59 INFO:         2    0.665377    21940 x 894
2016-03-13 16:00 INFO:         3    0.698532    22182 x 894
2016-03-13 16:02 INFO:         4     0.68979    21966 x 894
2016-03-13 16:03 INFO:         5    0.712065    21961 x 894
2016-03-13 16:03 INFO: RMSE
2016-03-13 16:03 INFO:       Mean: 0.692279
2016-03-13 16:03 INFO:       Std: 0.015308
2016-03-13 16:03 INFO: Time
2016-03-13 16:03 INFO:       404.434818983078
2016-03-13 16:03 INFO: --------------------------------------------------
2016-03-13 16:08 INFO: tpe_transform took 0.000000 seconds
2016-03-13 16:08 INFO: TPE using 25/25 trials with best loss 0.532354
2016-03-13 16:08 INFO: --------------------------------------------------
2016-03-13 16:08 INFO: Task
2016-03-13 16:08 INFO:       [Feat@basic20160313]_[Learner@reg_skl_lsvr]_[Id@26]
2016-03-13 16:08 INFO: Param
2016-03-13 16:08 INFO:       C: 3.302302418947272
2016-03-13 16:08 INFO:       epsilon: 0.0018747062376970973
2016-03-13 16:08 INFO:       loss: epsilon_insensitive
2016-03-13 16:08 INFO:       normalize: True
2016-03-13 16:08 INFO:       random_state: 2016
2016-03-13 16:08 INFO: Result
2016-03-13 16:08 INFO:       Run      RMSE        Shape
2016-03-13 16:09 INFO:         1    0.709643    23167 x 894
2016-03-13 16:10 INFO:         2     0.64876    21940 x 894
2016-03-13 16:11 INFO:         3    0.718377    22182 x 894
2016-03-13 16:12 INFO:         4    0.695369    21966 x 894
2016-03-13 16:13 INFO:         5    0.710408    21961 x 894
2016-03-13 16:13 INFO: RMSE
2016-03-13 16:13 INFO:       Mean: 0.696511
2016-03-13 16:13 INFO:       Std: 0.025001
2016-03-13 16:13 INFO: Time
2016-03-13 16:13 INFO:       316.7227711677551
2016-03-13 16:13 INFO: --------------------------------------------------
2016-03-13 16:16 INFO: tpe_transform took 0.000000 seconds
2016-03-13 16:16 INFO: TPE using 26/26 trials with best loss 0.532354
2016-03-13 16:16 INFO: --------------------------------------------------
2016-03-13 16:16 INFO: Task
2016-03-13 16:16 INFO:       [Feat@basic20160313]_[Learner@reg_skl_lsvr]_[Id@27]
2016-03-13 16:16 INFO: Param
2016-03-13 16:16 INFO:       C: 1.0226609161384612
2016-03-13 16:16 INFO:       epsilon: 0.00582103012538042
2016-03-13 16:16 INFO:       loss: epsilon_insensitive
2016-03-13 16:16 INFO:       normalize: True
2016-03-13 16:16 INFO:       random_state: 2016
2016-03-13 16:16 INFO: Result
2016-03-13 16:16 INFO:       Run      RMSE        Shape
2016-03-13 16:18 INFO:         1    0.602161    23167 x 894
2016-03-13 16:19 INFO:         2    0.603358    21940 x 894
2016-03-13 16:20 INFO:         3    0.564531    22182 x 894
2016-03-13 16:21 INFO:         4     0.57499    21966 x 894
2016-03-13 16:22 INFO:         5    0.617041    21961 x 894
2016-03-13 16:22 INFO: RMSE
2016-03-13 16:22 INFO:       Mean: 0.592416
2016-03-13 16:22 INFO:       Std: 0.019505
2016-03-13 16:22 INFO: Time
2016-03-13 16:22 INFO:       335.94257640838623
2016-03-13 16:22 INFO: --------------------------------------------------
2016-03-13 16:26 INFO: tpe_transform took 0.000000 seconds
2016-03-13 16:26 INFO: TPE using 27/27 trials with best loss 0.532354
2016-03-13 16:26 INFO: --------------------------------------------------
2016-03-13 16:26 INFO: Task
2016-03-13 16:26 INFO:       [Feat@basic20160313]_[Learner@reg_skl_lsvr]_[Id@28]
2016-03-13 16:26 INFO: Param
2016-03-13 16:26 INFO:       C: 1.6533327781322384
2016-03-13 16:26 INFO:       epsilon: 0.013305848756003217
2016-03-13 16:26 INFO:       loss: epsilon_insensitive
2016-03-13 16:26 INFO:       normalize: True
2016-03-13 16:26 INFO:       random_state: 2016
2016-03-13 16:26 INFO: Result
2016-03-13 16:26 INFO:       Run      RMSE        Shape
2016-03-13 16:27 INFO:         1    0.699145    23167 x 894
2016-03-13 16:28 INFO:         2     0.64652    21940 x 894
2016-03-13 16:29 INFO:         3    0.648297    22182 x 894
2016-03-13 16:30 INFO:         4    0.603273    21966 x 894
2016-03-13 16:31 INFO:         5    0.625558    21961 x 894
2016-03-13 16:31 INFO: RMSE
2016-03-13 16:31 INFO:       Mean: 0.644559
2016-03-13 16:31 INFO:       Std: 0.031821
2016-03-13 16:31 INFO: Time
2016-03-13 16:31 INFO:       324.3639004230499
2016-03-13 16:31 INFO: --------------------------------------------------
2016-03-13 16:35 INFO: tpe_transform took 0.000000 seconds
2016-03-13 16:35 INFO: TPE using 28/28 trials with best loss 0.532354
2016-03-13 16:35 INFO: --------------------------------------------------
2016-03-13 16:35 INFO: Task
2016-03-13 16:35 INFO:       [Feat@basic20160313]_[Learner@reg_skl_lsvr]_[Id@29]
2016-03-13 16:35 INFO: Param
2016-03-13 16:35 INFO:       C: 11.84754390633063
2016-03-13 16:35 INFO:       epsilon: 0.030716636991281434
2016-03-13 16:35 INFO:       loss: squared_epsilon_insensitive
2016-03-13 16:35 INFO:       normalize: True
2016-03-13 16:35 INFO:       random_state: 2016
2016-03-13 16:35 INFO: Result
2016-03-13 16:35 INFO:       Run      RMSE        Shape
2016-03-13 16:36 INFO:         1    0.658015    23167 x 894
2016-03-13 16:38 INFO:         2    0.631143    21940 x 894
2016-03-13 16:39 INFO:         3    0.660958    22182 x 894
2016-03-13 16:40 INFO:         4     0.64822    21966 x 894
2016-03-13 16:41 INFO:         5    0.673213    21961 x 894
2016-03-13 16:41 INFO: RMSE
2016-03-13 16:41 INFO:       Mean: 0.654310
2016-03-13 16:41 INFO:       Std: 0.014064
2016-03-13 16:41 INFO: Time
2016-03-13 16:41 INFO:       341.77176237106323
2016-03-13 16:41 INFO: --------------------------------------------------
2016-03-13 16:44 INFO: tpe_transform took 0.000000 seconds
2016-03-13 16:44 INFO: TPE using 29/29 trials with best loss 0.532354
2016-03-13 16:44 INFO: --------------------------------------------------
2016-03-13 16:44 INFO: Task
2016-03-13 16:44 INFO:       [Feat@basic20160313]_[Learner@reg_skl_lsvr]_[Id@30]
2016-03-13 16:44 INFO: Param
2016-03-13 16:44 INFO:       C: 3.4461222648697136
2016-03-13 16:44 INFO:       epsilon: 0.002129294621698345
2016-03-13 16:44 INFO:       loss: epsilon_insensitive
2016-03-13 16:44 INFO:       normalize: True
2016-03-13 16:44 INFO:       random_state: 2016
2016-03-13 16:44 INFO: Result
2016-03-13 16:44 INFO:       Run      RMSE        Shape
2016-03-13 16:45 INFO:         1    0.710309    23167 x 894
2016-03-13 16:46 INFO:         2     0.65116    21940 x 894
2016-03-13 16:47 INFO:         3    0.705538    22182 x 894
2016-03-13 16:49 INFO:         4    0.697465    21966 x 894
2016-03-13 16:50 INFO:         5    0.715553    21961 x 894
2016-03-13 16:50 INFO: RMSE
2016-03-13 16:50 INFO:       Mean: 0.696005
2016-03-13 16:50 INFO:       Std: 0.023198
2016-03-13 16:50 INFO: Time
2016-03-13 16:50 INFO:       319.57930302619934
2016-03-13 16:50 INFO: --------------------------------------------------
2016-03-13 16:53 INFO: tpe_transform took 0.015600 seconds
2016-03-13 16:53 INFO: TPE using 30/30 trials with best loss 0.532354
2016-03-13 16:53 INFO: --------------------------------------------------
2016-03-13 16:53 INFO: Task
2016-03-13 16:53 INFO:       [Feat@basic20160313]_[Learner@reg_skl_lsvr]_[Id@31]
2016-03-13 16:53 INFO: Param
2016-03-13 16:53 INFO:       C: 1.000246313162447
2016-03-13 16:53 INFO:       epsilon: 0.010630580305533524
2016-03-13 16:53 INFO:       loss: squared_epsilon_insensitive
2016-03-13 16:53 INFO:       normalize: True
2016-03-13 16:53 INFO:       random_state: 2016
2016-03-13 16:53 INFO: Result
2016-03-13 16:53 INFO:       Run      RMSE        Shape
2016-03-13 16:54 INFO:         1    0.523606    23167 x 894
2016-03-13 16:55 INFO:         2    0.514186    21940 x 894
2016-03-13 16:56 INFO:         3    0.526124    22182 x 894
2016-03-13 16:57 INFO:         4     0.50489    21966 x 894
2016-03-13 16:58 INFO:         5    0.522283    21961 x 894
2016-03-13 16:58 INFO: RMSE
2016-03-13 16:58 INFO:       Mean: 0.518218
2016-03-13 16:58 INFO:       Std: 0.007771
2016-03-13 16:58 INFO: Time
2016-03-13 16:58 INFO:       323.3240978717804
2016-03-13 16:58 INFO: --------------------------------------------------
2016-03-13 17:02 INFO: tpe_transform took 0.015600 seconds
2016-03-13 17:02 INFO: TPE using 31/31 trials with best loss 0.518218
2016-03-13 17:02 INFO: --------------------------------------------------
2016-03-13 17:02 INFO: Task
2016-03-13 17:02 INFO:       [Feat@basic20160313]_[Learner@reg_skl_lsvr]_[Id@32]
2016-03-13 17:02 INFO: Param
2016-03-13 17:02 INFO:       C: 1.4069310019821033
2016-03-13 17:02 INFO:       epsilon: 0.01225968166408454
2016-03-13 17:02 INFO:       loss: squared_epsilon_insensitive
2016-03-13 17:02 INFO:       normalize: True
2016-03-13 17:02 INFO:       random_state: 2016
2016-03-13 17:02 INFO: Result
2016-03-13 17:02 INFO:       Run      RMSE        Shape
2016-03-13 17:03 INFO:         1    0.549549    23167 x 894
2016-03-13 17:04 INFO:         2    0.534627    21940 x 894
2016-03-13 17:05 INFO:         3    0.553236    22182 x 894
2016-03-13 17:06 INFO:         4    0.529213    21966 x 894
2016-03-13 17:08 INFO:         5     0.54972    21961 x 894
2016-03-13 17:08 INFO: RMSE
2016-03-13 17:08 INFO:       Mean: 0.543269
2016-03-13 17:08 INFO:       Std: 0.009515
2016-03-13 17:08 INFO: Time
2016-03-13 17:08 INFO:       355.06084990501404
2016-03-13 17:08 INFO: --------------------------------------------------
2016-03-13 17:12 INFO: tpe_transform took 0.000000 seconds
2016-03-13 17:12 INFO: TPE using 32/32 trials with best loss 0.518218
2016-03-13 17:12 INFO: --------------------------------------------------
2016-03-13 17:12 INFO: Task
2016-03-13 17:12 INFO:       [Feat@basic20160313]_[Learner@reg_skl_lsvr]_[Id@33]
2016-03-13 17:12 INFO: Param
2016-03-13 17:12 INFO:       C: 2.1211190293007314
2016-03-13 17:12 INFO:       epsilon: 0.022968189460238854
2016-03-13 17:12 INFO:       loss: squared_epsilon_insensitive
2016-03-13 17:12 INFO:       normalize: True
2016-03-13 17:12 INFO:       random_state: 2016
2016-03-13 17:12 INFO: Result
2016-03-13 17:12 INFO:       Run      RMSE        Shape
2016-03-13 17:14 INFO:         1    0.578345    23167 x 894
2016-03-13 17:15 INFO:         2    0.558357    21940 x 894
2016-03-13 17:16 INFO:         3    0.582078    22182 x 894
2016-03-13 17:17 INFO:         4    0.558702    21966 x 894
2016-03-13 17:19 INFO:         5    0.581847    21961 x 894
2016-03-13 17:19 INFO: RMSE
2016-03-13 17:19 INFO:       Mean: 0.571866
2016-03-13 17:19 INFO:       Std: 0.010970
2016-03-13 17:19 INFO: Time
2016-03-13 17:19 INFO:       393.5491394996643
2016-03-13 17:19 INFO: --------------------------------------------------
2016-03-13 17:24 INFO: tpe_transform took 0.000000 seconds
2016-03-13 17:24 INFO: TPE using 33/33 trials with best loss 0.518218
2016-03-13 17:24 INFO: --------------------------------------------------
2016-03-13 17:24 INFO: Task
2016-03-13 17:24 INFO:       [Feat@basic20160313]_[Learner@reg_skl_lsvr]_[Id@34]
2016-03-13 17:24 INFO: Param
2016-03-13 17:24 INFO:       C: 1.0013785160196722
2016-03-13 17:24 INFO:       epsilon: 0.03276899346154909
2016-03-13 17:24 INFO:       loss: squared_epsilon_insensitive
2016-03-13 17:24 INFO:       normalize: True
2016-03-13 17:24 INFO:       random_state: 2016
2016-03-13 17:24 INFO: Result
2016-03-13 17:24 INFO:       Run      RMSE        Shape
2016-03-13 17:25 INFO:         1    0.519177    23167 x 894
2016-03-13 17:26 INFO:         2    0.509608    21940 x 894
2016-03-13 17:27 INFO:         3    0.522792    22182 x 894
2016-03-13 17:28 INFO:         4    0.501545    21966 x 894
2016-03-13 17:29 INFO:         5    0.518865    21961 x 894
2016-03-13 17:29 INFO: RMSE
2016-03-13 17:29 INFO:       Mean: 0.514397
2016-03-13 17:29 INFO:       Std: 0.007764
2016-03-13 17:29 INFO: Time
2016-03-13 17:29 INFO:       325.5091094970703
2016-03-13 17:29 INFO: --------------------------------------------------
2016-03-13 17:33 INFO: tpe_transform took 0.000000 seconds
2016-03-13 17:33 INFO: TPE using 34/34 trials with best loss 0.514397
2016-03-13 17:33 INFO: --------------------------------------------------
2016-03-13 17:33 INFO: Task
2016-03-13 17:33 INFO:       [Feat@basic20160313]_[Learner@reg_skl_lsvr]_[Id@35]
2016-03-13 17:33 INFO: Param
2016-03-13 17:33 INFO:       C: 1.0104982778503546
2016-03-13 17:33 INFO:       epsilon: 0.03786477951683691
2016-03-13 17:33 INFO:       loss: squared_epsilon_insensitive
2016-03-13 17:33 INFO:       normalize: True
2016-03-13 17:33 INFO:       random_state: 2016
2016-03-13 17:33 INFO: Result
2016-03-13 17:33 INFO:       Run      RMSE        Shape
2016-03-13 17:34 INFO:         1    0.519453    23167 x 894
2016-03-13 17:35 INFO:         2    0.509127    21940 x 894
2016-03-13 17:36 INFO:         3    0.522388    22182 x 894
2016-03-13 17:37 INFO:         4    0.501322    21966 x 894
2016-03-13 17:39 INFO:         5    0.518731    21961 x 894
2016-03-13 17:39 INFO: RMSE
2016-03-13 17:39 INFO:       Mean: 0.514204
2016-03-13 17:39 INFO:       Std: 0.007833
2016-03-13 17:39 INFO: Time
2016-03-13 17:39 INFO:       347.9014437198639
2016-03-13 17:39 INFO: --------------------------------------------------
2016-03-13 17:43 INFO: tpe_transform took 0.000000 seconds
2016-03-13 17:43 INFO: TPE using 35/35 trials with best loss 0.514204
2016-03-13 17:43 INFO: --------------------------------------------------
2016-03-13 17:43 INFO: Task
2016-03-13 17:43 INFO:       [Feat@basic20160313]_[Learner@reg_skl_lsvr]_[Id@36]
2016-03-13 17:43 INFO: Param
2016-03-13 17:43 INFO:       C: 3.7998911741949475
2016-03-13 17:43 INFO:       epsilon: 0.039343822155307864
2016-03-13 17:43 INFO:       loss: squared_epsilon_insensitive
2016-03-13 17:43 INFO:       normalize: True
2016-03-13 17:43 INFO:       random_state: 2016
2016-03-13 17:43 INFO: Result
2016-03-13 17:43 INFO:       Run      RMSE        Shape
2016-03-13 17:44 INFO:         1    0.608634    23167 x 894
2016-03-13 17:46 INFO:         2    0.585105    21940 x 894
2016-03-13 17:48 INFO:         3     0.61242    22182 x 894
2016-03-13 17:49 INFO:         4     0.59321    21966 x 894
2016-03-13 17:50 INFO:         5     0.61832    21961 x 894
2016-03-13 17:50 INFO: RMSE
2016-03-13 17:50 INFO:       Mean: 0.603538
2016-03-13 17:50 INFO:       Std: 0.012408
2016-03-13 17:50 INFO: Time
2016-03-13 17:50 INFO:       421.34012246131897
2016-03-13 17:50 INFO: --------------------------------------------------
2016-03-13 17:55 INFO: tpe_transform took 0.015600 seconds
2016-03-13 17:55 INFO: TPE using 36/36 trials with best loss 0.514204
2016-03-13 17:55 INFO: --------------------------------------------------
2016-03-13 17:55 INFO: Task
2016-03-13 17:55 INFO:       [Feat@basic20160313]_[Learner@reg_skl_lsvr]_[Id@37]
2016-03-13 17:55 INFO: Param
2016-03-13 17:55 INFO:       C: 2.1242861599061134
2016-03-13 17:55 INFO:       epsilon: 0.08955759472156641
2016-03-13 17:55 INFO:       loss: squared_epsilon_insensitive
2016-03-13 17:55 INFO:       normalize: True
2016-03-13 17:55 INFO:       random_state: 2016
2016-03-13 17:55 INFO: Result
2016-03-13 17:55 INFO:       Run      RMSE        Shape
2016-03-13 17:57 INFO:         1    0.557191    23167 x 894
2016-03-13 17:58 INFO:         2    0.537088    21940 x 894
2016-03-13 17:59 INFO:         3    0.555966    22182 x 894
2016-03-13 18:01 INFO:         4    0.538811    21966 x 894
2016-03-13 18:02 INFO:         5    0.560228    21961 x 894
2016-03-13 18:02 INFO: RMSE
2016-03-13 18:02 INFO:       Mean: 0.549857
2016-03-13 18:02 INFO:       Std: 0.009836
2016-03-13 18:02 INFO: Time
2016-03-13 18:02 INFO:       427.3591697216034
2016-03-13 18:02 INFO: --------------------------------------------------
2016-03-13 18:06 INFO: tpe_transform took 0.015600 seconds
2016-03-13 18:06 INFO: TPE using 37/37 trials with best loss 0.514204
2016-03-13 18:06 INFO: --------------------------------------------------
2016-03-13 18:06 INFO: Task
2016-03-13 18:06 INFO:       [Feat@basic20160313]_[Learner@reg_skl_lsvr]_[Id@38]
2016-03-13 18:06 INFO: Param
2016-03-13 18:06 INFO:       C: 14.914896335869578
2016-03-13 18:06 INFO:       epsilon: 0.023911302357470954
2016-03-13 18:06 INFO:       loss: squared_epsilon_insensitive
2016-03-13 18:06 INFO:       normalize: True
2016-03-13 18:06 INFO:       random_state: 2016
2016-03-13 18:06 INFO: Result
2016-03-13 18:06 INFO:       Run      RMSE        Shape
2016-03-13 18:08 INFO:         1     0.66772    23167 x 894
2016-03-13 18:09 INFO:         2    0.639346    21940 x 894
2016-03-13 18:10 INFO:         3    0.671334    22182 x 894
2016-03-13 18:12 INFO:         4    0.658356    21966 x 894
2016-03-13 18:13 INFO:         5     0.68258    21961 x 894
2016-03-13 18:13 INFO: RMSE
2016-03-13 18:13 INFO:       Mean: 0.663867
2016-03-13 18:13 INFO:       Std: 0.014508
2016-03-13 18:13 INFO: Time
2016-03-13 18:13 INFO:       417.1378993988037
2016-03-13 18:13 INFO: --------------------------------------------------
2016-03-13 18:17 INFO: tpe_transform took 0.000000 seconds
2016-03-13 18:17 INFO: TPE using 38/38 trials with best loss 0.514204
2016-03-13 18:17 INFO: --------------------------------------------------
2016-03-13 18:17 INFO: Task
2016-03-13 18:17 INFO:       [Feat@basic20160313]_[Learner@reg_skl_lsvr]_[Id@39]
2016-03-13 18:17 INFO: Param
2016-03-13 18:17 INFO:       C: 7.24434236442412
2016-03-13 18:17 INFO:       epsilon: 0.06581593906019526
2016-03-13 18:17 INFO:       loss: squared_epsilon_insensitive
2016-03-13 18:17 INFO:       normalize: False
2016-03-13 18:17 INFO:       random_state: 2016
2016-03-13 18:17 INFO: Result
2016-03-13 18:17 INFO:       Run      RMSE        Shape
2016-03-13 18:18 INFO:         1    0.638797    23167 x 894
2016-03-13 18:19 INFO:         2    0.720567    21940 x 894
2016-03-13 18:20 INFO:         3    1.117696    22182 x 894
2016-03-13 18:21 INFO:         4    0.706376    21966 x 894
2016-03-13 18:22 INFO:         5    0.581711    21961 x 894
2016-03-13 18:22 INFO: RMSE
2016-03-13 18:22 INFO:       Mean: 0.753029
2016-03-13 18:22 INFO:       Std: 0.189003
2016-03-13 18:22 INFO: Time
2016-03-13 18:22 INFO:       332.7857496738434
2016-03-13 18:22 INFO: --------------------------------------------------
2016-03-13 18:25 INFO: tpe_transform took 0.000000 seconds