
[2016-04-17 23:09:21,789] INFO: tpe_transform took 0.003444 seconds
[2016-04-17 23:09:21,790] INFO: TPE using 0 trials
[2016-04-17 23:09:21,792] INFO: ==================================================
[2016-04-17 23:09:21,792] INFO: Task
[2016-04-17 23:09:21,792] INFO:       [Feat@basic_linear_201604172250]_[Learner@reg_skl_ridge]_[Id@1]
[2016-04-17 23:09:21,792] INFO: Param
[2016-04-17 23:09:21,792] INFO:       alpha: 0.026575479529217592
[2016-04-17 23:09:21,793] INFO:       normalize: True
[2016-04-17 23:09:21,793] INFO:       random_state: 2016
[2016-04-17 23:09:21,793] INFO: Result
[2016-04-17 23:09:21,793] INFO:       Run      RMSE        Shape
[2016-04-17 23:09:29,641] INFO:         1    0.448583    23167 x 1365
[2016-04-17 23:09:37,491] INFO:         2    0.450686    21940 x 1365
[2016-04-17 23:09:45,361] INFO:         3    0.449607    22182 x 1365
[2016-04-17 23:09:53,824] INFO:         4    0.451053    21966 x 1365
[2016-04-17 23:10:00,754] INFO:         5    0.450172    21961 x 1365
[2016-04-17 23:10:01,061] INFO: RMSE
[2016-04-17 23:10:01,061] INFO:       Mean: 0.450020
[2016-04-17 23:10:01,061] INFO:       Std: 0.000868
[2016-04-17 23:10:01,061] INFO: Time
[2016-04-17 23:10:01,061] INFO:       39 secs
[2016-04-17 23:10:01,061] INFO: --------------------------------------------------
[2016-04-17 23:10:18,897] INFO: tpe_transform took 0.006311 seconds
[2016-04-17 23:10:18,897] INFO: TPE using 1/1 trials with best loss 0.450020
[2016-04-17 23:10:18,899] INFO: ==================================================
[2016-04-17 23:10:18,899] INFO: Task
[2016-04-17 23:10:18,900] INFO:       [Feat@basic_linear_201604172250]_[Learner@reg_skl_ridge]_[Id@2]
[2016-04-17 23:10:18,900] INFO: Param
[2016-04-17 23:10:18,900] INFO:       alpha: 14.87837410093004
[2016-04-17 23:10:18,900] INFO:       normalize: True
[2016-04-17 23:10:18,900] INFO:       random_state: 2016
[2016-04-17 23:10:18,901] INFO: Result
[2016-04-17 23:10:18,901] INFO:       Run      RMSE        Shape
[2016-04-17 23:10:26,056] INFO:         1    0.463103    23167 x 1365
[2016-04-17 23:10:33,650] INFO:         2    0.464715    21940 x 1365
[2016-04-17 23:10:41,484] INFO:         3    0.463365    22182 x 1365
[2016-04-17 23:10:49,748] INFO:         4    0.464392    21966 x 1365
[2016-04-17 23:10:58,569] INFO:         5    0.464179    21961 x 1365
[2016-04-17 23:10:58,872] INFO: RMSE
[2016-04-17 23:10:58,872] INFO:       Mean: 0.463951
[2016-04-17 23:10:58,872] INFO:       Std: 0.000615
[2016-04-17 23:10:58,872] INFO: Time
[2016-04-17 23:10:58,872] INFO:       39 secs
[2016-04-17 23:10:58,872] INFO: --------------------------------------------------
[2016-04-17 23:11:17,888] INFO: tpe_transform took 0.003343 seconds
[2016-04-17 23:11:17,888] INFO: TPE using 2/2 trials with best loss 0.450020
[2016-04-17 23:11:17,890] INFO: ==================================================
[2016-04-17 23:11:17,890] INFO: Task
[2016-04-17 23:11:17,890] INFO:       [Feat@basic_linear_201604172250]_[Learner@reg_skl_ridge]_[Id@3]
[2016-04-17 23:11:17,890] INFO: Param
[2016-04-17 23:11:17,891] INFO:       alpha: 4.907109929086568
[2016-04-17 23:11:17,891] INFO:       normalize: True
[2016-04-17 23:11:17,891] INFO:       random_state: 2016
[2016-04-17 23:11:17,891] INFO: Result
[2016-04-17 23:11:17,891] INFO:       Run      RMSE        Shape
[2016-04-17 23:11:26,206] INFO:         1    0.456811    23167 x 1365
[2016-04-17 23:11:34,914] INFO:         2    0.458184    21940 x 1365
[2016-04-17 23:11:43,332] INFO:         3    0.456944    22182 x 1365
[2016-04-17 23:11:50,944] INFO:         4    0.458347    21966 x 1365
[2016-04-17 23:11:57,439] INFO:         5    0.458053    21961 x 1365
[2016-04-17 23:11:57,894] INFO: RMSE
[2016-04-17 23:11:57,894] INFO:       Mean: 0.457668
[2016-04-17 23:11:57,895] INFO:       Std: 0.000653
[2016-04-17 23:11:57,895] INFO: Time
[2016-04-17 23:11:57,895] INFO:       40 secs
[2016-04-17 23:11:57,895] INFO: --------------------------------------------------
[2016-04-17 23:12:14,939] INFO: tpe_transform took 0.007664 seconds
[2016-04-17 23:12:14,939] INFO: TPE using 3/3 trials with best loss 0.450020
[2016-04-17 23:12:14,941] INFO: ==================================================
[2016-04-17 23:12:14,942] INFO: Task
[2016-04-17 23:12:14,942] INFO:       [Feat@basic_linear_201604172250]_[Learner@reg_skl_ridge]_[Id@4]
[2016-04-17 23:12:14,942] INFO: Param
[2016-04-17 23:12:14,942] INFO:       alpha: 12.796452763317337
[2016-04-17 23:12:14,943] INFO:       normalize: True
[2016-04-17 23:12:14,943] INFO:       random_state: 2016
[2016-04-17 23:12:14,943] INFO: Result
[2016-04-17 23:12:14,943] INFO:       Run      RMSE        Shape
[2016-04-17 23:12:22,489] INFO:         1    0.462113    23167 x 1365
[2016-04-17 23:12:31,273] INFO:         2     0.46369    21940 x 1365
[2016-04-17 23:12:38,089] INFO:         3    0.462346    22182 x 1365
[2016-04-17 23:12:44,798] INFO:         4    0.463438    21966 x 1365
[2016-04-17 23:12:51,518] INFO:         5    0.463216    21961 x 1365
[2016-04-17 23:12:51,982] INFO: RMSE
[2016-04-17 23:12:51,982] INFO:       Mean: 0.462961
[2016-04-17 23:12:51,983] INFO:       Std: 0.000620
[2016-04-17 23:12:51,983] INFO: Time
[2016-04-17 23:12:51,983] INFO:       37 secs
[2016-04-17 23:12:51,983] INFO: --------------------------------------------------
[2016-04-17 23:13:07,047] INFO: tpe_transform took 0.003072 seconds
[2016-04-17 23:13:07,048] INFO: TPE using 4/4 trials with best loss 0.450020
[2016-04-17 23:13:07,049] INFO: ==================================================
[2016-04-17 23:13:07,049] INFO: Task
[2016-04-17 23:13:07,049] INFO:       [Feat@basic_linear_201604172250]_[Learner@reg_skl_ridge]_[Id@5]
[2016-04-17 23:13:07,050] INFO: Param
[2016-04-17 23:13:07,050] INFO:       alpha: 0.1105046706569803
[2016-04-17 23:13:07,050] INFO:       normalize: False
[2016-04-17 23:13:07,050] INFO:       random_state: 2016
[2016-04-17 23:13:07,050] INFO: Result
[2016-04-17 23:13:07,050] INFO:       Run      RMSE        Shape
[2016-04-17 23:13:13,678] INFO:         1    0.453695    23167 x 1365
[2016-04-17 23:13:21,275] INFO:         2    0.455712    21940 x 1365
[2016-04-17 23:13:28,112] INFO:         3    0.455476    22182 x 1365
[2016-04-17 23:13:35,295] INFO:         4     0.45625    21966 x 1365
[2016-04-17 23:13:41,521] INFO:         5    0.455433    21961 x 1365
[2016-04-17 23:13:41,975] INFO: RMSE
[2016-04-17 23:13:41,975] INFO:       Mean: 0.455313
[2016-04-17 23:13:41,975] INFO:       Std: 0.000860
[2016-04-17 23:13:41,976] INFO: Time
[2016-04-17 23:13:41,976] INFO:       34 secs
[2016-04-17 23:13:41,976] INFO: --------------------------------------------------
[2016-04-17 23:13:57,679] INFO: tpe_transform took 0.005466 seconds
[2016-04-17 23:13:57,679] INFO: TPE using 5/5 trials with best loss 0.450020
[2016-04-17 23:13:57,681] INFO: ==================================================
[2016-04-17 23:13:57,681] INFO: Task
[2016-04-17 23:13:57,681] INFO:       [Feat@basic_linear_201604172250]_[Learner@reg_skl_ridge]_[Id@6]
[2016-04-17 23:13:57,681] INFO: Param
[2016-04-17 23:13:57,681] INFO:       alpha: 10.652842991329308
[2016-04-17 23:13:57,682] INFO:       normalize: True
[2016-04-17 23:13:57,682] INFO:       random_state: 2016
[2016-04-17 23:13:57,682] INFO: Result
[2016-04-17 23:13:57,682] INFO:       Run      RMSE        Shape
[2016-04-17 23:14:04,596] INFO:         1    0.460978    23167 x 1365
[2016-04-17 23:14:11,657] INFO:         2    0.462513    21940 x 1365
[2016-04-17 23:14:18,499] INFO:         3    0.461182    22182 x 1365
[2016-04-17 23:14:25,464] INFO:         4    0.462347    21966 x 1365
[2016-04-17 23:14:32,682] INFO:         5    0.462111    21961 x 1365
[2016-04-17 23:14:33,141] INFO: RMSE
[2016-04-17 23:14:33,141] INFO:       Mean: 0.461826
[2016-04-17 23:14:33,141] INFO:       Std: 0.000626
[2016-04-17 23:14:33,142] INFO: Time
[2016-04-17 23:14:33,142] INFO:       35 secs
[2016-04-17 23:14:33,142] INFO: --------------------------------------------------
[2016-04-17 23:14:48,904] INFO: tpe_transform took 0.001904 seconds
[2016-04-17 23:14:48,904] INFO: TPE using 6/6 trials with best loss 0.450020
[2016-04-17 23:14:48,905] INFO: ==================================================
[2016-04-17 23:14:48,906] INFO: Task
[2016-04-17 23:14:48,906] INFO:       [Feat@basic_linear_201604172250]_[Learner@reg_skl_ridge]_[Id@7]
[2016-04-17 23:14:48,906] INFO: Param
[2016-04-17 23:14:48,906] INFO:       alpha: 0.6711435728408558
[2016-04-17 23:14:48,906] INFO:       normalize: False
[2016-04-17 23:14:48,906] INFO:       random_state: 2016
[2016-04-17 23:14:48,906] INFO: Result
[2016-04-17 23:14:48,906] INFO:       Run      RMSE        Shape
[2016-04-17 23:14:55,398] INFO:         1    0.451887    23167 x 1365
[2016-04-17 23:15:02,296] INFO:         2    0.453913    21940 x 1365
[2016-04-17 23:15:08,566] INFO:         3    0.453475    22182 x 1365
[2016-04-17 23:15:15,086] INFO:         4    0.454711    21966 x 1365
[2016-04-17 23:15:22,329] INFO:         5    0.453672    21961 x 1365
[2016-04-17 23:15:22,783] INFO: RMSE
[2016-04-17 23:15:22,784] INFO:       Mean: 0.453532
[2016-04-17 23:15:22,784] INFO:       Std: 0.000924
[2016-04-17 23:15:22,784] INFO: Time
[2016-04-17 23:15:22,784] INFO:       33 secs
[2016-04-17 23:15:22,784] INFO: --------------------------------------------------
[2016-04-17 23:15:37,285] INFO: tpe_transform took 0.005893 seconds
[2016-04-17 23:15:37,285] INFO: TPE using 7/7 trials with best loss 0.450020
[2016-04-17 23:15:37,287] INFO: ==================================================
[2016-04-17 23:15:37,287] INFO: Task
[2016-04-17 23:15:37,287] INFO:       [Feat@basic_linear_201604172250]_[Learner@reg_skl_ridge]_[Id@8]
[2016-04-17 23:15:37,287] INFO: Param
[2016-04-17 23:15:37,288] INFO:       alpha: 9.740448230067496
[2016-04-17 23:15:37,288] INFO:       normalize: True
[2016-04-17 23:15:37,288] INFO:       random_state: 2016
[2016-04-17 23:15:37,288] INFO: Result
[2016-04-17 23:15:37,288] INFO:       Run      RMSE        Shape
[2016-04-17 23:15:44,249] INFO:         1    0.460449    23167 x 1365
[2016-04-17 23:15:51,533] INFO:         2    0.461963    21940 x 1365
[2016-04-17 23:15:58,791] INFO:         3    0.460639    22182 x 1365
[2016-04-17 23:16:06,250] INFO:         4    0.461838    21966 x 1365
[2016-04-17 23:16:13,449] INFO:         5    0.461596    21961 x 1365
[2016-04-17 23:16:13,898] INFO: RMSE
[2016-04-17 23:16:13,899] INFO:       Mean: 0.461297
[2016-04-17 23:16:13,899] INFO:       Std: 0.000629
[2016-04-17 23:16:13,899] INFO: Time
[2016-04-17 23:16:13,899] INFO:       36 secs
[2016-04-17 23:16:13,899] INFO: --------------------------------------------------
[2016-04-17 23:16:30,703] INFO: tpe_transform took 0.003069 seconds
[2016-04-17 23:16:30,703] INFO: TPE using 8/8 trials with best loss 0.450020
[2016-04-17 23:16:30,705] INFO: ==================================================
[2016-04-17 23:16:30,705] INFO: Task
[2016-04-17 23:16:30,705] INFO:       [Feat@basic_linear_201604172250]_[Learner@reg_skl_ridge]_[Id@9]
[2016-04-17 23:16:30,705] INFO: Param
[2016-04-17 23:16:30,705] INFO:       alpha: 0.09277545018229588
[2016-04-17 23:16:30,706] INFO:       normalize: False
[2016-04-17 23:16:30,706] INFO:       random_state: 2016
[2016-04-17 23:16:30,706] INFO: Result
[2016-04-17 23:16:30,706] INFO:       Run      RMSE        Shape
[2016-04-17 23:16:37,595] INFO:         1    0.453831    23167 x 1365
[2016-04-17 23:16:45,034] INFO:         2    0.455869    21940 x 1365
[2016-04-17 23:16:52,847] INFO:         3    0.455656    22182 x 1365
[2016-04-17 23:17:01,033] INFO:         4    0.456374    21966 x 1365
[2016-04-17 23:17:08,302] INFO:         5     0.45557    21961 x 1365
[2016-04-17 23:17:08,597] INFO: RMSE
[2016-04-17 23:17:08,598] INFO:       Mean: 0.455460
[2016-04-17 23:17:08,598] INFO:       Std: 0.000861
[2016-04-17 23:17:08,598] INFO: Time
[2016-04-17 23:17:08,598] INFO:       37 secs
[2016-04-17 23:17:08,598] INFO: --------------------------------------------------
[2016-04-17 23:17:24,553] INFO: tpe_transform took 0.005546 seconds
[2016-04-17 23:17:24,554] INFO: TPE using 9/9 trials with best loss 0.450020
[2016-04-17 23:17:24,555] INFO: ==================================================
[2016-04-17 23:17:24,556] INFO: Task
[2016-04-17 23:17:24,556] INFO:       [Feat@basic_linear_201604172250]_[Learner@reg_skl_ridge]_[Id@10]
[2016-04-17 23:17:24,556] INFO: Param
[2016-04-17 23:17:24,556] INFO:       alpha: 14.302175638813527
[2016-04-17 23:17:24,556] INFO:       normalize: False
[2016-04-17 23:17:24,557] INFO:       random_state: 2016
[2016-04-17 23:17:24,557] INFO: Result
[2016-04-17 23:17:24,557] INFO:       Run      RMSE        Shape
[2016-04-17 23:17:31,630] INFO:         1    0.448648    23167 x 1365
[2016-04-17 23:17:38,523] INFO:         2    0.451245    21940 x 1365
[2016-04-17 23:17:45,345] INFO:         3    0.450486    22182 x 1365
[2016-04-17 23:17:52,284] INFO:         4     0.45176    21966 x 1365
[2016-04-17 23:17:59,061] INFO:         5    0.450995    21961 x 1365
[2016-04-17 23:17:59,513] INFO: RMSE
[2016-04-17 23:17:59,513] INFO:       Mean: 0.450627
[2016-04-17 23:17:59,513] INFO:       Std: 0.001071
[2016-04-17 23:17:59,513] INFO: Time
[2016-04-17 23:17:59,513] INFO:       34 secs
[2016-04-17 23:17:59,513] INFO: --------------------------------------------------
[2016-04-17 23:18:13,585] INFO: tpe_transform took 0.003149 seconds
[2016-04-17 23:18:13,586] INFO: TPE using 10/10 trials with best loss 0.450020
[2016-04-17 23:18:13,587] INFO: ==================================================
[2016-04-17 23:18:13,587] INFO: Task
[2016-04-17 23:18:13,588] INFO:       [Feat@basic_linear_201604172250]_[Learner@reg_skl_ridge]_[Id@11]
[2016-04-17 23:18:13,588] INFO: Param
[2016-04-17 23:18:13,588] INFO:       alpha: 5.504049331795591
[2016-04-17 23:18:13,588] INFO:       normalize: True
[2016-04-17 23:18:13,588] INFO:       random_state: 2016
[2016-04-17 23:18:13,589] INFO: Result
[2016-04-17 23:18:13,589] INFO:       Run      RMSE        Shape
[2016-04-17 23:18:20,312] INFO:         1    0.457375    23167 x 1365
[2016-04-17 23:18:28,076] INFO:         2    0.458769    21940 x 1365
[2016-04-17 23:18:35,886] INFO:         3    0.457512    22182 x 1365
[2016-04-17 23:18:43,526] INFO:         4    0.458888    21966 x 1365
[2016-04-17 23:18:51,339] INFO:         5    0.458603    21961 x 1365
[2016-04-17 23:18:51,744] INFO: RMSE
[2016-04-17 23:18:51,745] INFO:       Mean: 0.458229
[2016-04-17 23:18:51,745] INFO:       Std: 0.000650
[2016-04-17 23:18:51,745] INFO: Time
[2016-04-17 23:18:51,745] INFO:       38 secs
[2016-04-17 23:18:51,745] INFO: --------------------------------------------------
[2016-04-17 23:19:09,237] INFO: tpe_transform took 0.005805 seconds
[2016-04-17 23:19:09,237] INFO: TPE using 11/11 trials with best loss 0.450020
[2016-04-17 23:19:09,239] INFO: ==================================================
[2016-04-17 23:19:09,239] INFO: Task
[2016-04-17 23:19:09,239] INFO:       [Feat@basic_linear_201604172250]_[Learner@reg_skl_ridge]_[Id@12]
[2016-04-17 23:19:09,239] INFO: Param
[2016-04-17 23:19:09,239] INFO:       alpha: 6.989395650355684
[2016-04-17 23:19:09,240] INFO:       normalize: False
[2016-04-17 23:19:09,240] INFO:       random_state: 2016
[2016-04-17 23:19:09,240] INFO: Result
[2016-04-17 23:19:09,240] INFO:       Run      RMSE        Shape
[2016-04-17 23:19:15,481] INFO:         1    0.449198    23167 x 1365
[2016-04-17 23:19:22,156] INFO:         2    0.451794    21940 x 1365
[2016-04-17 23:19:29,302] INFO:         3     0.45099    22182 x 1365
[2016-04-17 23:19:35,981] INFO:         4    0.452409    21966 x 1365
[2016-04-17 23:19:43,296] INFO:         5    0.451415    21961 x 1365
[2016-04-17 23:19:43,718] INFO: RMSE
[2016-04-17 23:19:43,719] INFO:       Mean: 0.451161
[2016-04-17 23:19:43,719] INFO:       Std: 0.001087
[2016-04-17 23:19:43,719] INFO: Time
[2016-04-17 23:19:43,719] INFO:       34 secs
[2016-04-17 23:19:43,719] INFO: --------------------------------------------------
[2016-04-17 23:19:59,921] INFO: tpe_transform took 0.003251 seconds
[2016-04-17 23:19:59,921] INFO: TPE using 12/12 trials with best loss 0.450020
[2016-04-17 23:19:59,923] INFO: ==================================================
[2016-04-17 23:19:59,923] INFO: Task
[2016-04-17 23:19:59,923] INFO:       [Feat@basic_linear_201604172250]_[Learner@reg_skl_ridge]_[Id@13]
[2016-04-17 23:19:59,924] INFO: Param
[2016-04-17 23:19:59,924] INFO:       alpha: 0.32648306955209977
[2016-04-17 23:19:59,924] INFO:       normalize: True
[2016-04-17 23:19:59,924] INFO:       random_state: 2016
[2016-04-17 23:19:59,924] INFO: Result
[2016-04-17 23:19:59,925] INFO:       Run      RMSE        Shape
[2016-04-17 23:20:06,895] INFO:         1    0.448428    23167 x 1365
[2016-04-17 23:20:14,082] INFO:         2    0.450238    21940 x 1365
[2016-04-17 23:20:21,375] INFO:         3    0.449203    22182 x 1365
[2016-04-17 23:20:28,937] INFO:         4    0.450563    21966 x 1365
[2016-04-17 23:20:36,643] INFO:         5    0.450013    21961 x 1365
[2016-04-17 23:20:37,047] INFO: RMSE
[2016-04-17 23:20:37,047] INFO:       Mean: 0.449689
[2016-04-17 23:20:37,048] INFO:       Std: 0.000774
[2016-04-17 23:20:37,048] INFO: Time
[2016-04-17 23:20:37,048] INFO:       37 secs
[2016-04-17 23:20:37,048] INFO: --------------------------------------------------
[2016-04-17 23:20:53,687] INFO: tpe_transform took 0.005541 seconds
[2016-04-17 23:20:53,687] INFO: TPE using 13/13 trials with best loss 0.449689
[2016-04-17 23:20:53,689] INFO: ==================================================
[2016-04-17 23:20:53,689] INFO: Task
[2016-04-17 23:20:53,689] INFO:       [Feat@basic_linear_201604172250]_[Learner@reg_skl_ridge]_[Id@14]
[2016-04-17 23:20:53,689] INFO: Param
[2016-04-17 23:20:53,689] INFO:       alpha: 0.014054540074713394
[2016-04-17 23:20:53,690] INFO:       normalize: True
[2016-04-17 23:20:53,690] INFO:       random_state: 2016
[2016-04-17 23:20:53,690] INFO: Result
[2016-04-17 23:20:53,690] INFO:       Run      RMSE        Shape
[2016-04-17 23:21:01,133] INFO:         1    0.449162    23167 x 1365
[2016-04-17 23:21:08,821] INFO:         2    0.451361    21940 x 1365
[2016-04-17 23:21:16,533] INFO:         3     0.45025    22182 x 1365
[2016-04-17 23:21:24,211] INFO:         4    0.451773    21966 x 1365
[2016-04-17 23:21:31,944] INFO:         5    0.450798    21961 x 1365
[2016-04-17 23:21:32,369] INFO: RMSE
[2016-04-17 23:21:32,369] INFO:       Mean: 0.450669
[2016-04-17 23:21:32,369] INFO:       Std: 0.000912
[2016-04-17 23:21:32,369] INFO: Time
[2016-04-17 23:21:32,370] INFO:       38 secs
[2016-04-17 23:21:32,370] INFO: --------------------------------------------------
[2016-04-17 23:21:49,495] INFO: tpe_transform took 0.003110 seconds
[2016-04-17 23:21:49,495] INFO: TPE using 14/14 trials with best loss 0.449689
[2016-04-17 23:21:49,496] INFO: ==================================================
[2016-04-17 23:21:49,497] INFO: Task
[2016-04-17 23:21:49,497] INFO:       [Feat@basic_linear_201604172250]_[Learner@reg_skl_ridge]_[Id@15]
[2016-04-17 23:21:49,497] INFO: Param
[2016-04-17 23:21:49,497] INFO:       alpha: 1.3948433610670352
[2016-04-17 23:21:49,497] INFO:       normalize: True
[2016-04-17 23:21:49,498] INFO:       random_state: 2016
[2016-04-17 23:21:49,498] INFO: Result
[2016-04-17 23:21:49,498] INFO:       Run      RMSE        Shape
[2016-04-17 23:21:56,843] INFO:         1    0.451686    23167 x 1365
[2016-04-17 23:22:04,123] INFO:         2    0.453045    21940 x 1365
[2016-04-17 23:22:11,245] INFO:         3     0.45197    22182 x 1365
[2016-04-17 23:22:18,031] INFO:         4    0.453463    21966 x 1365
[2016-04-17 23:22:25,407] INFO:         5    0.453067    21961 x 1365
[2016-04-17 23:22:25,828] INFO: RMSE
[2016-04-17 23:22:25,828] INFO:       Mean: 0.452646
[2016-04-17 23:22:25,828] INFO:       Std: 0.000690
[2016-04-17 23:22:25,829] INFO: Time
[2016-04-17 23:22:25,829] INFO:       36 secs
[2016-04-17 23:22:25,829] INFO: --------------------------------------------------
[2016-04-17 23:22:42,850] INFO: tpe_transform took 0.005447 seconds
[2016-04-17 23:22:42,850] INFO: TPE using 15/15 trials with best loss 0.449689
[2016-04-17 23:22:42,852] INFO: ==================================================
[2016-04-17 23:22:42,852] INFO: Task
[2016-04-17 23:22:42,852] INFO:       [Feat@basic_linear_201604172250]_[Learner@reg_skl_ridge]_[Id@16]
[2016-04-17 23:22:42,852] INFO: Param
[2016-04-17 23:22:42,852] INFO:       alpha: 1.1314217540769038
[2016-04-17 23:22:42,853] INFO:       normalize: True
[2016-04-17 23:22:42,853] INFO:       random_state: 2016
[2016-04-17 23:22:42,853] INFO: Result
[2016-04-17 23:22:42,853] INFO:       Run      RMSE        Shape
[2016-04-17 23:22:49,572] INFO:         1     0.45103    23167 x 1365
[2016-04-17 23:22:56,076] INFO:         2    0.452437    21940 x 1365
[2016-04-17 23:23:03,356] INFO:         3    0.451376    22182 x 1365
[2016-04-17 23:23:10,635] INFO:         4    0.452855    21966 x 1365
[2016-04-17 23:23:18,359] INFO:         5    0.452437    21961 x 1365
[2016-04-17 23:23:18,793] INFO: RMSE
[2016-04-17 23:23:18,794] INFO:       Mean: 0.452027
[2016-04-17 23:23:18,794] INFO:       Std: 0.000699
[2016-04-17 23:23:18,794] INFO: Time
[2016-04-17 23:23:18,794] INFO:       35 secs
[2016-04-17 23:23:18,794] INFO: --------------------------------------------------
[2016-04-17 23:23:35,836] INFO: tpe_transform took 0.003147 seconds
[2016-04-17 23:23:35,837] INFO: TPE using 16/16 trials with best loss 0.449689
[2016-04-17 23:23:35,838] INFO: ==================================================
[2016-04-17 23:23:35,838] INFO: Task
[2016-04-17 23:23:35,838] INFO:       [Feat@basic_linear_201604172250]_[Learner@reg_skl_ridge]_[Id@17]
[2016-04-17 23:23:35,839] INFO: Param
[2016-04-17 23:23:35,839] INFO:       alpha: 0.055435442417660664
[2016-04-17 23:23:35,839] INFO:       normalize: True
[2016-04-17 23:23:35,839] INFO:       random_state: 2016
[2016-04-17 23:23:35,839] INFO: Result
[2016-04-17 23:23:35,839] INFO:       Run      RMSE        Shape
[2016-04-17 23:23:42,894] INFO:         1     0.44807    23167 x 1365
[2016-04-17 23:23:50,011] INFO:         2    0.450101    21940 x 1365
[2016-04-17 23:23:56,393] INFO:         3    0.449057    22182 x 1365
[2016-04-17 23:24:02,734] INFO:         4    0.450424    21966 x 1365
[2016-04-17 23:24:09,708] INFO:         5    0.449658    21961 x 1365
[2016-04-17 23:24:10,130] INFO: RMSE