
[2016-05-01 02:22:02,554] INFO: tpe_transform took 0.004170 seconds
[2016-05-01 02:22:02,555] INFO: TPE using 0 trials
[2016-05-01 02:22:02,565] INFO: ==================================================
[2016-05-01 02:22:02,565] INFO: Task
[2016-05-01 02:22:02,565] INFO:       [Feat@basic_nonlinear_201605010058]_[Learner@reg_skl_rf]_[Id@1]
[2016-05-01 02:22:02,565] INFO: Param
[2016-05-01 02:22:02,565] INFO:       max_depth: 3
[2016-05-01 02:22:02,565] INFO:       max_features: 0.5
[2016-05-01 02:22:02,566] INFO:       min_samples_leaf: 6
[2016-05-01 02:22:02,566] INFO:       min_samples_split: 6
[2016-05-01 02:22:02,566] INFO:       n_estimators: 350
[2016-05-01 02:22:02,566] INFO:       n_jobs: 14
[2016-05-01 02:22:02,566] INFO:       random_state: 2016
[2016-05-01 02:22:02,566] INFO:       verbose: 0
[2016-05-01 02:22:02,566] INFO: Result
[2016-05-01 02:22:02,566] INFO:       Run      RMSE        Shape
[2016-05-01 02:22:47,571] INFO:         1      0.4648    23167 x 726
[2016-05-01 02:23:30,456] INFO:         2    0.465987    21940 x 726
[2016-05-01 02:24:14,024] INFO:         3    0.466214    22182 x 726
[2016-05-01 02:24:57,192] INFO:         4    0.465536    21966 x 726
[2016-05-01 02:25:40,371] INFO:         5     0.46643    21961 x 726
[2016-05-01 02:25:40,614] INFO: RMSE
[2016-05-01 02:25:40,614] INFO:       Mean: 0.465793
[2016-05-01 02:25:40,614] INFO:       Std: 0.000579
[2016-05-01 02:25:40,614] INFO: Time
[2016-05-01 02:25:40,614] INFO:       3 mins
[2016-05-01 02:25:40,615] INFO: --------------------------------------------------
[2016-05-01 02:27:49,139] INFO: tpe_transform took 0.004288 seconds
[2016-05-01 02:27:49,139] INFO: TPE using 1/1 trials with best loss 0.465793
[2016-05-01 02:27:49,141] INFO: ==================================================
[2016-05-01 02:27:49,141] INFO: Task
[2016-05-01 02:27:49,141] INFO:       [Feat@basic_nonlinear_201605010058]_[Learner@reg_skl_rf]_[Id@2]
[2016-05-01 02:27:49,141] INFO: Param
[2016-05-01 02:27:49,141] INFO:       max_depth: 4
[2016-05-01 02:27:49,142] INFO:       max_features: 0.5
[2016-05-01 02:27:49,142] INFO:       min_samples_leaf: 14
[2016-05-01 02:27:49,142] INFO:       min_samples_split: 5
[2016-05-01 02:27:49,142] INFO:       n_estimators: 900
[2016-05-01 02:27:49,142] INFO:       n_jobs: 14
[2016-05-01 02:27:49,142] INFO:       random_state: 2016
[2016-05-01 02:27:49,142] INFO:       verbose: 0
[2016-05-01 02:27:49,142] INFO: Result
[2016-05-01 02:27:49,143] INFO:       Run      RMSE        Shape
[2016-05-01 02:30:21,411] INFO:         1    0.457999    23167 x 726
[2016-05-01 02:32:50,893] INFO:         2    0.459189    21940 x 726
[2016-05-01 02:35:22,492] INFO:         3    0.459061    22182 x 726
[2016-05-01 02:37:52,846] INFO:         4    0.458984    21966 x 726
[2016-05-01 02:40:22,696] INFO:         5    0.459823    21961 x 726
[2016-05-01 02:40:22,940] INFO: RMSE
[2016-05-01 02:40:22,941] INFO:       Mean: 0.459011
[2016-05-01 02:40:22,941] INFO:       Std: 0.000586
[2016-05-01 02:40:22,941] INFO: Time
[2016-05-01 02:40:22,941] INFO:       12 mins
[2016-05-01 02:40:22,941] INFO: --------------------------------------------------
[2016-05-01 02:48:29,600] INFO: tpe_transform took 0.004371 seconds
[2016-05-01 02:48:29,600] INFO: TPE using 2/2 trials with best loss 0.459011
[2016-05-01 02:48:29,602] INFO: ==================================================
[2016-05-01 02:48:29,602] INFO: Task
[2016-05-01 02:48:29,602] INFO:       [Feat@basic_nonlinear_201605010058]_[Learner@reg_skl_rf]_[Id@3]
[2016-05-01 02:48:29,602] INFO: Param
[2016-05-01 02:48:29,602] INFO:       max_depth: 1
[2016-05-01 02:48:29,602] INFO:       max_features: 0.8
[2016-05-01 02:48:29,602] INFO:       min_samples_leaf: 4
[2016-05-01 02:48:29,603] INFO:       min_samples_split: 4
[2016-05-01 02:48:29,603] INFO:       n_estimators: 990
[2016-05-01 02:48:29,603] INFO:       n_jobs: 14
[2016-05-01 02:48:29,603] INFO:       random_state: 2016
[2016-05-01 02:48:29,603] INFO:       verbose: 0
[2016-05-01 02:48:29,603] INFO: Result
[2016-05-01 02:48:29,603] INFO:       Run      RMSE        Shape
[2016-05-01 02:49:44,320] INFO:         1    0.494828    23167 x 726
[2016-05-01 02:50:54,341] INFO:         2    0.496422    21940 x 726
[2016-05-01 02:52:05,715] INFO:         3    0.495892    22182 x 726
[2016-05-01 02:53:16,371] INFO:         4    0.496203    21966 x 726
[2016-05-01 02:54:27,290] INFO:         5     0.49666    21961 x 726
[2016-05-01 02:54:27,533] INFO: RMSE
[2016-05-01 02:54:27,533] INFO:       Mean: 0.496001
[2016-05-01 02:54:27,534] INFO:       Std: 0.000639