[2016-05-01 02:17:01,872] INFO: tpe_transform took 0.005844 seconds
[2016-05-01 02:17:01,872] INFO: TPE using 0 trials
[2016-05-01 02:17:01,874] INFO: ==================================================
[2016-05-01 02:17:01,875] INFO: Task
[2016-05-01 02:17:01,875] INFO:       [Feat@basic_linear_201605010104]_[Learner@reg_skl_lsvr]_[Id@1]
[2016-05-01 02:17:01,875] INFO: Param
[2016-05-01 02:17:01,875] INFO:       C: 1.248465476047504
[2016-05-01 02:17:01,875] INFO:       epsilon: 0.040350374978538495
[2016-05-01 02:17:01,876] INFO:       loss: epsilon_insensitive
[2016-05-01 02:17:01,876] INFO:       normalize: False
[2016-05-01 02:17:01,876] INFO:       random_state: 2016
[2016-05-01 02:17:01,876] INFO: Result
[2016-05-01 02:17:01,876] INFO:       Run      RMSE        Shape
[2016-05-01 02:18:18,075] INFO:         1    1.039654    23167 x 722
[2016-05-01 02:19:35,269] INFO:         2    0.654056    21940 x 722
[2016-05-01 02:20:46,716] INFO:         3     0.95333    22182 x 722
[2016-05-01 02:22:00,571] INFO:         4    0.764294    21966 x 722
[2016-05-01 02:23:16,220] INFO:         5    0.985268    21961 x 722
[2016-05-01 02:23:16,664] INFO: RMSE
[2016-05-01 02:23:16,665] INFO:       Mean: 0.879320
[2016-05-01 02:23:16,665] INFO:       Std: 0.145866
[2016-05-01 02:23:16,665] INFO: Time
[2016-05-01 02:23:16,665] INFO:       6 mins
[2016-05-01 02:23:16,665] INFO: --------------------------------------------------
[2016-05-01 02:27:26,036] INFO: tpe_transform took 0.005385 seconds
[2016-05-01 02:27:26,036] INFO: TPE using 1/1 trials with best loss 0.879320
[2016-05-01 02:27:26,037] INFO: ==================================================
[2016-05-01 02:27:26,038] INFO: Task
[2016-05-01 02:27:26,038] INFO:       [Feat@basic_linear_201605010104]_[Learner@reg_skl_lsvr]_[Id@2]
[2016-05-01 02:27:26,038] INFO: Param
[2016-05-01 02:27:26,038] INFO:       C: 1.1792505404078557
[2016-05-01 02:27:26,038] INFO:       epsilon: 0.03461872912045454
[2016-05-01 02:27:26,038] INFO:       loss: squared_epsilon_insensitive
[2016-05-01 02:27:26,038] INFO:       normalize: True
[2016-05-01 02:27:26,038] INFO:       random_state: 2016
[2016-05-01 02:27:26,039] INFO: Result
[2016-05-01 02:27:26,039] INFO:       Run      RMSE        Shape
[2016-05-01 02:29:09,691] INFO:         1    0.480497    23167 x 722
[2016-05-01 02:30:51,710] INFO:         2    0.492465    21940 x 722
[2016-05-01 02:32:34,621] INFO:         3    0.521835    22182 x 722
[2016-05-01 02:34:02,960] INFO:         4    0.483809    21966 x 722
[2016-05-01 02:35:32,863] INFO:         5    0.482911    21961 x 722
[2016-05-01 02:35:33,298] INFO: RMSE
[2016-05-01 02:35:33,298] INFO:       Mean: 0.492303
[2016-05-01 02:35:33,299] INFO:       Std: 0.015310
[2016-05-01 02:35:33,299] INFO: Time
[2016-05-01 02:35:33,299] INFO:       8 mins
[2016-05-01 02:35:33,299] INFO: --------------------------------------------------
[2016-05-01 02:40:41,486] INFO: tpe_transform took 0.006155 seconds
[2016-05-01 02:40:41,486] INFO: TPE using 2/2 trials with best loss 0.492303
[2016-05-01 02:40:41,489] INFO: ==================================================
[2016-05-01 02:40:41,489] INFO: Task
[2016-05-01 02:40:41,489] INFO:       [Feat@basic_linear_201605010104]_[Learner@reg_skl_lsvr]_[Id@3]
[2016-05-01 02:40:41,489] INFO: Param
[2016-05-01 02:40:41,489] INFO:       C: 89.89634733093055
[2016-05-01 02:40:41,490] INFO:       epsilon: 0.008623180588641687
[2016-05-01 02:40:41,490] INFO:       loss: epsilon_insensitive
[2016-05-01 02:40:41,490] INFO:       normalize: False
[2016-05-01 02:40:41,490] INFO:       random_state: 2016
[2016-05-01 02:40:41,490] INFO: Result
[2016-05-01 02:40:41,490] INFO:       Run      RMSE        Shape
[2016-05-01 02:41:51,881] INFO:         1    1.054256    23167 x 722
[2016-05-01 02:43:08,850] INFO:         2    0.652701    21940 x 722
[2016-05-01 02:44:26,393] INFO:         3    0.970773    22182 x 722
[2016-05-01 02:45:43,300] INFO:         4     0.76839    21966 x 722
[2016-05-01 02:46:56,827] INFO:         5    1.011854    21961 x 722
[2016-05-01 02:46:57,117] INFO: RMSE
[2016-05-01 02:46:57,118] INFO:       Mean: 0.891595
[2016-05-01 02:46:57,118] INFO:       Std: 0.154557
[2016-05-01 02:46:57,118] INFO: Time
[2016-05-01 02:46:57,118] INFO:       6 mins
[2016-05-01 02:46:57,118] INFO: --------------------------------------------------
[2016-05-01 02:50:59,923] INFO: tpe_transform took 0.008183 seconds
[2016-05-01 02:50:59,923] INFO: TPE using 3/3 trials with best loss 0.492303
[2016-05-01 02:50:59,926] INFO: ==================================================
[2016-05-01 02:50:59,926] INFO: Task
[2016-05-01 02:50:59,926] INFO:       [Feat@basic_linear_201605010104]_[Learner@reg_skl_lsvr]_[Id@4]
[2016-05-01 02:50:59,926] INFO: Param
[2016-05-01 02:50:59,927] INFO:       C: 2.853930642059069
[2016-05-01 02:50:59,927] INFO:       epsilon: 0.008064318465792357
[2016-05-01 02:50:59,927] INFO:       loss: epsilon_insensitive
[2016-05-01 02:50:59,927] INFO:       normalize: False
[2016-05-01 02:50:59,927] INFO:       random_state: 2016
[2016-05-01 02:50:59,928] INFO: Result
[2016-05-01 02:50:59,928] INFO:       Run      RMSE        Shape
[2016-05-01 02:52:12,212] INFO:         1    1.054511    23167 x 722
[2016-05-01 02:53:15,329] INFO:         2    0.652681    21940 x 722
[2016-05-01 02:54:23,906] INFO:         3    0.971081    22182 x 722
[2016-05-01 02:55:29,972] INFO:         4    0.768461    21966 x 722
[2016-05-01 02:56:42,625] INFO:         5    1.012324    21961 x 722
[2016-05-01 02:56:42,916] INFO: RMSE
[2016-05-01 02:56:42,917] INFO:       Mean: 0.891812
[2016-05-01 02:56:42,917] INFO:       Std: 0.154710
[2016-05-01 02:56:42,917] INFO: Time
[2016-05-01 02:56:42,917] INFO:       5 mins
[2016-05-01 02:56:42,917] INFO: --------------------------------------------------
[2016-05-01 03:01:26,688] INFO: tpe_transform took 0.008879 seconds
[2016-05-01 03:01:26,688] INFO: TPE using 4/4 trials with best loss 0.492303
[2016-05-01 03:01:26,691] INFO: ==================================================
[2016-05-01 03:01:26,691] INFO: Task
[2016-05-01 03:01:26,691] INFO:       [Feat@basic_linear_201605010104]_[Learner@reg_skl_lsvr]_[Id@5]
[2016-05-01 03:01:26,691] INF