[2016-04-23 10:48:20,891] INFO: tpe_transform took 0.000000 seconds
[2016-04-23 10:48:20,891] INFO: TPE using 0 trials
[2016-04-23 10:48:20,891] INFO: ==================================================
[2016-04-23 10:48:20,891] INFO: Task
[2016-04-23 10:48:20,891] INFO:       [Feat@basic_nonlinear_201604170111]_[Learner@reg_skl_adaboost]_[Id@1]
[2016-04-23 10:48:20,891] INFO: Param
[2016-04-23 10:48:20,891] INFO:       base_estimator: etr
[2016-04-23 10:48:20,891] INFO:       learning_rate: 0.048
[2016-04-23 10:48:20,891] INFO:       loss: square
[2016-04-23 10:48:20,891] INFO:       max_depth: 4
[2016-04-23 10:48:20,891] INFO:       max_features: 0.5
[2016-04-23 10:48:20,891] INFO:       n_estimators: 820
[2016-04-23 10:48:20,891] INFO:       random_state: 2016
[2016-04-23 10:48:20,891] INFO: Result
[2016-04-23 10:48:20,891] INFO:       Run      RMSE        Shape
[2016-04-23 11:08:45,394] INFO:         1    0.581972    23167 x 768
[2016-04-23 11:28:01,216] INFO:         2    0.585469    21940 x 768
[2016-04-23 11:34:09,516] INFO:         3    0.513441    22182 x 768
[2016-04-23 11:52:51,296] INFO:         4    0.592647    21966 x 768
[2016-04-23 12:11:43,841] INFO:         5    0.587991    21961 x 768
[2016-04-23 12:11:44,106] INFO: RMSE
[2016-04-23 12:11:44,106] INFO:       Mean: 0.572304
[2016-04-23 12:11:44,106] INFO:       Std: 0.029636
[2016-04-23 12:11:44,106] INFO: Time
[2016-04-23 12:11:44,106] INFO:       83 mins
[2016-04-23 12:11:44,122] INFO: --------------------------------------------------
[2016-04-23 13:44:44,522] INFO: tpe_transform took 0.015600 seconds
[2016-04-23 13:44:44,538] INFO: TPE using 1/1 trials with best loss 0.572304
[2016-04-23 13:44:44,554] INFO: ==================================================
[2016-04-23 13:44:44,554] INFO: Task
[2016-04-23 13:44:44,554] INFO:       [Feat@basic_nonlinear_201604170111]_[Learner@reg_skl_adaboost]_[Id@2]
[2016-04-23 13:44:44,554] INFO: Param
[2016-04-23 13:44:44,554] INFO:       base_estimator: dtr
[2016-04-23 13:44:44,554] INFO:       learning_rate: 0.018000000000000002
[2016-04-23 13:44:44,554] INFO:       loss: square
[2016-04-23 13:44:44,554] INFO:       max_depth: 1
[2016-04-23 13:44:44,554] INFO:       max_features: 0.75
[2016-04-23 13:44:44,554] INFO:       n_estimators: 230
[2016-04-23 13:44:44,554] INFO:       random_state: 2016
[2016-04-23 13:44:44,554] INFO: Result
[2016-04-23 13:44:44,554] INFO:       Run      RMSE        Shape
[2016-04-23 13:49:00,191] INFO:         1     0.49584    23167 x 768
[2016-04-23 13:52:59,089] INFO:         2    0.494936    21940 x 768
[2016-04-23 13:57:03,448] INFO:         3    0.497053    22182 x 768
[2016-04-23 14:01:03,547] INFO:         4    0.496178    21966 x 768
[2016-04-23 14:05:07,656] INFO:         5    0.498441    21961 x 768
[2016-04-23 14:05:07,968] INFO: RMSE
[2016-04-23 14:05:07,968] INFO:       Mean: 0.496490
[2016-04-23 14:05:07,968] INFO:       Std: 0.001188
[2016-04-23 14:05:07,968] INFO: Time
[2016-04-23 14:05:07,968] INFO:       20 mins
[2016-04-23 14:05:07,968] INFO: --------------------------------------------------
[2016-04-23 14:26:50,849] INFO: tpe_transform took 0.000000 seconds
[2016-04-23 14:26:50,849] INFO: TPE using 2/2 trials with best loss 0.496490
[2016-04-23 14:26:50,849] INFO: ==================================================
[2016-04-23 14:26:50,849] INFO: Task
[2016-04-23 14:26:50,849] INFO:       [Feat@basic_nonlinear_201604170111]_[Learner@reg_skl_adaboost]_[Id@3]
[2016-04-23 14:26:50,849] INFO: Param
[2016-04-23 14:26:50,849] INFO:       base_estimator: dtr
[2016-04-23 14:26:50,849] INFO:       learning_rate: 0.042
[2016-04-23 14:26:50,849] INFO:       loss: ex