[2016-05-01 01:05:56,153] INFO: tpe_transform took 0.003541 seconds
[2016-05-01 01:05:56,154] INFO: TPE using 0 trials
[2016-05-01 01:05:56,155] INFO: ==================================================
[2016-05-01 01:05:56,156] INFO: Task
[2016-05-01 01:05:56,156] INFO:       [Feat@basic_linear_201605010104]_[Learner@reg_skl_ridge]_[Id@1]
[2016-05-01 01:05:56,156] INFO: Param
[2016-05-01 01:05:56,156] INFO:       alpha: 0.11905935238376708
[2016-05-01 01:05:56,156] INFO:       normalize: False
[2016-05-01 01:05:56,157] INFO:       random_state: 2016
[2016-05-01 01:05:56,157] INFO: Result
[2016-05-01 01:05:56,157] INFO:       Run      RMSE        Shape
[2016-05-01 01:06:00,501] INFO:         1    0.448385    23167 x 722
[2016-05-01 01:06:05,282] INFO:         2     0.45126    21940 x 722
[2016-05-01 01:06:10,147] INFO:         3    0.449138    22182 x 722
[2016-05-01 01:06:15,050] INFO:         4    0.451831    21966 x 722
[2016-05-01 01:06:18,422] INFO:         5    0.449986    21961 x 722
[2016-05-01 01:06:18,755] INFO: RMSE
[2016-05-01 01:06:18,755] INFO:       Mean: 0.450120
[2016-05-01 01:06:18,756] INFO:       Std: 0.001282
[2016-05-01 01:06:18,756] INFO: Time
[2016-05-01 01:06:18,756] INFO:       22 secs
[2016-05-01 01:06:18,756] INFO: --------------------------------------------------
[2016-05-01 01:06:29,663] INFO: tpe_transform took 0.004134 seconds
[2016-05-01 01:06:29,663] INFO: TPE using 1/1 trials with best loss 0.450120
[2016-05-01 01:06:29,665] INFO: ==================================================
[2016-05-01 01:06:29,665] INFO: Task
[2016-05-01 01:06:29,665] INFO:       [Feat@basic_linear_201605010104]_[Learner@reg_skl_ridge]_[Id@2]
[2016-05-01 01:06:29,666] INFO: Param
[2016-05-01 01:06:29,666] INFO:       alpha: 6.130184285319193
[2016-05-01 01:06:29,666] INFO:       normalize: False
[2016-05-01 01:06:29,666] INFO:       random_state: 2016
[2016-05-01 01:06:29,666] INFO: Result
[2016-05-01 01:06:29,667] INFO:       Run      RMSE        Shape
[2016-05-01 01:06:34,286] INFO:         1    0.447299    23167 x 722
[2016-05-01 01:06:39,089] INFO:         2    0.449802    21940 x 722
[2016-05-01 01:06:43,978] INFO:         3    0.447642    22182 x 722
[2016-05-01 01:06:48,869] INFO:         4    0.450328    21966 x 722
[2016-05-01 01:06:53,718] INFO:         5    0.449019    21961 x 722
[2016-05-01 01:06:54,225] INFO: RMSE
[2016-05-01 01:06:54,225] INFO:       Mean: 0.448818
[2016-05-01 01:06:54,225] INFO:       Std: 0.001182
[2016-05-01 01:06:54,226] INFO: Time
[2016-05-01 01:06:54,226] INFO:       24 secs
[2016-05-01 01:06:54,226] INFO: --------------------------------------------------
[2016-05-01 01:07:06,136] INFO: tpe_transform took 0.003766 seconds
[2016-05-01 01:07:06,137] INFO: TPE using 2/2 trials with best loss 0.448818
[2016-05-01 01:07:06,139] INFO: ==================================================
[2016-05-01 01:07:06,139] INFO: Task
[2016-05-01 01:07:06,139] INFO:       [Feat@basic_linear_201605010104]_[Learner@reg_skl_ridge]_[Id@3]
[2016-05-01 01:07:06,139] INFO: Param
[2016-05-01 01:07:06,139] INFO:       alpha: 0.35035784498565103
[2016-05-01 01:07:06,140] INFO:       normalize: False
[2016-05-01 01:07:06,140] INFO:       random_state: 2016
[2016-05-01 01:07:06,140] INFO: Result
[2016-05-01 01:07:06,140] INFO:       Run      RMSE        Shape
[2016-05-01 01:07:10,459] INFO:         1    0.448134    23167 x 722
[2016-05-01 01:07:15,287] INFO:         2    0.450994    21940 x 722
[2016-05-01 01:07:20,117] INFO:         3    0.448772    22182 x 722
[2016-05-01 01:07:25,021] INFO:         4    0.451541    21966 x 722
[2016-05-01 01:07:29,800] INFO:         5    0.449723    21961 x 722
[2016-05-01 01:07:30,315] INFO: RMSE
[2016-05-01 01:07:30,316] INFO:       Mean: 0.449833
[2016-05-01 01:07:30,316] INFO:       Std: 0.001287
[2016-05-01 01:07:30,316] INFO: Time
[2016-05-01 01:07:30,316] INFO:       24 secs
[2016-05-01 01:07:30,316] INFO: --------------------------------------------------
[2016-05-01 01:07:41,616] INFO: tpe_transform took 0.004209 seconds
[2016-05-01 01:07:41,617] INFO: TPE using 3/3 trials with best loss 0.448818
[2016-05-01 01:07:41,618] INFO: ==================================================
[2016-05-01 01:07:41,619] INFO: Task
[2016-05-01 01:07:41,619] INFO:       [Feat@basic_linear_201605010104]_[Learner@reg_skl_ridge]_[Id@4]
[2016-05-01 01:07:41,619] INFO: Param
[2016-05-01 01:07:41,619] INFO:       alpha: 0.014868099658110312
[2016-05-01 01:07:41,619] INFO:       normalize: True
[2016-05-01 01:07:41,620] INFO:       random_state: 2016
[2016-05-01 01:07:41,620] INFO: Result
[2016-05-01 01:07:41,620] INFO:       Run      RMSE        Shape
[2016-05-01 01:07:46,352] INFO:         1    0.446479    23167 x 722
[2016-05-01 01:07:51,497] INFO:         2     0.44909    21940 x 722
[2016-05-01 01:07:56,640] INFO:         3    0.446483    22182 x 722
[2016-05-01 01:08:01,770] INFO:         4    0.449014    21966 x 722
[2016-05-01 01:08:05,759] INFO:         5    0.448036    21961 x 722
[2016-05-01 01:08:06,121] INFO: RMSE
[2016-05-01 01:08:06,121] INFO:       Mean: 0.447820
[2016-05-01 01:08:06,121] INFO:       Std: 0.001155
[2016-05-01 01:08:06,121] INFO: Time
[2016-05-01 01:08:06,122] INFO:       24 secs
[2016-05-01 01:08:06,122] INFO: --------------------------------------------------
[2016-05-01 01:08:16,337] INFO: tpe_transform took 0.003912 seconds
[2016-05-01 01:08:16,337] INFO: TPE using 4/4 trials with best loss 0.447820
[2016-05-01 01:08:16,339] INFO: ==================================================
[2016-05-01 01:08:16,339] INFO: Task
[2016-05-01 01:08:16,339] INFO:       [Feat@basic_linear_201605010104]_[Learner@reg_skl_ridge]_[Id@5]
[2016-05-01 01:08:16,340] INFO: Param
[2016-05-01 01:08:16,340] INFO:       alpha: 4.120982235798721
[2016-05-01 01:08:16,340] INFO:       normalize: False
[2016-05-01 01:08:16,340] INFO:       random_state: 2016
[2016-05-01 01:08:16,340] INFO: Result
[2016-05-01 01:08:16,341] INFO:       Run      RMSE        Shape
[2016-05-01 01:08:20,679] INFO:         1    0.447405    23167 x 722
[2016-05-01 01:08:25,350] INFO:         2    0.449987    21940 x 722
[2016-05-01 01:08:30,155] INFO:         3      0.4478    22182 x 722
[2016-05-01 01:08:35,034] INFO:         4    0.450525    21966 x 722
[2016-05-01 01:08:39,986] INFO:         5    0.449098    21961 x 722
[2016-05-01 01:08:40,518] INFO: RMSE
[2016-05-01 01:08:40,519] INFO:       Mean: 0.448963
[2016-05-01 01:08:40,519] INFO:       Std: 0.001207
[2016-05-01 01:08:40,519] INFO: Time
[2016-05-01 01:08:40,519] INFO:       24 secs
[2016-05-01 01:08:40,520] INFO: --------------------------------------------------
[2016-05-01 01:08:52,441] INFO: tpe_transform took 0.004296 seconds
[2016-05-01 01:08:52,441] INFO: TPE using 5/5 trials with best loss 0.447820
[2016-05-01 01:08:52,443] INFO: ==================================================
[2016-05-01 01:08:52,443] INFO: Task
[2016-05-01 01:08:52,443] INFO:       [Feat@basic_linear_201605010104]_[Learner@reg_skl_ridge]_[Id@6]
[2016-05-01 01:08:52,443] INFO: Param
[2016-05-01 01:08:52,444] INFO:       alpha: 12.326137096983313
[2016-05-01 01:08:52,444] INFO:       normalize: False
[2016-05-01 01:08:52,444] INFO:       random_state: 2016
[2016-05-01 01:08:52,444] INFO: Result
[2016-05-01 01:08:52,444] INFO:       Run      RMSE        Shape
[2016-05-01 01:08:56,887] INFO:         1    0.447193    23167 x 722
[2016-05-01 01:09:01,778] INFO:         2    0.449526    21940 x 722
[2016-05-01 01:09:06,743] INFO:         3    0.447416    22182 x 722
[2016-05-01 01:09:11,560] INFO:         4    0.450023    21966 x 722
[2016-05-01 01:09:16,406] INFO:         5     0.44892    21961 x 722
[2016-05-01 01:09:16,934] INFO: RMSE
[2016-05-01 01:09:16,934] INFO:       Mean: 0.448615
[2016-05-01 01:09:16,934] INFO:       Std: 0.001128
[2016-05-01 01:09:16,934] INFO: Time
[2016-05-01 01:09:16,934] INFO:       24 secs
[2016-05-01 01:09:16,935] INFO: --------------------------------------------------
[2016-05-01 01:09:28,636] INFO: tpe_transform took 0.004062 seconds
[2016-05-01 01:09:28,637] INFO: TPE using 6/6 trials with best loss 0.447820
[2016-05-01 01:09:28,638] INFO: ==================================================
[2016-05-01 01:09:28,639] INFO: Task
[2016-05-01 01:09:28,639] INFO:       [Feat@basic_linear_201605010104]_[Learner@reg_skl_ridge]_[Id@7]
[2016-05-01 01:09:28,639] INFO: Param
[2016-05-01 01:09:28,639] INFO:       alpha: 0.11736482156559302
[2016-05-01 01:09:28,639] INFO:       normalize: True
[2016-05-01 01:09:28,640] INFO:       random_state: 2016
[2016-05-01 01:09:28,640] INFO: Result
[2016-05-01 01:09:28,640] INFO:       Run      RMSE        Shape
[2016-05-01 01:09:33,334] INFO:         1    0.446591    23167 x 722
[2016-05-01 01:09:38,351] INFO:         2     0.44871    21940 x 722
[2016-05-01 01:09:42,912] INFO:         3    0.446424    22182 x 722
[2016-05-01 01:09:47,727] INFO:         4    0.448673    21966 x 722
[2016-05-01 01:09:52,687] INFO:         5    0.448111    21961 x 722
[2016-05-01 01:09:53,199] INFO: RMSE
[2016-05-01 01:09:53,200] INFO:       Mean: 0.447702
[2016-05-01 01:09:53,200] INFO:       Std: 0.001000
[2016-05-01 01:09:53,200] INFO: Time
[2016-05-01 01:09:53,200] INFO:       24 secs
[2016-05-01 01:09:53,201] INFO: --------------------------------------------------
[2016-05-01 01:10:05,348] INFO: tpe_transform took 0.004873 seconds
[2016-05-01 01:10:05,349] INFO: TPE using 7/7 trials with best loss 0.447702
[2016-05-01 01:10:05,351] INFO: ==================================================
[2016-05-01 01:10:05,351] INFO: Task
[2016-05-01 01:10:05,351] INFO:       [Feat@basic_linear_201605010104]_[Learner@reg_skl_ridge]_[Id@8]
[2016-05-01 01:10:05,351] INFO: Param
[2016-05-01 01:10:05,352] INFO:       alpha: 17.470312386348283
[2016-05-01 01:10:05,352] INFO:       normalize: False
[2016-05-01 01:10:05,352] INFO:       random_state: 2016
[2016-05-01 01:10:05,352] INFO: Result
[2016-05-01 01:10:05,353] INFO:       Run      RMSE        Shape
[2016-05-01 01:10:09,690] INFO:         1    0.447193    23167 x 722
[2016-05-01 01:10:14,474] INFO:         2    0.449429    21940 x 722
[2016-05-01 01:10:19,298] INFO:         3    0.447343    22182 x 722
[2016-05-01 01:10:24,131] INFO:         4    0.449911    21966 x 722
[2016-05-01 01:10:28,936] INFO:         5    0.448902    21961 x 722
[2016-05-01 01:10:29,466] INFO: RMSE
[2016-05-01 01:10:29,466] INFO:       Mean: 0.448556
[2016-05-01 01:10:29,467] INFO:       Std: 0.001100
[2016-05-01 01:10:29,467] INFO: Time
[2016-05-01 01:10:29,467] INFO:       24 secs
[2016-05-01 01:10:29,467] INFO: --------------------------------------------------
[2016-05-01 01:10:41,146] INFO: tpe_transform took 0.004001 seconds
[2016-05-01 01:10:41,147] INFO: TPE using 8/8 trials with best loss 0.447702
[2016-05-01 01:10:41,149] INFO: ==================================================
[2016-05-01 01:10:41,149] INFO: Task
[2016-05-01 01:10:41,149] INFO:       [Feat@basic_linear_201605010104]_[Learner@reg_skl_ridge]_[Id@9]
[2016-05-01 01:10:41,149] INFO: Param
[2016-05-01 01:10:41,150] INFO:       alpha: 0.09898723755002327
[2016-05-01 01:10:41,150] INFO:       normalize: True
[2016-05-01 01:10:41,150] INFO:       random_state: 2016
[2016-05-01 01:10:41,150] INFO: Result
[2016-05-01 01:10:41,150] INFO:       Run      RMSE        Shape
[2016-05-01 01:10:45,584] INFO:         1    0.446519    23167 x 722
[2016-05-01 01:10:50,596] INFO:         2    0.448663    21940 x 722
[2016-05-01 01:10:55,704] INFO:         3    0.446353    22182 x 722
[2016-05-01 01:11:00,432] INFO:         4    0.448628    21966 x 722
[2016-05-01 01:11:05,367] INFO:         5    0.448029    21961 x 722
[2016-05-01 01:11:05,878] INFO: RMSE
[2016-05-01 01:11:05,878] INFO:       Mean: 0.447638
[2016-05-01 01:11:05,878] INFO:       Std: 0.001009
[2016-05-01 01:11:05,879] INFO: Time
[2016-05-01 01:11:05,879] INFO:       24 secs
[2016-05-01 01:11:05,879] INFO: --------------------------------------------------
[2016-05-01 01:11:18,436] INFO: tpe_transform took 0.004600 seconds
[2016-05-01 01:11:18,436] INFO: TPE using 9/9 trials with best loss 0.447638
[2016-05-01 01:11:18,438] INFO: ==================================================
[2016-05-01 01:11:18,438] INFO: Task
[2016-05-01 01:11:18,438] INFO:       [Feat@basic_linear_201605010104]_[Learner@reg_skl_ridge]_[Id@10]
[2016-05-01 01:11:18,438] INFO: Param
[2016-05-01 01:11:18,439] INFO:       alpha: 2.3641744580162634
[2016-05-01 01:11:18,439] INFO:       normalize: False
[2016-05-01 01:11:18,439] INFO:       random_state: 2016
[2016-05-01 01:11:18,439] INFO: Result
[2016-05-01 01:11:18,439] INFO:       Run      RMSE        Shape
[2016-05-01 01:11:22,824] INFO:         1    0.447579    23167 x 722
[2016-05-01 01:11:27,789] INFO:         2    0.450255    21940 x 722
[2016-05-01 01:11:32,754] INFO:         3    0.448034    22182 x 722
[2016-05-01 01:11:37,759] INFO:         4    0.450802    21966 x 722
[2016-05-01 01:11:42,568] INFO:         5    0.449222    21961 x 722
[2016-05-01 01:11:43,106] INFO: RMSE
[2016-05-01 01:11:43,106] INFO:       Mean: 0.449178
[2016-05-01 01:11:43,106] INFO:       Std: 0.001238
[2016-05-01 01:11:43,106] INFO: Time
[2016-05-01 01:11:43,107] INFO:       24 secs
[2016-05-01 01:11:43,107] INFO: --------------------------------------------------
[2016-05-01 01:11:54,728] INFO: tpe_transform took 0.004258 seconds
[2016-05-01 01:11:54,728] INFO: TPE using 10/10 trials with best loss 0.447638
[2016-05-01 01:11:54,730] INFO: ==================================================
[2016-05-01 01:11:54,731] INFO: Task
[2016-05-01 01:11:54,731] INFO:       [Feat@basic_linear_201605010104]_[Learner@reg_skl_ridge]_[Id@11]
[2016-05-01 01:11:54,731] INFO: Param
[2016-05-01 01:11:54,731] INFO:       alpha: 1.6146437516957601
[2016-05-01 01:11:54,731] INFO:       normalize: True
[2016-05-01 01:11:54,732] INFO:       random_state: 2016
[2016-05-01 01:11:54,732] INFO: Result
[2016-05-01 01:11:54,732] INFO:       Run      RMSE        Shape
[2016-05-01 01:11:59,419] INFO:         1    0.451931    23167 x 722
[2016-05-01 01:12:04,626] INFO:         2    0.453531    21940 x 722
[2016-05-01 01:12:09,730] INFO:         3    0.451942    22182 x 722
[2016-05-01 01:12:14,840] INFO:         4    0.453778    21966 x 722
[2016-05-01 01:12:19,932] INFO:         5    0.453351    21961 x 722
[2016-05-01 01:12:20,472] INFO: RMSE
[2016-05-01 01:12:20,473] INFO:       Mean: 0.452907
[2016-05-01 01:12:20,473] INFO:       Std: 0.000804
[2016-05-01 01:12:20,473] INFO: Time
[2016-05-01 01:12:20,473] INFO:       25 secs
[2016-05-01 01:12:20,474] INFO: --------------------------------------------------
[2016-05-01 01:12:32,987] INFO: tpe_transform took 0.003834 seconds
[2016-05-01 01:12:32,987] INFO: TPE using 11/11 trials with best loss 0.447638
[2016-05-01 01:12:32,989] INFO: ==================================================
[2016-05-01 01:12:32,989] INFO: Task
[2016-05-01 01:12:32,989] INFO:       [Feat@basic_linear_201605010104]_[Learner@reg_skl_ridge]_[Id@12]
[2016-05-01 01:12:32,990] INFO: Param
[2016-05-01 01:12:32,990] INFO:       alpha: 0.1752887723155727
[2016-05-01 01:12:32,990] INFO:       normalize: False
[2016-05-01 01:12:32,990] INFO:       random_state: 2016
[2016-05-01 01:12:32,990] INFO: Result
[2016-05-01 01:12:32,991] INFO:       Run      RMSE        Shape
[2016-05-01 01:12:37,380] INFO:         1    0.448298    23167 x 722
[2016-05-01 01:12:42,170] INFO:         2    0.451176    21940 x 722
[2016-05-01 01:12:46,995] INFO:         3    0.449008    22182 x 722
[2016-05-01 01:12:51,763] INFO:         4    0.451733    21966 x 722
[2016-05-01 01:12:56,599] INFO:         5    0.449903    21961 x 722
[2016-05-01 01:12:57,108] INFO: RMSE
[2016-05-01 01:12:57,108] INFO:       Mean: 0.450023
[2016-05-01 01:12:57,109] INFO:       Std: 0.001286
[2016-05-01 01:12:57,109] INFO: Time
[2016-05-01 01:12:57,109] INFO:       24 secs
[2016-05-01 01:12:57,109] INFO: --------------------------------------------------
[2016-05-01 01:13:08,553] INFO: tpe_transform took 0.004115 seconds
[2016-05-01 01:13:08,553] INFO: TPE using 12/12 trials with best loss 0.447638
[2016-05-01 01:13:08,555] INFO: ==================================================
[2016-05-01 01:13:08,555] INFO: Task
[2016-05-01 01:13:08,556] INFO:       [Feat@basic_linear_201605010104]_[Learner@reg_skl_ridge]_[Id@13]
[2016-05-01 01:13:08,556] INFO: Param
[2016-05-01 01:13:08,556] INFO:       alpha: 8.263334275879497
[2016-05-01 01:13:08,556] INFO:       normalize: True
[2016-05-01 01:13:08,556] INFO:       random_state: 2016
[2016-05-01 01:13:08,557] INFO: Result
[2016-05-01 01:13:08,557] INFO:       Run      RMSE        Shape
[2016-05-01 01:13:13,249] INFO:         1    0.461151    23167 x 722
[2016-05-01 01:13:16,300] INFO:         2    0.462722    21940 x 722
[2016-05-01 01:13:19,877] INFO:         3    0.461256    22182 x 722
[2016-05-01 01:13:23,737] INFO:         4    0.462671    21966 x 722
[2016-05-01 01:13:26,555] INFO:         5    0.462413    21961 x 722
[2016-05-01 01:13:26,892] INFO: RMSE
[2016-05-01 01:13:26,893] INFO:       Mean: 0.462043
[2016-05-01 01:13:26,893] INFO:       Std: 0.000694
[2016-05-01 01:13:26,893] INFO: Time
[2016-05-01 01:13:26,893] INFO:       18 secs
[2016-05-01 01:13:26,893] INFO: --------------------------------------------------
[2016-05-01 01:13:39,270] INFO: tpe_transform took 0.005294 seconds
[2016-05-01 01:13:39,270] INFO: TPE using 13/13 trials with best loss 0.447638
[2016-05-01 01:13:39,272] INFO: ==================================================
[2016-05-01 01:13:39,272] INFO: Task
[2016-05-01 01:13:39,273] INFO:       [Feat@basic_linear_201605010104]_[Learner@reg_skl_ridge]_[Id@14]
[2016-05-01 01:13:39,273] INFO: Param
[2016-05-01 01:13:39,273] INFO:       alpha: 0.21159364826276694
[2016-05-01 01:13:39,273] INFO:       normalize: False
[2016-05-01 01:13:39,274] INFO:       random_state: 2016
[2016-05-01 01:13:39,274] INFO: Result
[2016-05-01 01:13:39,274] INFO:       Run      RMSE        Shape
[2016-05-01 01:13:43,883] INFO:         1    0.448255    23167 x 722
[2016-05-01 01:13:48,427] INFO:         2     0.45113    21940 x 722
[2016-05-01 01:13:53,027] INFO:         3    0.448944    22182 x 722
[2016-05-01 01:13:58,210] INFO:         4    0.451683    21966 x 722
[2016-05-01 01:14:01,576] INFO:         5    0.449858    21961 x 722
[2016-05-01 01:14:01,939] INFO: RMSE
[2016-05-01 01:14:01,940] INFO:       Mean: 0.449974
[2016-05-01 01:14:01,940] INFO:       Std: 0.001287
[2016-05-01 01:14:01,940] INFO: Time
[2016-05-01 01:14:01,940] INFO:       22 secs
[2016-05-01 01:14:01,940] INFO: --------------------------------------------------
[2016-05-01 01:14:13,910] INFO: tpe_transform took 0.004742 seconds
[2016-05-01 01:14:13,911] INFO: TPE using 14/14 trials with best loss 0.447638
[2016-05-01 01:14:13,912] INFO: ==================================================
[2016-05-01 01:14:13,913] INFO: Task
[2016-05-01 01:14:13,913] INFO:       [Feat@basic_linear_201605010104]_[Learner@reg_skl_ridge]_[Id@15]
[2016-05-01 01:14:13,913] INFO: Param
[2016-05-01 01:14:13,913] INFO:       alpha: 1.3502005148804526
[2016-05-01 01:14:13,913] INFO:       normalize: False
[2016-05-01 01:14:13,914] INFO:       random_state: 2016
[2016-05-01 01:14:13,914] INFO: Result
[2016-05-01 01:14:13,914] INFO:       Run      RMSE        Shape
[2016-05-01 01:14:18,303] INFO:         1    0.447759    23167 x 722
[2016-05-01 01:14:23,347] INFO:         2    0.450508    21940 x 722
[2016-05-01 01:14:28,511] INFO:         3    0.448266    22182 x 722
[2016-05-01 01:14:32,910] INFO:         4    0.451059    21966 x 722
[2016-05-01 01:14:35,650] INFO:         5    0.449358    21961 x 722
[2016-05-01 01:14:36,159] INFO: RMSE
[2016-05-01 01:14:36,160] INFO:       Mean: 0.449390
[2016-05-01 01:14:36,160] INFO:       Std: 0.001262
[2016-05-01 01:14:36,161] INFO: Time
[2016-05-01 01:14:36,161] INFO:       22 secs
[2016-05-01 01:14:36,161] INFO: --------------------------------------------------
[2016-05-01 01:14:48,832] INFO: tpe_transform took 0.004372 seconds
[2016-05-01 01:14:48,833] INFO: TPE using 15/15 trials with best loss 0.447638
[2016-05-01 01:14:48,834] INFO: ==================================================
[2016-05-01 01:14:48,834] INFO: Task
[2016-05-01 01:14:48,835] INFO:       [Feat@basic_linear_201605010104]_[Learner@reg_skl_ridge]_[Id@16]
[2016-05-01 01:14:48,835] INFO: Param
[2016-05-01 01:14:48,835] INFO:       alpha: 0.5624217807263221
[2016-05-01 01:14:48,835] INFO:       normalize: False
[2016-05-01 01:14:48,835] INFO:       random_state: 2016
[2016-05-01 01:14:48,835] INFO: Result
[2016-05-01 01:14:48,836] INFO:       Run      RMSE        Shape
[2016-05-01 01:14:53,788] INFO:         1    0.448013    23167 x 722
[2016-05-01 01:14:59,188] INFO:         2    0.450845    21940 x 722
[2016-05-01 01:15:04,572] INFO:         3    0.448604    22182 x 722
[2016-05-01 01:15:09,943] INFO:         4    0.451392    21966 x 722
[2016-05-01 01:15:15,005] INFO:         5    0.449592    21961 x 722
[2016-05-01 01:15:15,525] INFO: RMSE
[2016-05-01 01:15:15,525] INFO:       Mean: 0.449689
[2016-05-01 01:15:15,525] INFO:       Std: 0.001283
[2016-05-01 01:15:15,525] INFO: Time
[2016-05-01 01:15:15,526] INFO:       26 secs
[2016-05-01 01:15:15,526] INFO: --------------------------------------------------
[2016-05-01 01:15:25,307] INFO: tpe_transform took 0.004714 seconds
[2016-05-01 01:15:25,308] INFO: TPE using 16/16 trials with best loss 0.447638
[2016-05-01 01:15:25,310] INFO: ==================================================
[2016-05-01 01:15:25,310] INFO: Task
[2016-05-01 01:15:25,310] INFO:       [Feat@basic_linear_201605010104]_[Learner@reg_skl_ridge]_[Id@17]
[2016-05-01 01:15:25,310] INFO: Param
[2016-05-01 01:15:25,310] INFO:       alpha: 0.4184023141968039
[2016-05-01 01:15:25,311] INFO:       normalize: False
[2016-05-01 01:15:25,311] INFO:       random_state: 2016
[2016-05-01 01:15:25,311] INFO: Result
[2016-05-01 01:15:25,311] INFO:       Run      RMSE        Shape
[2016-05-01 01:15:30,277] INFO:         1    0.448089    23167 x 722
[2016-05-01 01:15:35,609] INFO:         2    0.450941    21940 x 722
[2016-05-01 01:15:40,555] INFO:         3     0.44871    22182 x 722
[2016-05-01 01:15:45,426] INFO:         4    0.451487    21966 x 722
[2016-05-01 01:15:50,220] INFO:         5    0.449674    21961 x 722
[2016-05-01 01:15:50,712] INFO: RMSE
[2016-05-01 01:15:50,712] INFO:       Mean: 0.449780
[2016-05-01 01:15:50,712] INFO:       Std: 0.001287
[2016-05-01 01:15:50,712] INFO: Time
[2016-05-01 01:15:50,713] INFO:       25 secs
[2016-05-01 01:15:50,713] INFO: --------------------------------------------------
[2016-05-01 01:16:02,506] INFO: tpe_transform took 0.004376 seconds
[2016-05-01 01:16:02,506] INFO: TPE using 17/17 trials with best loss 0.447638
[2016-05-01 01:16:02,508] INFO: ==================================================
[2016-05-01 01:16:02,508] INFO: Task
[2016-05-01 01:16:02,508] INFO:       [Feat@basic_linear_201605010104]_[Learner@reg_skl_ridge]_[Id@18]
[2016-05-01 01:16:02,508] INFO: Param
[2016-05-01 01:16:02,508] INFO:       alpha: 0.1543769163646426
[2016-05-01 01:16:02,509] INFO:       normalize: True
[2016-05-01 01:16:02,509] INFO:       random_state: 2016
[2016-05-01 01:16:02,509] INFO: Result
[2016-05-01 01:16:02,509] INFO:       Run      RMSE        Shape
[2016-05-01 01:16:07,241] INFO:         1    0.446744    23167 x 722
[2016-05-01 01:16:12,186] INFO:         2    0.448826    21940 x 722
[2016-05-01 01:16:17,150] INFO:         3    0.446581    22182 x 722
[2016-05-01 01:16:20,688] INFO:         4    0.448789    21966 x 722
[2016-05-01 01:16:25,561] INFO:         5    0.448281    21961 x 722
[2016-05-01 01:16:26,059] INFO: RMSE
[2016-05-01 01:16:26,059] INFO:       Mean: 0.447844
[2016-05-01 01:16:26,059] INFO:       Std: 0.000985
[2016-05-01 01:16:26,059] INFO: Time
[2016-05-01 01:16:26,059] INFO:       23 secs
[2016-05-01 01:16:26,060] INFO: --------------------------------------------------
[2016-05-01 01:16:38,623] INFO: tpe_transform took 0.003159 seconds
[2016-05-01 01:16:38,624] INFO: TPE using 18/18 trials with best loss 0.447638
[2016-05-01 01:16:38,625] INFO: ==================================================
[2016-05-01 01:16:38,625] INFO: Task
[2016-05-01 01:16:38,626] INFO:       [Feat@basic_linear_201605010104]_[Learner@reg_skl_ridge]_[Id@19]
[2016-05-01 01:16:38,626] INFO: Param
[2016-05-01 01:16:38,626] INFO:       alpha: 0.1757599655438624
[2016-05-01 01:16:38,626] INFO:       normalize: True
[2016-05-01 01:16:38,626] INFO:       random_state: 2016
[2016-05-01 01:16:38,627] INFO: Result
[2016-05-01 01:16:38,627] INFO:       Run      RMSE        Shape
[2016-05-01 01:16:43,291] INFO:         1    0.446836    23167 x 722
[2016-05-01 01:16:47,935] INFO:         2    0.448899    21940 x 722
[2016-05-01 01:16:52,599] INFO:         3    0.446677    22182 x 722
[2016-05-01 01:16:57,598] INFO:         4    0.448865    21966 x 722
[2016-05-01 01:17:02,531] INFO:         5    0.448381    21961 x 722
[2016-05-01 01:17:02,993] INFO: RMSE
[2016-05-01 01:17:02,994] INFO:       Mean: 0.447931
[2016-05-01 01:17:02,994] INFO:       Std: 0.000978
[2016-05-01 01:17:02,994] INFO: Time
[2016-05-01 01:17:02,995] INFO:       24 secs
[2016-05-01 01:17:02,995] INFO: --------------------------------------------------
[2016-05-01 01:17:15,563] INFO: tpe_transform took 0.003599 seconds
[2016-05-01 01:17:15,563] INFO: TPE using 19/19 trials with best loss 0.447638
[2016-05-01 01:17:15,564] INFO: ==================================================
[2016-05-01 01:17:15,565] INFO: Task
[2016-05-01 01:17:15,565] INFO:       [Feat@basic_linear_201605010104]_[Learner@reg_skl_ridge]_[Id@20]
[2016-05-01 01:17:15,565] INFO: Param
[2016-05-01 01:17:15,565] INFO:       alpha: 0.03009705158718449
[2016-05-01 01:17:15,565] INFO:       normalize: True
[2016-05-01 01:17:15,565] INFO:       random_state: 2016
[2016-05-01 01:17:15,566] INFO: Result
[2016-05-01 01:17:15,566] INFO:       Run      RMSE        Shape
[2016-05-01 01:17:20,059] INFO:         1    0.446364    23167 x 722
[2016-05-01 01:17:24,963] INFO:         2    0.448763    21940 x 722
[2016-05-01 01:17:29,784] INFO:         3     0.44627    22182 x 722
[2016-05-01 01:17:34,628] INFO:         4    0.448724    21966 x 722
[2016-05-01 01:17:37,659] INFO:         5    0.447853    219